[0.140s] Invoking command in '/home/luke/LKMCANNODE/build/LKMCANNODE': CMAKE_PREFIX_PATH=/opt/ros/humble /usr/bin/cmake --build /home/luke/LKMCANNODE/build/LKMCANNODE -- -j4 -l4
[0.238s] [35m[1mConsolidate compiler generated dependencies of target lkmcannode[0m
[0.291s] [ 50%] [32mBuilding CXX object CMakeFiles/lkmcannode.dir/src/lkmcannode.cpp.o[0m
[6.209s] [01m[K/home/luke/LKMCANNODE/src/lkmcannode.cpp:20:5:[m[K [01;31m[Kerror: [m[K‘[01m[KMotorOffCommand[m[K’ does not name a type
[6.210s]    20 |     [01;31m[KMotorOffCommand[m[K createMotorOffCommand() {
[6.210s]       |     [01;31m[K^~~~~~~~~~~~~~~[m[K
[6.215s] [01m[K/home/luke/LKMCANNODE/src/lkmcannode.cpp:26:5:[m[K [01;31m[Kerror: [m[K‘[01m[KMotorOnCommand[m[K’ does not name a type
[6.215s]    26 |     [01;31m[KMotorOnCommand[m[K createMotorOnCommand() {
[6.215s]       |     [01;31m[K^~~~~~~~~~~~~~[m[K
[6.221s] [01m[K/home/luke/LKMCANNODE/src/lkmcannode.cpp:32:5:[m[K [01;31m[Kerror: [m[K‘[01m[KMotorStopCommand[m[K’ does not name a type
[6.222s]    32 |     [01;31m[KMotorStopCommand[m[K createMotorStopCommand() {
[6.222s]       |     [01;31m[K^~~~~~~~~~~~~~~~[m[K
[6.230s] [01m[K/home/luke/LKMCANNODE/src/lkmcannode.cpp:38:5:[m[K [01;31m[Kerror: [m[K‘[01m[KOpenLoopControlCommand[m[K’ does not name a type
[6.230s]    38 |     [01;31m[KOpenLoopControlCommand[m[K createOpenLoopControlCommand(int16_t powerControl) {
[6.230s]       |     [01;31m[K^~~~~~~~~~~~~~~~~~~~~~[m[K
[6.240s] [01m[K/home/luke/LKMCANNODE/src/lkmcannode.cpp:44:5:[m[K [01;31m[Kerror: [m[K‘[01m[KSpeedClosedLoopControlCommand[m[K’ does not name a type
[6.240s]    44 |     [01;31m[KSpeedClosedLoopControlCommand[m[K createSpeedClosedLoopControlCommand(int32_t speedControl) {
[6.240s]       |     [01;31m[K^~~~~~~~~~~~~~~~~~~~~~~~~~~~~[m[K
[6.250s] [01m[K/home/luke/LKMCANNODE/src/lkmcannode.cpp:50:5:[m[K [01;31m[Kerror: [m[K‘[01m[KMultiLoopAngleControl1Command[m[K’ does not name a type
[6.250s]    50 |     [01;31m[KMultiLoopAngleControl1Command[m[K createMultiLoopAngleControl1Command(int32_t angleControl, int16_t maxSpeed) {
[6.251s]       |     [01;31m[K^~~~~~~~~~~~~~~~~~~~~~~~~~~~~[m[K
[6.260s] [01m[K/home/luke/LKMCANNODE/src/lkmcannode.cpp:56:5:[m[K [01;31m[Kerror: [m[K‘[01m[KMultiLoopAngleControl2Command[m[K’ does not name a type
[6.260s]    56 |     [01;31m[KMultiLoopAngleControl2Command[m[K createMultiLoopAngleControl2Command(int32_t angleControl, uint16_t maxSpeed) {
[6.261s]       |     [01;31m[K^~~~~~~~~~~~~~~~~~~~~~~~~~~~~[m[K
[6.271s] [01m[K/home/luke/LKMCANNODE/src/lkmcannode.cpp:62:5:[m[K [01;31m[Kerror: [m[K‘[01m[KSingleLoopAngleControl1Command[m[K’ does not name a type
[6.271s]    62 |     [01;31m[KSingleLoopAngleControl1Command[m[K createSingleLoopAngleControl1Command(uint8_t spinDirection, uint32_t angleControl) {
[6.272s]       |     [01;31m[K^~~~~~~~~~~~~~~~~~~~~~~~~~~~~~[m[K
[6.281s] [01m[K/home/luke/LKMCANNODE/src/lkmcannode.cpp:68:5:[m[K [01;31m[Kerror: [m[K‘[01m[KSingleLoopAngleControl2Command[m[K’ does not name a type
[6.282s]    68 |     [01;31m[KSingleLoopAngleControl2Command[m[K createSingleLoopAngleControl2Command(uint8_t spinDirection, uint32_t angleControl, uint16_t maxSpeed) {
[6.282s]       |     [01;31m[K^~~~~~~~~~~~~~~~~~~~~~~~~~~~~~[m[K
[6.282s] [01m[K/home/luke/LKMCANNODE/src/lkmcannode.cpp:[m[K In constructor ‘[01m[KBLDCMotor::BLDCMotor(uint8_t)[m[K’:
[6.282s] [01m[K/home/luke/LKMCANNODE/src/lkmcannode.cpp:17:34:[m[K [01;31m[Kerror: [m[Kclass ‘[01m[KBLDCMotor[m[K’ does not have any field named ‘[01m[KmotorId_[m[K’
[6.283s]    17 |     BLDCMotor(uint8_t motorId) : [01;31m[KmotorId_[m[K(motorId) {}
[6.283s]       |                                  [01;31m[K^~~~~~~~[m[K
[6.297s] [01m[K/home/luke/LKMCANNODE/src/lkmcannode.cpp:[m[K In member function ‘[01m[Kvoid BLDCMotor::sendClearErrorStateCommand()[m[K’:
[6.298s] [01m[K/home/luke/LKMCANNODE/src/lkmcannode.cpp:76:5:[m[K [01;31m[Kerror: [m[K‘[01m[KClearErrorStateCommand[m[K’ was not declared in this scope; did you mean ‘[01m[KsendClearErrorStateCommand[m[K’?
[6.298s]    76 |     [01;31m[KClearErrorStateCommand[m[K command;
[6.298s]       |     [01;31m[K^~~~~~~~~~~~~~~~~~~~~~[m[K
[6.298s]       |     [32m[KsendClearErrorStateCommand[m[K
[6.308s] [01m[K/home/luke/LKMCANNODE/src/lkmcannode.cpp:77:5:[m[K [01;31m[Kerror: [m[K‘[01m[Kcommand[m[K’ was not declared in this scope
[6.309s]    77 |     [01;31m[Kcommand[m[K.commandByte = 0x9B;
[6.309s]       |     [01;31m[K^~~~~~~[m[K
[6.324s] [01m[K/home/luke/LKMCANNODE/src/lkmcannode.cpp:[m[K In member function ‘[01m[Kvoid BLDCMotor::sendReadMotorState2Command()[m[K’:
[6.324s] [01m[K/home/luke/LKMCANNODE/src/lkmcannode.cpp:86:5:[m[K [01;31m[Kerror: [m[K‘[01m[KReadMotorState2Command[m[K’ was not declared in this scope; did you mean ‘[01m[KsendReadMotorState2Command[m[K’?
[6.324s]    86 |     [01;31m[KReadMotorState2Command[m[K command;
[6.325s]       |     [01;31m[K^~~~~~~~~~~~~~~~~~~~~~[m[K
[6.325s]       |     [32m[KsendReadMotorState2Command[m[K
[6.335s] [01m[K/home/luke/LKMCANNODE/src/lkmcannode.cpp:88:12:[m[K [01;31m[Kerror: [m[K‘[01m[Kcommand[m[K’ was not declared in this scope
[6.335s]    88 |     memset([01;31m[Kcommand[m[K.padding, 0x00, sizeof(command.padding));
[6.336s]       |            [01;31m[K^~~~~~~[m[K
[6.350s] [01m[K/home/luke/LKMCANNODE/src/lkmcannode.cpp:[m[K In member function ‘[01m[Kvoid BLDCMotor::sendReadMotorState3Command()[m[K’:
[6.350s] [01m[K/home/luke/LKMCANNODE/src/lkmcannode.cpp:95:5:[m[K [01;31m[Kerror: [m[K‘[01m[KReadMotorState3Command[m[K’ was not declared in this scope; did you mean ‘[01m[KsendReadMotorState3Command[m[K’?
[6.351s]    95 |     [01;31m[KReadMotorState3Command[m[K command;
[6.351s]       |     [01;31m[K^~~~~~~~~~~~~~~~~~~~~~[m[K
[6.351s]       |     [32m[KsendReadMotorState3Command[m[K
[6.362s] [01m[K/home/luke/LKMCANNODE/src/lkmcannode.cpp:97:12:[m[K [01;31m[Kerror: [m[K‘[01m[Kcommand[m[K’ was not declared in this scope
[6.362s]    97 |     memset([01;31m[Kcommand[m[K.padding, 0x00, sizeof(command.padding));
[6.362s]       |            [01;31m[K^~~~~~~[m[K
[6.373s] [01m[K/home/luke/LKMCANNODE/src/lkmcannode.cpp:[m[K In member function ‘[01m[KMotorType BLDCMotor::getMotorType() const[m[K’:
[6.373s] [01m[K/home/luke/LKMCANNODE/src/lkmcannode.cpp:103:45:[m[K [01;31m[Kerror: [m[K‘[01m[KmotorType_[m[K’ was not declared in this scope; did you mean ‘[01m[KMotorType[m[K’?
[6.373s]   103 |     MotorType getMotorType() const { return [01;31m[KmotorType_[m[K; }
[6.373s]       |                                             [01;31m[K^~~~~~~~~~[m[K
[6.374s]       |                                             [32m[KMotorType[m[K
[6.386s] [01m[K/home/luke/LKMCANNODE/src/lkmcannode.cpp:[m[K In member function ‘[01m[Kuint8_t BLDCMotor::getMotorId() const[m[K’:
[6.386s] [01m[K/home/luke/LKMCANNODE/src/lkmcannode.cpp:104:41:[m[K [01;31m[Kerror: [m[K‘[01m[KmotorId_[m[K’ was not declared in this scope
[6.386s]   104 |     uint8_t getMotorId() const { return [01;31m[KmotorId_[m[K; }
[6.386s]       |                                         [01;31m[K^~~~~~~~[m[K
[6.399s] [01m[K/home/luke/LKMCANNODE/src/lkmcannode.cpp:[m[K In member function ‘[01m[Kint8_t BLDCMotor::getTemperature() const[m[K’:
[6.399s] [01m[K/home/luke/LKMCANNODE/src/lkmcannode.cpp:105:44:[m[K [01;31m[Kerror: [m[K‘[01m[Ktemperature_[m[K’ was not declared in this scope; did you mean ‘[01m[KgetTemperature[m[K’?
[6.399s]   105 |     int8_t getTemperature() const { return [01;31m[Ktemperature_[m[K; }
[6.400s]       |                                            [01;31m[K^~~~~~~~~~~~[m[K
[6.400s]       |                                            [32m[KgetTemperature[m[K
[6.412s] [01m[K/home/luke/LKMCANNODE/src/lkmcannode.cpp:[m[K In member function ‘[01m[Kint16_t BLDCMotor::getMotorPower() const[m[K’:
[6.412s] [01m[K/home/luke/LKMCANNODE/src/lkmcannode.cpp:106:44:[m[K [01;31m[Kerror: [m[K‘[01m[KmotorPower_[m[K’ was not declared in this scope; did you mean ‘[01m[KgetMotorPower[m[K’?
[6.412s]   106 |     int16_t getMotorPower() const { return [01;31m[KmotorPower_[m[K; }
[6.413s]       |                                            [01;31m[K^~~~~~~~~~~[m[K
[6.413s]       |                                            [32m[KgetMotorPower[m[K
[6.425s] [01m[K/home/luke/LKMCANNODE/src/lkmcannode.cpp:[m[K In member function ‘[01m[Kint16_t BLDCMotor::getMotorSpeed() const[m[K’:
[6.425s] [01m[K/home/luke/LKMCANNODE/src/lkmcannode.cpp:107:44:[m[K [01;31m[Kerror: [m[K‘[01m[KmotorSpeed_[m[K’ was not declared in this scope; did you mean ‘[01m[KgetMotorSpeed[m[K’?
[6.425s]   107 |     int16_t getMotorSpeed() const { return [01;31m[KmotorSpeed_[m[K; }
[6.425s]       |                                            [01;31m[K^~~~~~~~~~~[m[K
[6.426s]       |                                            [32m[KgetMotorSpeed[m[K
[6.439s] [01m[K/home/luke/LKMCANNODE/src/lkmcannode.cpp:[m[K In member function ‘[01m[Kuint16_t BLDCMotor::getEncoderPosition() const[m[K’:
[6.439s] [01m[K/home/luke/LKMCANNODE/src/lkmcannode.cpp:108:50:[m[K [01;31m[Kerror: [m[K‘[01m[KencoderPosition_[m[K’ was not declared in this scope; did you mean ‘[01m[KgetEncoderPosition[m[K’?
[6.439s]   108 |     uint16_t getEncoderPosition() const { return [01;31m[KencoderPosition_[m[K; }
[6.439s]       |                                                  [01;31m[K^~~~~~~~~~~~~~~~[m[K
[6.439s]       |                                                  [32m[KgetEncoderPosition[m[K
[6.453s] [01m[K/home/luke/LKMCANNODE/src/lkmcannode.cpp:[m[K In member function ‘[01m[Kint16_t BLDCMotor::getTorqueCurrent() const[m[K’:
[6.453s] [01m[K/home/luke/LKMCANNODE/src/lkmcannode.cpp:109:47:[m[K [01;31m[Kerror: [m[K‘[01m[KtorqueCurrent_[m[K’ was not declared in this scope; did you mean ‘[01m[KgetTorqueCurrent[m[K’?
[6.454s]   109 |     int16_t getTorqueCurrent() const { return [01;31m[KtorqueCurrent_[m[K; }
[6.454s]       |                                               [01;31m[K^~~~~~~~~~~~~~[m[K
[6.454s]       |                                               [32m[KgetTorqueCurrent[m[K
[6.466s] [01m[K/home/luke/LKMCANNODE/src/lkmcannode.cpp:[m[K In member function ‘[01m[Kdouble BLDCMotor::getAnglePidKp() const[m[K’:
[6.466s] [01m[K/home/luke/LKMCANNODE/src/lkmcannode.cpp:110:43:[m[K [01;31m[Kerror: [m[K‘[01m[KanglePidKp_[m[K’ was not declared in this scope; did you mean ‘[01m[KgetAnglePidKp[m[K’?
[6.466s]   110 |     double getAnglePidKp() const { return [01;31m[KanglePidKp_[m[K; }
[6.467s]       |                                           [01;31m[K^~~~~~~~~~~[m[K
[6.467s]       |                                           [32m[KgetAnglePidKp[m[K
[6.479s] [01m[K/home/luke/LKMCANNODE/src/lkmcannode.cpp:[m[K In member function ‘[01m[Kdouble BLDCMotor::getAnglePidKi() const[m[K’:
[6.479s] [01m[K/home/luke/LKMCANNODE/src/lkmcannode.cpp:111:43:[m[K [01;31m[Kerror: [m[K‘[01m[KanglePidKi_[m[K’ was not declared in this scope; did you mean ‘[01m[KgetAnglePidKi[m[K’?
[6.479s]   111 |     double getAnglePidKi() const { return [01;31m[KanglePidKi_[m[K; }
[6.479s]       |                                           [01;31m[K^~~~~~~~~~~[m[K
[6.479s]       |                                           [32m[KgetAnglePidKi[m[K
[6.491s] [01m[K/home/luke/LKMCANNODE/src/lkmcannode.cpp:[m[K In member function ‘[01m[Kdouble BLDCMotor::getSpeedPidKp() const[m[K’:
[6.491s] [01m[K/home/luke/LKMCANNODE/src/lkmcannode.cpp:112:43:[m[K [01;31m[Kerror: [m[K‘[01m[KspeedPidKp_[m[K’ was not declared in this scope; did you mean ‘[01m[KsetSpeedPidKp[m[K’?
[6.492s]   112 |     double getSpeedPidKp() const { return [01;31m[KspeedPidKp_[m[K; }
[6.492s]       |                                           [01;31m[K^~~~~~~~~~~[m[K
[6.492s]       |                                           [32m[KsetSpeedPidKp[m[K
[6.536s] [01m[K/home/luke/LKMCANNODE/src/lkmcannode.cpp:[m[K In member function ‘[01m[Kdouble BLDCMotor::getSpeedPidKi() const[m[K’:
[6.537s] [01m[K/home/luke/LKMCANNODE/src/lkmcannode.cpp:113:43:[m[K [01;31m[Kerror: [m[K‘[01m[KspeedPidKi_[m[K’ was not declared in this scope; did you mean ‘[01m[KsetSpeedPidKi[m[K’?
[6.537s]   113 |     double getSpeedPidKi() const { return [01;31m[KspeedPidKi_[m[K; }
[6.537s]       |                                           [01;31m[K^~~~~~~~~~~[m[K
[6.538s]       |                                           [32m[KsetSpeedPidKi[m[K
[6.538s] [01m[K/home/luke/LKMCANNODE/src/lkmcannode.cpp:[m[K In member function ‘[01m[Kdouble BLDCMotor::getIqPidKp() const[m[K’:
[6.538s] [01m[K/home/luke/LKMCANNODE/src/lkmcannode.cpp:114:40:[m[K [01;31m[Kerror: [m[K‘[01m[KiqPidKp_[m[K’ was not declared in this scope
[6.538s]   114 |     double getIqPidKp() const { return [01;31m[KiqPidKp_[m[K; }
[6.538s]       |                                        [01;31m[K^~~~~~~~[m[K
[6.539s] [01m[K/home/luke/LKMCANNODE/src/lkmcannode.cpp:[m[K In member function ‘[01m[Kdouble BLDCMotor::getIqPidKi() const[m[K’:
[6.539s] [01m[K/home/luke/LKMCANNODE/src/lkmcannode.cpp:115:40:[m[K [01;31m[Kerror: [m[K‘[01m[KiqPidKi_[m[K’ was not declared in this scope
[6.539s]   115 |     double getIqPidKi() const { return [01;31m[KiqPidKi_[m[K; }
[6.539s]       |                                        [01;31m[K^~~~~~~~[m[K
[6.549s] [01m[K/home/luke/LKMCANNODE/src/lkmcannode.cpp:[m[K In member function ‘[01m[Kint32_t BLDCMotor::getAcceleration() const[m[K’:
[6.549s] [01m[K/home/luke/LKMCANNODE/src/lkmcannode.cpp:116:46:[m[K [01;31m[Kerror: [m[K‘[01m[Kacceleration_[m[K’ was not declared in this scope; did you mean ‘[01m[KgetAcceleration[m[K’?
[6.549s]   116 |     int32_t getAcceleration() const { return [01;31m[Kacceleration_[m[K; }
[6.549s]       |                                              [01;31m[K^~~~~~~~~~~~~[m[K
[6.549s]       |                                              [32m[KgetAcceleration[m[K
[6.563s] [01m[K/home/luke/LKMCANNODE/src/lkmcannode.cpp:[m[K In member function ‘[01m[Kuint16_t BLDCMotor::getEncoderRaw() const[m[K’:
[6.564s] [01m[K/home/luke/LKMCANNODE/src/lkmcannode.cpp:117:45:[m[K [01;31m[Kerror: [m[K‘[01m[KencoderRaw_[m[K’ was not declared in this scope; did you mean ‘[01m[KgetEncoderRaw[m[K’?
[6.564s]   117 |     uint16_t getEncoderRaw() const { return [01;31m[KencoderRaw_[m[K; }
[6.564s]       |                                             [01;31m[K^~~~~~~~~~~[m[K
[6.564s]       |                                             [32m[KgetEncoderRaw[m[K
[6.579s] [01m[K/home/luke/LKMCANNODE/src/lkmcannode.cpp:[m[K In member function ‘[01m[Kuint16_t BLDCMotor::getEncoderOffset() const[m[K’:
[6.579s] [01m[K/home/luke/LKMCANNODE/src/lkmcannode.cpp:118:48:[m[K [01;31m[Kerror: [m[K‘[01m[KencoderOffset_[m[K’ was not declared in this scope; did you mean ‘[01m[KgetEncoderOffset[m[K’?
[6.579s]   118 |     uint16_t getEncoderOffset() const { return [01;31m[KencoderOffset_[m[K; }
[6.580s]       |                                                [01;31m[K^~~~~~~~~~~~~~[m[K
[6.580s]       |                                                [32m[KgetEncoderOffset[m[K
[6.592s] [01m[K/home/luke/LKMCANNODE/src/lkmcannode.cpp:[m[K In member function ‘[01m[Kint64_t BLDCMotor::getMotorAngle() const[m[K’:
[6.593s] [01m[K/home/luke/LKMCANNODE/src/lkmcannode.cpp:119:44:[m[K [01;31m[Kerror: [m[K‘[01m[KmotorAngle_[m[K’ was not declared in this scope; did you mean ‘[01m[KgetMotorAngle[m[K’?
[6.593s]   119 |     int64_t getMotorAngle() const { return [01;31m[KmotorAngle_[m[K; }
[6.593s]       |                                            [01;31m[K^~~~~~~~~~~[m[K
[6.593s]       |                                            [32m[KgetMotorAngle[m[K
[6.606s] [01m[K/home/luke/LKMCANNODE/src/lkmcannode.cpp:[m[K In member function ‘[01m[Kuint32_t BLDCMotor::getCicleAngle() const[m[K’:
[6.606s] [01m[K/home/luke/LKMCANNODE/src/lkmcannode.cpp:120:45:[m[K [01;31m[Kerror: [m[K‘[01m[KcicleAngle_[m[K’ was not declared in this scope; did you mean ‘[01m[KgetCicleAngle[m[K’?
[6.606s]   120 |     uint32_t getCicleAngle() const { return [01;31m[KcicleAngle_[m[K; }
[6.606s]       |                                             [01;31m[K^~~~~~~~~~~[m[K
[6.606s]       |                                             [32m[KgetCicleAngle[m[K
[6.617s] [01m[K/home/luke/LKMCANNODE/src/lkmcannode.cpp:[m[K In member function ‘[01m[Kuint16_t BLDCMotor::getVoltage() const[m[K’:
[6.618s] [01m[K/home/luke/LKMCANNODE/src/lkmcannode.cpp:121:42:[m[K [01;31m[Kerror: [m[K‘[01m[Kvoltage_[m[K’ was not declared in this scope
[6.618s]   121 |     uint16_t getVoltage() const { return [01;31m[Kvoltage_[m[K; }
[6.618s]       |                                          [01;31m[K^~~~~~~~[m[K
[6.630s] [01m[K/home/luke/LKMCANNODE/src/lkmcannode.cpp:[m[K In member function ‘[01m[Kint8_t BLDCMotor::getErrorState() const[m[K’:
[6.630s] [01m[K/home/luke/LKMCANNODE/src/lkmcannode.cpp:122:43:[m[K [01;31m[Kerror: [m[K‘[01m[KerrorState_[m[K’ was not declared in this scope; did you mean ‘[01m[KgetErrorState[m[K’?
[6.631s]   122 |     int8_t getErrorState() const { return [01;31m[KerrorState_[m[K; }
[6.631s]       |                                           [01;31m[K^~~~~~~~~~~[m[K
[6.631s]       |                                           [32m[KgetErrorState[m[K
[6.640s] [01m[K/home/luke/LKMCANNODE/src/lkmcannode.cpp:[m[K In member function ‘[01m[Kbool BLDCMotor::isVoltageNormal() const[m[K’:
[6.640s] [01m[K/home/luke/LKMCANNODE/src/lkmcannode.cpp:123:43:[m[K [01;31m[Kerror: [m[K‘[01m[KisVoltageNormal_[m[K’ was not declared in this scope; did you mean ‘[01m[KisVoltageNormal[m[K’?
[6.640s]   123 |     bool isVoltageNormal() const { return [01;31m[KisVoltageNormal_[m[K; }
[6.641s]       |                                           [01;31m[K^~~~~~~~~~~~~~~~[m[K
[6.641s]       |                                           [32m[KisVoltageNormal[m[K
[6.652s] [01m[K/home/luke/LKMCANNODE/src/lkmcannode.cpp:[m[K In member function ‘[01m[Kbool BLDCMotor::isUnderVoltageProtect() const[m[K’:
[6.652s] [01m[K/home/luke/LKMCANNODE/src/lkmcannode.cpp:124:49:[m[K [01;31m[Kerror: [m[K‘[01m[KisUnderVoltageProtect_[m[K’ was not declared in this scope; did you mean ‘[01m[KisUnderVoltageProtect[m[K’?
[6.652s]   124 |     bool isUnderVoltageProtect() const { return [01;31m[KisUnderVoltageProtect_[m[K; }
[6.652s]       |                                                 [01;31m[K^~~~~~~~~~~~~~~~~~~~~~[m[K
[6.652s]       |                                                 [32m[KisUnderVoltageProtect[m[K
[6.662s] [01m[K/home/luke/LKMCANNODE/src/lkmcannode.cpp:[m[K In member function ‘[01m[Kbool BLDCMotor::isTemperatureNormal() const[m[K’:
[6.662s] [01m[K/home/luke/LKMCANNODE/src/lkmcannode.cpp:125:47:[m[K [01;31m[Kerror: [m[K‘[01m[KisTemperatureNormal_[m[K’ was not declared in this scope; did you mean ‘[01m[KisTemperatureNormal[m[K’?
[6.662s]   125 |     bool isTemperatureNormal() const { return [01;31m[KisTemperatureNormal_[m[K; }
[6.663s]       |                                               [01;31m[K^~~~~~~~~~~~~~~~~~~~[m[K
[6.663s]       |                                               [32m[KisTemperatureNormal[m[K
[6.673s] [01m[K/home/luke/LKMCANNODE/src/lkmcannode.cpp:[m[K In member function ‘[01m[Kbool BLDCMotor::isOverTemperatureProtect() const[m[K’:
[6.673s] [01m[K/home/luke/LKMCANNODE/src/lkmcannode.cpp:126:52:[m[K [01;31m[Kerror: [m[K‘[01m[KisOverTemperatureProtect_[m[K’ was not declared in this scope; did you mean ‘[01m[KisOverTemperatureProtect[m[K’?
[6.673s]   126 |     bool isOverTemperatureProtect() const { return [01;31m[KisOverTemperatureProtect_[m[K; }
[6.673s]       |                                                    [01;31m[K^~~~~~~~~~~~~~~~~~~~~~~~~[m[K
[6.673s]       |                                                    [32m[KisOverTemperatureProtect[m[K
[6.684s] [01m[K/home/luke/LKMCANNODE/src/lkmcannode.cpp:[m[K In member function ‘[01m[Kint16_t BLDCMotor::getTorque() const[m[K’:
[6.684s] [01m[K/home/luke/LKMCANNODE/src/lkmcannode.cpp:127:40:[m[K [01;31m[Kerror: [m[K‘[01m[Ktorque_[m[K’ was not declared in this scope
[6.684s]   127 |     int16_t getTorque() const { return [01;31m[Ktorque_[m[K; }
[6.684s]       |                                        [01;31m[K^~~~~~~[m[K
[6.695s] [01m[K/home/luke/LKMCANNODE/src/lkmcannode.cpp:[m[K In member function ‘[01m[Kint16_t BLDCMotor::getSpeed() const[m[K’:
[6.695s] [01m[K/home/luke/LKMCANNODE/src/lkmcannode.cpp:128:39:[m[K [01;31m[Kerror: [m[K‘[01m[Kspeed_[m[K’ was not declared in this scope
[6.695s]   128 |     int16_t getSpeed() const { return [01;31m[Kspeed_[m[K; }
[6.695s]       |                                       [01;31m[K^~~~~~[m[K
[6.706s] [01m[K/home/luke/LKMCANNODE/src/lkmcannode.cpp:[m[K In member function ‘[01m[Kuint16_t BLDCMotor::getEncoder() const[m[K’:
[6.706s] [01m[K/home/luke/LKMCANNODE/src/lkmcannode.cpp:129:42:[m[K [01;31m[Kerror: [m[K‘[01m[Kencoder_[m[K’ was not declared in this scope; did you mean ‘[01m[KgetEncoder[m[K’?
[6.707s]   129 |     uint16_t getEncoder() const { return [01;31m[Kencoder_[m[K; }
[6.707s]       |                                          [01;31m[K^~~~~~~~[m[K
[6.707s]       |                                          [32m[KgetEncoder[m[K
[6.718s] [01m[K/home/luke/LKMCANNODE/src/lkmcannode.cpp:[m[K In member function ‘[01m[Kvoid BLDCMotor::setMotorType(MotorType)[m[K’:
[6.718s] [01m[K/home/luke/LKMCANNODE/src/lkmcannode.cpp:132:40:[m[K [01;31m[Kerror: [m[K‘[01m[KmotorType_[m[K’ was not declared in this scope; did you mean ‘[01m[KMotorType[m[K’?
[6.718s]   132 |     void setMotorType(MotorType val) { [01;31m[KmotorType_[m[K = val; }
[6.718s]       |                                        [01;31m[K^~~~~~~~~~[m[K
[6.719s]       |                                        [32m[KMotorType[m[K
[6.731s] [01m[K/home/luke/LKMCANNODE/src/lkmcannode.cpp:[m[K In member function ‘[01m[Kvoid BLDCMotor::setMotorId(uint8_t)[m[K’:
[6.731s] [01m[K/home/luke/LKMCANNODE/src/lkmcannode.cpp:133:36:[m[K [01;31m[Kerror: [m[K‘[01m[KmotorId_[m[K’ was not declared in this scope
[6.731s]   133 |     void setMotorId(uint8_t val) { [01;31m[KmotorId_[m[K = val; }
[6.731s]       |                                    [01;31m[K^~~~~~~~[m[K
[6.744s] [01m[K/home/luke/LKMCANNODE/src/lkmcannode.cpp:[m[K In member function ‘[01m[Kvoid BLDCMotor::setTemperature(int8_t)[m[K’:
[6.745s] [01m[K/home/luke/LKMCANNODE/src/lkmcannode.cpp:134:39:[m[K [01;31m[Kerror: [m[K‘[01m[Ktemperature_[m[K’ was not declared in this scope; did you mean ‘[01m[KgetTemperature[m[K’?
[6.745s]   134 |     void setTemperature(int8_t val) { [01;31m[Ktemperature_[m[K = val; }
[6.745s]       |                                       [01;31m[K^~~~~~~~~~~~[m[K
[6.745s]       |                                       [32m[KgetTemperature[m[K
[6.759s] [01m[K/home/luke/LKMCANNODE/src/lkmcannode.cpp:[m[K In member function ‘[01m[Kvoid BLDCMotor::setMotorPower(int16_t)[m[K’:
[6.759s] [01m[K/home/luke/LKMCANNODE/src/lkmcannode.cpp:135:39:[m[K [01;31m[Kerror: [m[K‘[01m[KmotorPower_[m[K’ was not declared in this scope; did you mean ‘[01m[KgetMotorPower[m[K’?
[6.759s]   135 |     void setMotorPower(int16_t val) { [01;31m[KmotorPower_[m[K = val; }
[6.759s]       |                                       [01;31m[K^~~~~~~~~~~[m[K
[6.760s]       |                                       [32m[KgetMotorPower[m[K
[6.773s] [01m[K/home/luke/LKMCANNODE/src/lkmcannode.cpp:[m[K In member function ‘[01m[Kvoid BLDCMotor::setMotorSpeed(int16_t)[m[K’:
[6.773s] [01m[K/home/luke/LKMCANNODE/src/lkmcannode.cpp:136:39:[m[K [01;31m[Kerror: [m[K‘[01m[KmotorSpeed_[m[K’ was not declared in this scope; did you mean ‘[01m[KgetMotorSpeed[m[K’?
[6.774s]   136 |     void setMotorSpeed(int16_t val) { [01;31m[KmotorSpeed_[m[K = val; }
[6.774s]       |                                       [01;31m[K^~~~~~~~~~~[m[K
[6.774s]       |                                       [32m[KgetMotorSpeed[m[K
[6.788s] [01m[K/home/luke/LKMCANNODE/src/lkmcannode.cpp:[m[K In member function ‘[01m[Kvoid BLDCMotor::setEncoderPosition(uint16_t)[m[K’:
[6.789s] [01m[K/home/luke/LKMCANNODE/src/lkmcannode.cpp:137:45:[m[K [01;31m[Kerror: [m[K‘[01m[KencoderPosition_[m[K’ was not declared in this scope; did you mean ‘[01m[KgetEncoderPosition[m[K’?
[6.789s]   137 |     void setEncoderPosition(uint16_t val) { [01;31m[KencoderPosition_[m[K = val; }
[6.789s]       |                                             [01;31m[K^~~~~~~~~~~~~~~~[m[K
[6.789s]       |                                             [32m[KgetEncoderPosition[m[K
[6.803s] [01m[K/home/luke/LKMCANNODE/src/lkmcannode.cpp:[m[K In member function ‘[01m[Kvoid BLDCMotor::setTorqueCurrent(int16_t)[m[K’:
[6.804s] [01m[K/home/luke/LKMCANNODE/src/lkmcannode.cpp:138:42:[m[K [01;31m[Kerror: [m[K‘[01m[KtorqueCurrent_[m[K’ was not declared in this scope; did you mean ‘[01m[KgetTorqueCurrent[m[K’?
[6.804s]   138 |     void setTorqueCurrent(int16_t val) { [01;31m[KtorqueCurrent_[m[K = val; }
[6.804s]       |                                          [01;31m[K^~~~~~~~~~~~~~[m[K
[6.804s]       |                                          [32m[KgetTorqueCurrent[m[K
[6.818s] [01m[K/home/luke/LKMCANNODE/src/lkmcannode.cpp:[m[K In member function ‘[01m[Kvoid BLDCMotor::setAnglePidKp(double)[m[K’:
[6.818s] [01m[K/home/luke/LKMCANNODE/src/lkmcannode.cpp:139:38:[m[K [01;31m[Kerror: [m[K‘[01m[KanglePidKp_[m[K’ was not declared in this scope; did you mean ‘[01m[KgetAnglePidKp[m[K’?
[6.819s]   139 |     void setAnglePidKp(double val) { [01;31m[KanglePidKp_[m[K = val; }
[6.819s]       |                                      [01;31m[K^~~~~~~~~~~[m[K
[6.819s]       |                                      [32m[KgetAnglePidKp[m[K
[6.833s] [01m[K/home/luke/LKMCANNODE/src/lkmcannode.cpp:[m[K In member function ‘[01m[Kvoid BLDCMotor::setAnglePidKi(double)[m[K’:
[6.833s] [01m[K/home/luke/LKMCANNODE/src/lkmcannode.cpp:140:38:[m[K [01;31m[Kerror: [m[K‘[01m[KanglePidKi_[m[K’ was not declared in this scope; did you mean ‘[01m[KgetAnglePidKi[m[K’?
[6.833s]   140 |     void setAnglePidKi(double val) { [01;31m[KanglePidKi_[m[K = val; }
[6.833s]       |                                      [01;31m[K^~~~~~~~~~~[m[K
[6.833s]       |                                      [32m[KgetAnglePidKi[m[K
[6.847s] [01m[K/home/luke/LKMCANNODE/src/lkmcannode.cpp:[m[K In member function ‘[01m[Kvoid BLDCMotor::setSpeedPidKp(double)[m[K’:
[6.847s] [01m[K/home/luke/LKMCANNODE/src/lkmcannode.cpp:141:38:[m[K [01;31m[Kerror: [m[K‘[01m[KspeedPidKp_[m[K’ was not declared in this scope; did you mean ‘[01m[KsetSpeedPidKp[m[K’?
[6.847s]   141 |     void setSpeedPidKp(double val) { [01;31m[KspeedPidKp_[m[K = val; }
[6.847s]       |                                      [01;31m[K^~~~~~~~~~~[m[K
[6.848s]       |                                      [32m[KsetSpeedPidKp[m[K
[6.860s] [01m[K/home/luke/LKMCANNODE/src/lkmcannode.cpp:[m[K In member function ‘[01m[Kvoid BLDCMotor::setSpeedPidKi(double)[m[K’:
[6.860s] [01m[K/home/luke/LKMCANNODE/src/lkmcannode.cpp:142:38:[m[K [01;31m[Kerror: [m[K‘[01m[KspeedPidKi_[m[K’ was not declared in this scope; did you mean ‘[01m[KsetSpeedPidKi[m[K’?
[6.861s]   142 |     void setSpeedPidKi(double val) { [01;31m[KspeedPidKi_[m[K = val; }
[6.861s]       |                                      [01;31m[K^~~~~~~~~~~[m[K
[6.861s]       |                                      [32m[KsetSpeedPidKi[m[K
[6.874s] [01m[K/home/luke/LKMCANNODE/src/lkmcannode.cpp:[m[K In member function ‘[01m[Kvoid BLDCMotor::setIqPidKp(double)[m[K’:
[6.874s] [01m[K/home/luke/LKMCANNODE/src/lkmcannode.cpp:143:35:[m[K [01;31m[Kerror: [m[K‘[01m[KiqPidKp_[m[K’ was not declared in this scope
[6.874s]   143 |     void setIqPidKp(double val) { [01;31m[KiqPidKp_[m[K = val; }
[6.874s]       |                                   [01;31m[K^~~~~~~~[m[K
[6.887s] [01m[K/home/luke/LKMCANNODE/src/lkmcannode.cpp:[m[K In member function ‘[01m[Kvoid BLDCMotor::setIqPidKi(double)[m[K’:
[6.888s] [01m[K/home/luke/LKMCANNODE/src/lkmcannode.cpp:144:35:[m[K [01;31m[Kerror: [m[K‘[01m[KiqPidKi_[m[K’ was not declared in this scope
[6.888s]   144 |     void setIqPidKi(double val) { [01;31m[KiqPidKi_[m[K = val; }
[6.888s]       |                                   [01;31m[K^~~~~~~~[m[K
[6.902s] [01m[K/home/luke/LKMCANNODE/src/lkmcannode.cpp:[m[K In member function ‘[01m[Kvoid BLDCMotor::setAcceleration(int32_t)[m[K’:
[6.903s] [01m[K/home/luke/LKMCANNODE/src/lkmcannode.cpp:145:41:[m[K [01;31m[Kerror: [m[K‘[01m[Kacceleration_[m[K’ was not declared in this scope; did you mean ‘[01m[KgetAcceleration[m[K’?
[6.903s]   145 |     void setAcceleration(int32_t val) { [01;31m[Kacceleration_[m[K = val; }
[6.903s]       |                                         [01;31m[K^~~~~~~~~~~~~[m[K
[6.903s]       |                                         [32m[KgetAcceleration[m[K
[6.916s] [01m[K/home/luke/LKMCANNODE/src/lkmcannode.cpp:[m[K In member function ‘[01m[Kvoid BLDCMotor::setEncoderRaw(uint16_t)[m[K’:
[6.917s] [01m[K/home/luke/LKMCANNODE/src/lkmcannode.cpp:146:40:[m[K [01;31m[Kerror: [m[K‘[01m[KencoderRaw_[m[K’ was not declared in this scope; did you mean ‘[01m[KgetEncoderRaw[m[K’?
[6.917s]   146 |     void setEncoderRaw(uint16_t val) { [01;31m[KencoderRaw_[m[K = val; }
[6.917s]       |                                        [01;31m[K^~~~~~~~~~~[m[K
[6.917s]       |                                        [32m[KgetEncoderRaw[m[K
[6.932s] [01m[K/home/luke/LKMCANNODE/src/lkmcannode.cpp:[m[K In member function ‘[01m[Kvoid BLDCMotor::setEncoderOffset(uint16_t)[m[K’:
[6.932s] [01m[K/home/luke/LKMCANNODE/src/lkmcannode.cpp:147:43:[m[K [01;31m[Kerror: [m[K‘[01m[KencoderOffset_[m[K’ was not declared in this scope; did you mean ‘[01m[KgetEncoderOffset[m[K’?
[6.932s]   147 |     void setEncoderOffset(uint16_t val) { [01;31m[KencoderOffset_[m[K = val; }
[6.933s]       |                                           [01;31m[K^~~~~~~~~~~~~~[m[K
[6.933s]       |                                           [32m[KgetEncoderOffset[m[K
[6.947s] [01m[K/home/luke/LKMCANNODE/src/lkmcannode.cpp:[m[K In member function ‘[01m[Kvoid BLDCMotor::setMotorAngle(int64_t)[m[K’:
[6.947s] [01m[K/home/luke/LKMCANNODE/src/lkmcannode.cpp:148:39:[m[K [01;31m[Kerror: [m[K‘[01m[KmotorAngle_[m[K’ was not declared in this scope; did you mean ‘[01m[KgetMotorAngle[m[K’?
[6.947s]   148 |     void setMotorAngle(int64_t val) { [01;31m[KmotorAngle_[m[K = val; }
[6.947s]       |                                       [01;31m[K^~~~~~~~~~~[m[K
[6.948s]       |                                       [32m[KgetMotorAngle[m[K
[6.962s] [01m[K/home/luke/LKMCANNODE/src/lkmcannode.cpp:[m[K In member function ‘[01m[Kvoid BLDCMotor::setCicleAngle(uint32_t)[m[K’:
[6.962s] [01m[K/home/luke/LKMCANNODE/src/lkmcannode.cpp:149:40:[m[K [01;31m[Kerror: [m[K‘[01m[KcicleAngle_[m[K’ was not declared in this scope; did you mean ‘[01m[KgetCicleAngle[m[K’?
[6.962s]   149 |     void setCicleAngle(uint32_t val) { [01;31m[KcicleAngle_[m[K = val; }
[6.962s]       |                                        [01;31m[K^~~~~~~~~~~[m[K
[6.962s]       |                                        [32m[KgetCicleAngle[m[K
[6.976s] [01m[K/home/luke/LKMCANNODE/src/lkmcannode.cpp:[m[K In member function ‘[01m[Kvoid BLDCMotor::setVoltage(uint16_t)[m[K’:
[6.976s] [01m[K/home/luke/LKMCANNODE/src/lkmcannode.cpp:150:37:[m[K [01;31m[Kerror: [m[K‘[01m[Kvoltage_[m[K’ was not declared in this scope
[6.976s]   150 |     void setVoltage(uint16_t val) { [01;31m[Kvoltage_[m[K = val; }
[6.976s]       |                                     [01;31m[K^~~~~~~~[m[K
[6.991s] [01m[K/home/luke/LKMCANNODE/src/lkmcannode.cpp:[m[K In member function ‘[01m[Kvoid BLDCMotor::setErrorState(int8_t)[m[K’:
[6.992s] [01m[K/home/luke/LKMCANNODE/src/lkmcannode.cpp:152:9:[m[K [01;31m[Kerror: [m[K‘[01m[KerrorState_[m[K’ was not declared in this scope; did you mean ‘[01m[KgetErrorState[m[K’?
[6.992s]   152 |         [01;31m[KerrorState_[m[K = val;
[6.992s]       |         [01;31m[K^~~~~~~~~~~[m[K
[6.992s]       |         [32m[KgetErrorState[m[K
[7.004s] [01m[K/home/luke/LKMCANNODE/src/lkmcannode.cpp:154:9:[m[K [01;31m[Kerror: [m[K‘[01m[KisVoltageNormal_[m[K’ was not declared in this scope; did you mean ‘[01m[KisVoltageNormal[m[K’?
[7.004s]   154 |         [01;31m[KisVoltageNormal_[m[K = (errorState_ & 0x01) != 0;
[7.004s]       |         [01;31m[K^~~~~~~~~~~~~~~~[m[K
[7.005s]       |         [32m[KisVoltageNormal[m[K
[7.017s] [01m[K/home/luke/LKMCANNODE/src/lkmcannode.cpp:155:9:[m[K [01;31m[Kerror: [m[K‘[01m[KisUnderVoltageProtect_[m[K’ was not declared in this scope; did you mean ‘[01m[KisUnderVoltageProtect[m[K’?
[7.018s]   155 |         [01;31m[KisUnderVoltageProtect_[m[K = (errorState_ & 0x02) != 0;
[7.018s]       |         [01;31m[K^~~~~~~~~~~~~~~~~~~~~~[m[K
[7.018s]       |         [32m[KisUnderVoltageProtect[m[K
[7.030s] [01m[K/home/luke/LKMCANNODE/src/lkmcannode.cpp:156:9:[m[K [01;31m[Kerror: [m[K‘[01m[KisTemperatureNormal_[m[K’ was not declared in this scope; did you mean ‘[01m[KisTemperatureNormal[m[K’?
[7.030s]   156 |         [01;31m[KisTemperatureNormal_[m[K = (errorState_ & 0x04) != 0;
[7.031s]       |         [01;31m[K^~~~~~~~~~~~~~~~~~~~[m[K
[7.031s]       |         [32m[KisTemperatureNormal[m[K
[7.043s] [01m[K/home/luke/LKMCANNODE/src/lkmcannode.cpp:157:9:[m[K [01;31m[Kerror: [m[K‘[01m[KisOverTemperatureProtect_[m[K’ was not declared in this scope; did you mean ‘[01m[KisOverTemperatureProtect[m[K’?
[7.044s]   157 |         [01;31m[KisOverTemperatureProtect_[m[K = (errorState_ & 0x08) != 0;
[7.044s]       |         [01;31m[K^~~~~~~~~~~~~~~~~~~~~~~~~[m[K
[7.044s]       |         [32m[KisOverTemperatureProtect[m[K
[7.057s] [01m[K/home/luke/LKMCANNODE/src/lkmcannode.cpp:[m[K In member function ‘[01m[Kvoid BLDCMotor::setTorque(int16_t)[m[K’:
[7.057s] [01m[K/home/luke/LKMCANNODE/src/lkmcannode.cpp:159:35:[m[K [01;31m[Kerror: [m[K‘[01m[Ktorque_[m[K’ was not declared in this scope
[7.058s]   159 |     void setTorque(int16_t val) { [01;31m[Ktorque_[m[K = val; }
[7.058s]       |                                   [01;31m[K^~~~~~~[m[K
[7.070s] [01m[K/home/luke/LKMCANNODE/src/lkmcannode.cpp:[m[K In member function ‘[01m[Kvoid BLDCMotor::setSpeed(int16_t)[m[K’:
[7.071s] [01m[K/home/luke/LKMCANNODE/src/lkmcannode.cpp:160:34:[m[K [01;31m[Kerror: [m[K‘[01m[Kspeed_[m[K’ was not declared in this scope
[7.071s]   160 |     void setSpeed(int16_t val) { [01;31m[Kspeed_[m[K = val; }
[7.071s]       |                                  [01;31m[K^~~~~~[m[K
[7.084s] [01m[K/home/luke/LKMCANNODE/src/lkmcannode.cpp:[m[K In member function ‘[01m[Kvoid BLDCMotor::setEncoder(uint16_t)[m[K’:
[7.084s] [01m[K/home/luke/LKMCANNODE/src/lkmcannode.cpp:161:37:[m[K [01;31m[Kerror: [m[K‘[01m[Kencoder_[m[K’ was not declared in this scope; did you mean ‘[01m[KgetEncoder[m[K’?
[7.085s]   161 |     void setEncoder(uint16_t val) { [01;31m[Kencoder_[m[K = val; }
[7.085s]       |                                     [01;31m[K^~~~~~~~[m[K
[7.085s]       |                                     [32m[KgetEncoder[m[K
[7.085s] [01m[K/home/luke/LKMCANNODE/src/lkmcannode.cpp:[m[K At global scope:
[7.086s] [01m[K/home/luke/LKMCANNODE/src/lkmcannode.cpp:164:1:[m[K [01;31m[Kerror: [m[Kexpected unqualified-id before ‘[01m[Kprivate[m[K’
[7.086s]   164 | [01;31m[Kprivate[m[K:
[7.086s]       | [01;31m[K^~~~~~~[m[K
[7.086s] [01m[K/home/luke/LKMCANNODE/src/lkmcannode.cpp:190:12:[m[K [01;31m[Kerror: [m[Kredefinition of ‘[01m[Kint8_t temperature_[m[K’
[7.086s]   190 |     int8_t [01;31m[Ktemperature_[m[K ;
[7.087s]       |            [01;31m[K^~~~~~~~~~~~[m[K
[7.087s] [01m[K/home/luke/LKMCANNODE/src/lkmcannode.cpp:168:12:[m[K [01;36m[Knote: [m[K‘[01m[Kint8_t temperature_[m[K’ previously declared here
[7.087s]   168 |     int8_t [01;36m[Ktemperature_[m[K;   // Motor temperature (1℃/LSB)
[7.087s]       |            [01;36m[K^~~~~~~~~~~~[m[K
[7.097s] [01m[K/home/luke/LKMCANNODE/src/lkmcannode.cpp:[m[K In function ‘[01m[Kvoid parseGeneralStatusResponse(const uint8_t*, BLDCMotor&)[m[K’:
[7.097s] [01m[K/home/luke/LKMCANNODE/src/lkmcannode.cpp:793:11:[m[K [01;31m[Kerror: [m[K‘[01m[Kclass BLDCMotor[m[K’ has no member named ‘[01m[Ktemperature_[m[K’; did you mean ‘[01m[KgetTemperature[m[K’?
[7.097s]   793 |     motor.[01;31m[Ktemperature_[m[K = static_cast<int8_t>(response[1]);
[7.097s]       |           [01;31m[K^~~~~~~~~~~~[m[K
[7.097s]       |           [32m[KgetTemperature[m[K
[7.098s] [01m[K/home/luke/LKMCANNODE/src/lkmcannode.cpp:794:11:[m[K [01;31m[Kerror: [m[K‘[01m[Kclass BLDCMotor[m[K’ has no member named ‘[01m[KmotorPower_[m[K’; did you mean ‘[01m[KgetMotorPower[m[K’?
[7.099s]   794 |     motor.[01;31m[KmotorPower_[m[K = static_cast<int16_t>(response[2] | (response[3] << 8));
[7.099s]       |           [01;31m[K^~~~~~~~~~~[m[K
[7.100s]       |           [32m[KgetMotorPower[m[K
[7.100s] [01m[K/home/luke/LKMCANNODE/src/lkmcannode.cpp:795:11:[m[K [01;31m[Kerror: [m[K‘[01m[Kclass BLDCMotor[m[K’ has no member named ‘[01m[KmotorSpeed_[m[K’; did you mean ‘[01m[KgetMotorSpeed[m[K’?
[7.100s]   795 |     motor.[01;31m[KmotorSpeed_[m[K = static_cast<int16_t>(response[4] | (response[5] << 8));
[7.101s]       |           [01;31m[K^~~~~~~~~~~[m[K
[7.101s]       |           [32m[KgetMotorSpeed[m[K
[7.101s] [01m[K/home/luke/LKMCANNODE/src/lkmcannode.cpp:796:11:[m[K [01;31m[Kerror: [m[K‘[01m[Kclass BLDCMotor[m[K’ has no member named ‘[01m[KencoderPosition_[m[K’; did you mean ‘[01m[KgetEncoderPosition[m[K’?
[7.101s]   796 |     motor.[01;31m[KencoderPosition_[m[K = static_cast<uint16_t>(response[6] | (response[7] << 8));
[7.101s]       |           [01;31m[K^~~~~~~~~~~~~~~~[m[K
[7.102s]       |           [32m[KgetEncoderPosition[m[K
[7.103s] [01m[K/home/luke/LKMCANNODE/src/lkmcannode.cpp:[m[K In function ‘[01m[Kvoid parseTorqueClosedLoopControlResponse(const uint8_t*, BLDCMotor&)[m[K’:
[7.103s] [01m[K/home/luke/LKMCANNODE/src/lkmcannode.cpp:801:11:[m[K [01;31m[Kerror: [m[K‘[01m[Kclass BLDCMotor[m[K’ has no member named ‘[01m[Ktemperature_[m[K’; did you mean ‘[01m[KgetTemperature[m[K’?
[7.103s]   801 |     motor.[01;31m[Ktemperature_[m[K = static_cast<int8_t>(response[1]);
[7.103s]       |           [01;31m[K^~~~~~~~~~~~[m[K
[7.104s]       |           [32m[KgetTemperature[m[K
[7.104s] [01m[K/home/luke/LKMCANNODE/src/lkmcannode.cpp:802:11:[m[K [01;31m[Kerror: [m[K‘[01m[Kclass BLDCMotor[m[K’ has no member named ‘[01m[KmotorPower_[m[K’; did you mean ‘[01m[KgetMotorPower[m[K’?
[7.104s]   802 |     motor.[01;31m[KmotorPower_[m[K = static_cast<int16_t>(response[2] | (response[3] << 8));
[7.104s]       |           [01;31m[K^~~~~~~~~~~[m[K
[7.104s]       |           [32m[KgetMotorPower[m[K
[7.105s] [01m[K/home/luke/LKMCANNODE/src/lkmcannode.cpp:803:11:[m[K [01;31m[Kerror: [m[K‘[01m[Kclass BLDCMotor[m[K’ has no member named ‘[01m[KmotorSpeed_[m[K’; did you mean ‘[01m[KgetMotorSpeed[m[K’?
[7.105s]   803 |     motor.[01;31m[KmotorSpeed_[m[K = static_cast<int16_t>(response[4] | (response[5] << 8));
[7.105s]       |           [01;31m[K^~~~~~~~~~~[m[K
[7.105s]       |           [32m[KgetMotorSpeed[m[K
[7.105s] [01m[K/home/luke/LKMCANNODE/src/lkmcannode.cpp:804:11:[m[K [01;31m[Kerror: [m[K‘[01m[Kclass BLDCMotor[m[K’ has no member named ‘[01m[KencoderPosition_[m[K’; did you mean ‘[01m[KgetEncoderPosition[m[K’?
[7.105s]   804 |     motor.[01;31m[KencoderPosition_[m[K = static_cast<uint16_t>(response[6] | (response[7] << 8));
[7.106s]       |           [01;31m[K^~~~~~~~~~~~~~~~[m[K
[7.106s]       |           [32m[KgetEncoderPosition[m[K
[7.106s] [01m[K/home/luke/LKMCANNODE/src/lkmcannode.cpp:[m[K In function ‘[01m[Kvoid parseSpeedClosedLoopControlResponse(const uint8_t*, BLDCMotor&)[m[K’:
[7.106s] [01m[K/home/luke/LKMCANNODE/src/lkmcannode.cpp:809:11:[m[K [01;31m[Kerror: [m[K‘[01m[Kclass BLDCMotor[m[K’ has no member named ‘[01m[Ktemperature_[m[K’; did you mean ‘[01m[KgetTemperature[m[K’?
[7.106s]   809 |     motor.[01;31m[Ktemperature_[m[K = static_cast<int8_t>(response[1]);
[7.107s]       |           [01;31m[K^~~~~~~~~~~~[m[K
[7.107s]       |           [32m[KgetTemperature[m[K
[7.107s] [01m[K/home/luke/LKMCANNODE/src/lkmcannode.cpp:810:11:[m[K [01;31m[Kerror: [m[K‘[01m[Kclass BLDCMotor[m[K’ has no member named ‘[01m[KspeedControl_[m[K’
[7.107s]   810 |     motor.[01;31m[KspeedControl_[m[K = static_cast<int32_t>(response[4] | (response[5] << 8) | (response[6] << 16) | (response[7] << 24));
[7.107s]       |           [01;31m[K^~~~~~~~~~~~~[m[K
[7.108s] [01m[K/home/luke/LKMCANNODE/src/lkmcannode.cpp:811:11:[m[K [01;31m[Kerror: [m[K‘[01m[Kclass BLDCMotor[m[K’ has no member named ‘[01m[KmotorSpeed_[m[K’; did you mean ‘[01m[KgetMotorSpeed[m[K’?
[7.108s]   811 |     motor.[01;31m[KmotorSpeed_[m[K = static_cast<int16_t>(response[2] | (response[3] << 8));
[7.108s]       |           [01;31m[K^~~~~~~~~~~[m[K
[7.108s]       |           [32m[KgetMotorSpeed[m[K
[7.108s] [01m[K/home/luke/LKMCANNODE/src/lkmcannode.cpp:812:11:[m[K [01;31m[Kerror: [m[K‘[01m[Kclass BLDCMotor[m[K’ has no member named ‘[01m[KencoderPosition_[m[K’; did you mean ‘[01m[KgetEncoderPosition[m[K’?
[7.108s]   812 |     motor.[01;31m[KencoderPosition_[m[K = static_cast<uint16_t>(response[8] | (response[9] << 8));
[7.109s]       |           [01;31m[K^~~~~~~~~~~~~~~~[m[K
[7.109s]       |           [32m[KgetEncoderPosition[m[K
[7.115s] [01m[K/home/luke/LKMCANNODE/src/lkmcannode.cpp:[m[K In function ‘[01m[Kvoid parseMultiLoopAngleControl1Response(const uint8_t*, BLDCMotor&)[m[K’:
[7.115s] [01m[K/home/luke/LKMCANNODE/src/lkmcannode.cpp:817:11:[m[K [01;31m[Kerror: [m[K‘[01m[Kclass BLDCMotor[m[K’ has no member named ‘[01m[Ktemperature_[m[K’; did you mean ‘[01m[KgetTemperature[m[K’?
[7.116s]   817 |     motor.[01;31m[Ktemperature_[m[K = static_cast<int8_t>(response[1]);
[7.116s]       |           [01;31m[K^~~~~~~~~~~~[m[K
[7.116s]       |           [32m[KgetTemperature[m[K
[7.116s] [01m[K/home/luke/LKMCANNODE/src/lkmcannode.cpp:818:11:[m[K [01;31m[Kerror: [m[K‘[01m[Kclass BLDCMotor[m[K’ has no member named ‘[01m[KangleControl_[m[K’
[7.116s]   818 |     motor.[01;31m[KangleControl_[m[K = static_cast<int32_t>(response[4] | (response[5] << 8) | (response[6] << 16) | (response[7] << 24));
[7.117s]       |           [01;31m[K^~~~~~~~~~~~~[m[K
[7.117s] [01m[K/home/luke/LKMCANNODE/src/lkmcannode.cpp:819:11:[m[K [01;31m[Kerror: [m[K‘[01m[Kclass BLDCMotor[m[K’ has no member named ‘[01m[KmotorSpeed_[m[K’; did you mean ‘[01m[KgetMotorSpeed[m[K’?
[7.117s]   819 |     motor.[01;31m[KmotorSpeed_[m[K = static_cast<int16_t>(response[2] | (response[3] << 8));
[7.117s]       |           [01;31m[K^~~~~~~~~~~[m[K
[7.117s]       |           [32m[KgetMotorSpeed[m[K
[7.118s] [01m[K/home/luke/LKMCANNODE/src/lkmcannode.cpp:820:11:[m[K [01;31m[Kerror: [m[K‘[01m[Kclass BLDCMotor[m[K’ has no member named ‘[01m[KencoderPosition_[m[K’; did you mean ‘[01m[KgetEncoderPosition[m[K’?
[7.118s]   820 |     motor.[01;31m[KencoderPosition_[m[K = static_cast<uint16_t>(response[8] | (response[9] << 8));
[7.118s]       |           [01;31m[K^~~~~~~~~~~~~~~~[m[K
[7.119s]       |           [32m[KgetEncoderPosition[m[K
[7.119s] [01m[K/home/luke/LKMCANNODE/src/lkmcannode.cpp:[m[K In function ‘[01m[Kvoid parseMultiLoopAngleControl2Response(const uint8_t*, BLDCMotor&)[m[K’:
[7.119s] [01m[K/home/luke/LKMCANNODE/src/lkmcannode.cpp:825:11:[m[K [01;31m[Kerror: [m[K‘[01m[Kclass BLDCMotor[m[K’ has no member named ‘[01m[Ktemperature_[m[K’; did you mean ‘[01m[KgetTemperature[m[K’?
[7.119s]   825 |     motor.[01;31m[Ktemperature_[m[K = static_cast<int8_t>(response[1]);
[7.119s]       |           [01;31m[K^~~~~~~~~~~~[m[K
[7.120s]       |           [32m[KgetTemperature[m[K
[7.120s] [01m[K/home/luke/LKMCANNODE/src/lkmcannode.cpp:826:11:[m[K [01;31m[Kerror: [m[K‘[01m[Kclass BLDCMotor[m[K’ has no member named ‘[01m[KmaxSpeed_[m[K’
[7.120s]   826 |     motor.[01;31m[KmaxSpeed_[m[K = static_cast<uint16_t>(response[2] | (response[3] << 8));
[7.120s]       |           [01;31m[K^~~~~~~~~[m[K
[7.120s] [01m[K/home/luke/LKMCANNODE/src/lkmcannode.cpp:827:11:[m[K [01;31m[Kerror: [m[K‘[01m[Kclass BLDCMotor[m[K’ has no member named ‘[01m[KangleControl_[m[K’
[7.121s]   827 |     motor.[01;31m[KangleControl_[m[K = static_cast<int32_t>(response[4] | (response[5] << 8) | (response[6] << 16) | (response[7] << 24));
[7.121s]       |           [01;31m[K^~~~~~~~~~~~~[m[K
[7.121s] [01m[K/home/luke/LKMCANNODE/src/lkmcannode.cpp:828:11:[m[K [01;31m[Kerror: [m[K‘[01m[Kclass BLDCMotor[m[K’ has no member named ‘[01m[KmotorSpeed_[m[K’; did you mean ‘[01m[KgetMotorSpeed[m[K’?
[7.121s]   828 |     motor.[01;31m[KmotorSpeed_[m[K = static_cast<int16_t>(response[8] | (response[9] << 8));
[7.121s]       |           [01;31m[K^~~~~~~~~~~[m[K
[7.121s]       |           [32m[KgetMotorSpeed[m[K
[7.122s] [01m[K/home/luke/LKMCANNODE/src/lkmcannode.cpp:829:11:[m[K [01;31m[Kerror: [m[K‘[01m[Kclass BLDCMotor[m[K’ has no member named ‘[01m[KencoderPosition_[m[K’; did you mean ‘[01m[KgetEncoderPosition[m[K’?
[7.122s]   829 |     motor.[01;31m[KencoderPosition_[m[K = static_cast<uint16_t>(response[10] | (response[11] << 8));
[7.122s]       |           [01;31m[K^~~~~~~~~~~~~~~~[m[K
[7.122s]       |           [32m[KgetEncoderPosition[m[K
[7.122s] [01m[K/home/luke/LKMCANNODE/src/lkmcannode.cpp:[m[K In function ‘[01m[Kvoid parseSingleLoopAngleControl1Response(const uint8_t*, BLDCMotor&)[m[K’:
[7.123s] [01m[K/home/luke/LKMCANNODE/src/lkmcannode.cpp:834:11:[m[K [01;31m[Kerror: [m[K‘[01m[Kclass BLDCMotor[m[K’ has no member named ‘[01m[Ktemperature_[m[K’; did you mean ‘[01m[KgetTemperature[m[K’?
[7.123s]   834 |     motor.[01;31m[Ktemperature_[m[K = static_cast<int8_t>(response[1]);
[7.123s]       |           [01;31m[K^~~~~~~~~~~~[m[K
[7.123s]       |           [32m[KgetTemperature[m[K
[7.123s] [01m[K/home/luke/LKMCANNODE/src/lkmcannode.cpp:835:11:[m[K [01;31m[Kerror: [m[K‘[01m[Kclass BLDCMotor[m[K’ has no member named ‘[01m[KtorqueCurrent_[m[K’; did you mean ‘[01m[KgetTorqueCurrent[m[K’?
[7.124s]   835 |     motor.[01;31m[KtorqueCurrent_[m[K = static_cast<int16_t>(response[2] | (response[3] << 8));
[7.124s]       |           [01;31m[K^~~~~~~~~~~~~~[m[K
[7.124s]       |           [32m[KgetTorqueCurrent[m[K
[7.125s] [01m[K/home/luke/LKMCANNODE/src/lkmcannode.cpp:836:11:[m[K [01;31m[Kerror: [m[K‘[01m[Kclass BLDCMotor[m[K’ has no member named ‘[01m[KmotorSpeed_[m[K’; did you mean ‘[01m[KgetMotorSpeed[m[K’?
[7.125s]   836 |     motor.[01;31m[KmotorSpeed_[m[K = static_cast<int16_t>(response[4] | (response[5] << 8));
[7.125s]       |           [01;31m[K^~~~~~~~~~~[m[K
[7.125s]       |           [32m[KgetMotorSpeed[m[K
[7.125s] [01m[K/home/luke/LKMCANNODE/src/lkmcannode.cpp:837:11:[m[K [01;31m[Kerror: [m[K‘[01m[Kclass BLDCMotor[m[K’ has no member named ‘[01m[KencoderPosition_[m[K’; did you mean ‘[01m[KgetEncoderPosition[m[K’?
[7.125s]   837 |     motor.[01;31m[KencoderPosition_[m[K = static_cast<uint16_t>(response[6] | (response[7] << 8));
[7.126s]       |           [01;31m[K^~~~~~~~~~~~~~~~[m[K
[7.126s]       |           [32m[KgetEncoderPosition[m[K
[7.126s] [01m[K/home/luke/LKMCANNODE/src/lkmcannode.cpp:[m[K At global scope:
[7.126s] [01m[K/home/luke/LKMCANNODE/src/lkmcannode.cpp:841:6:[m[K [01;31m[Kerror: [m[Kvariable or field ‘[01m[KparseSingleLoopAngleControl2Response[m[K’ declared void
[7.127s]   841 | void [01;31m[KparseSingleLoopAngleControl2Response[m[K(cconst uint8_t* response, BLDCMotor& motor) {
[7.127s]       |      [01;31m[K^~~~~~~~~~~~~~~~~~~~~~~~~~~~~~~~~~~~[m[K
[7.128s] [01m[K/home/luke/LKMCANNODE/src/lkmcannode.cpp:841:43:[m[K [01;31m[Kerror: [m[K‘[01m[Kcconst[m[K’ was not declared in this scope
[7.128s]   841 | void parseSingleLoopAngleControl2Response([01;31m[Kcconst[m[K uint8_t* response, BLDCMotor& motor) {
[7.128s]       |                                           [01;31m[K^~~~~~[m[K
[7.128s] [01m[K/home/luke/LKMCANNODE/src/lkmcannode.cpp:841:78:[m[K [01;31m[Kerror: [m[Kexpected primary-expression before ‘[01m[K&[m[K’ token
[7.129s]   841 | void parseSingleLoopAngleControl2Response(cconst uint8_t* response, BLDCMotor[01;31m[K&[m[K motor) {
[7.129s]       |                                                                              [01;31m[K^[m[K
[7.130s] [01m[K/home/luke/LKMCANNODE/src/lkmcannode.cpp:841:80:[m[K [01;31m[Kerror: [m[K‘[01m[Kmotor[m[K’ was not declared in this scope
[7.130s]   841 | void parseSingleLoopAngleControl2Response(cconst uint8_t* response, BLDCMotor& [01;31m[Kmotor[m[K) {
[7.131s]       |                                                                                [01;31m[K^~~~~[m[K
[7.131s] [01m[K/home/luke/LKMCANNODE/src/lkmcannode.cpp:[m[K In function ‘[01m[Kvoid parseIncrementAngleControlResponse(const uint8_t*, BLDCMotor&)[m[K’:
[7.131s] [01m[K/home/luke/LKMCANNODE/src/lkmcannode.cpp:857:5:[m[K [01;31m[Kerror: [m[K‘[01m[Kmotors[m[K’ was not declared in this scope; did you mean ‘[01m[Kmotor[m[K’?
[7.131s]   857 |     [01;31m[Kmotors[m[K.setMotorSpeed(static_cast<int16_t>(response[4] | (response[5] << 8));)
[7.131s]       |     [01;31m[K^~~~~~[m[K
[7.132s]       |     [32m[Kmotor[m[K
[7.132s] [01m[K/home/luke/LKMCANNODE/src/lkmcannode.cpp:857:80:[m[K [01;31m[Kerror: [m[Kexpected ‘[01m[K)[m[K’ before ‘[01m[K;[m[K’ token
[7.132s]   857 |     motors.setMotorSpeed[34m[K([m[Kstatic_cast<int16_t>(response[4] | (response[5] << 8))[01;31m[K;[m[K)
[7.132s]       |                         [34m[K~[m[K                                                      [01;31m[K^[m[K
[7.132s]       |                                                                                [32m[K)[m[K
[7.133s] [01m[K/home/luke/LKMCANNODE/src/lkmcannode.cpp:857:81:[m[K [01;31m[Kerror: [m[Kexpected primary-expression before ‘[01m[K)[m[K’ token
[7.133s]   857 |     motors.setMotorSpeed(static_cast<int16_t>(response[4] | (response[5] << 8));[01;31m[K)[m[K
[7.133s]       |                                                                                 [01;31m[K^[m[K
[7.133s] [01m[K/home/luke/LKMCANNODE/src/lkmcannode.cpp:[m[K In function ‘[01m[Kvoid parseWritePIDParametersToROMResponse(const uint8_t*, BLDCMotor&)[m[K’:
[7.133s] [01m[K/home/luke/LKMCANNODE/src/lkmcannode.cpp:863:58:[m[K [01;35m[Kwarning: [m[Kunused parameter ‘[01m[Kresponse[m[K’ [[01;35m[K]8;;https://gcc.gnu.org/onlinedocs/gcc/Warning-Options.html#index-Wunused-parameter-Wunused-parameter]8;;[m[K]
[7.134s]   863 | void parseWritePIDParametersToROMResponse([01;35m[Kconst uint8_t* response[m[K, BLDCMotor& motor){ //} uint16_t& anglePidKp, uint16_t& anglePidKi, uint16_t& speedPidKp, uint16_t& speedPidKi, uint16_t& iqPidKp, uint16_t& iqPidKi) {
[7.134s]       |                                           [01;35m[K~~~~~~~~~~~~~~~^~~~~~~~[m[K
[7.134s] [01m[K/home/luke/LKMCANNODE/src/lkmcannode.cpp:863:79:[m[K [01;35m[Kwarning: [m[Kunused parameter ‘[01m[Kmotor[m[K’ [[01;35m[K]8;;https://gcc.gnu.org/onlinedocs/gcc/Warning-Options.html#index-Wunused-parameter-Wunused-parameter]8;;[m[K]
[7.134s]   863 | void parseWritePIDParametersToROMResponse(const uint8_t* response, [01;35m[KBLDCMotor& motor[m[K){ //} uint16_t& anglePidKp, uint16_t& anglePidKi, uint16_t& speedPidKp, uint16_t& speedPidKi, uint16_t& iqPidKp, uint16_t& iqPidKi) {
[7.134s]       |                                                                    [01;35m[K~~~~~~~~~~~^~~~~[m[K
[7.135s] [01m[K/home/luke/LKMCANNODE/src/lkmcannode.cpp:[m[K In function ‘[01m[Kvoid parseReadPIDParametersResponse(const uint8_t*, BLDCMotor&)[m[K’:
[7.135s] [01m[K/home/luke/LKMCANNODE/src/lkmcannode.cpp:883:11:[m[K [01;31m[Kerror: [m[K‘[01m[Kclass BLDCMotor[m[K’ has no member named ‘[01m[KsetAnglePidKistatic_cast[m[K’
[7.135s]   883 |     motor.[01;31m[KsetAnglePidKistatic_cast[m[K<double>(response[3])
[7.135s]       |           [01;31m[K^~~~~~~~~~~~~~~~~~~~~~~~[m[K
[7.135s] [01m[K/home/luke/LKMCANNODE/src/lkmcannode.cpp:883:36:[m[K [01;31m[Kerror: [m[Kexpected primary-expression before ‘[01m[Kdouble[m[K’
[7.136s]   883 |     motor.setAnglePidKistatic_cast<[01;31m[Kdouble[m[K>(response[3])
[7.136s]       |                                    [01;31m[K^~~~~~[m[K
[7.136s] [01m[K/home/luke/LKMCANNODE/src/lkmcannode.cpp:[m[K In function ‘[01m[Kvoid parseReadAccelerationResponse(const uint8_t*, BLDCMotor&)[m[K’:
[7.136s] [01m[K/home/luke/LKMCANNODE/src/lkmcannode.cpp:896:125:[m[K [01;31m[Kerror: [m[Kexpected ‘[01m[K)[m[K’ before ‘[01m[K;[m[K’ token
[7.136s]   896 |     motor.setAcceleration[34m[K([m[Kstatic_cast<int32_t>(response[4] | (response[5] << 8) | (response[6] << 16) | (response[7] << 24))[01;31m[K;[m[K);
[7.137s]       |                          [34m[K~[m[K                                                                                                  [01;31m[K^[m[K
[7.137s]       |                                                                                                                             [32m[K)[m[K
[7.137s] [01m[K/home/luke/LKMCANNODE/src/lkmcannode.cpp:896:126:[m[K [01;31m[Kerror: [m[Kexpected primary-expression before ‘[01m[K)[m[K’ token
[7.137s]   896 |     motor.setAcceleration(static_cast<int32_t>(response[4] | (response[5] << 8) | (response[6] << 16) | (response[7] << 24));[01;31m[K)[m[K;
[7.137s]       |                                                                                                                              [01;31m[K^[m[K
[7.138s] [01m[K/home/luke/LKMCANNODE/src/lkmcannode.cpp:[m[K In function ‘[01m[Kvoid parseWriteEncoderValueToROMResponse(const uint8_t*, uint16_t&)[m[K’:
[7.138s] [01m[K/home/luke/LKMCANNODE/src/lkmcannode.cpp:939:57:[m[K [01;35m[Kwarning: [m[Kunused parameter ‘[01m[Kresponse[m[K’ [[01;35m[K]8;;https://gcc.gnu.org/onlinedocs/gcc/Warning-Options.html#index-Wunused-parameter-Wunused-parameter]8;;[m[K]
[7.139s]   939 | void parseWriteEncoderValueToROMResponse([01;35m[Kconst uint8_t* response[m[K, uint16_t& encoderOffset) {
[7.139s]       |                                          [01;35m[K~~~~~~~~~~~~~~~^~~~~~~~[m[K
[7.139s] [01m[K/home/luke/LKMCANNODE/src/lkmcannode.cpp:939:77:[m[K [01;35m[Kwarning: [m[Kunused parameter ‘[01m[KencoderOffset[m[K’ [[01;35m[K]8;;https://gcc.gnu.org/onlinedocs/gcc/Warning-Options.html#index-Wunused-parameter-Wunused-parameter]8;;[m[K]
[7.139s]   939 | void parseWriteEncoderValueToROMResponse(const uint8_t* response, [01;35m[Kuint16_t& encoderOffset[m[K) {
[7.139s]       |                                                                   [01;35m[K~~~~~~~~~~^~~~~~~~~~~~~[m[K
[7.140s] [01m[K/home/luke/LKMCANNODE/src/lkmcannode.cpp:[m[K In function ‘[01m[Kvoid parseWriteCurrentPositionToROMResponse(const uint8_t*, uint16_t&)[m[K’:
[7.140s] [01m[K/home/luke/LKMCANNODE/src/lkmcannode.cpp:951:60:[m[K [01;35m[Kwarning: [m[Kunused parameter ‘[01m[Kresponse[m[K’ [[01;35m[K]8;;https://gcc.gnu.org/onlinedocs/gcc/Warning-Options.html#index-Wunused-parameter-Wunused-parameter]8;;[m[K]
[7.140s]   951 | void parseWriteCurrentPositionToROMResponse([01;35m[Kconst uint8_t* response[m[K, uint16_t& encoderOffset) {
[7.140s]       |                                             [01;35m[K~~~~~~~~~~~~~~~^~~~~~~~[m[K
[7.141s] [01m[K/home/luke/LKMCANNODE/src/lkmcannode.cpp:951:80:[m[K [01;35m[Kwarning: [m[Kunused parameter ‘[01m[KencoderOffset[m[K’ [[01;35m[K]8;;https://gcc.gnu.org/onlinedocs/gcc/Warning-Options.html#index-Wunused-parameter-Wunused-parameter]8;;[m[K]
[7.141s]   951 | void parseWriteCurrentPositionToROMResponse(const uint8_t* response, [01;35m[Kuint16_t& encoderOffset[m[K) {
[7.141s]       |                                                                      [01;35m[K~~~~~~~~~~^~~~~~~~~~~~~[m[K
[7.141s] [01m[K/home/luke/LKMCANNODE/src/lkmcannode.cpp:[m[K In function ‘[01m[Kvoid parseReadMultiAngleLoopResponse(const uint8_t*, BLDCMotor&)[m[K’:
[7.141s] [01m[K/home/luke/LKMCANNODE/src/lkmcannode.cpp:965:11:[m[K [01;31m[Kerror: [m[K‘[01m[Kclass BLDCMotor[m[K’ has no member named ‘[01m[KmotorAngle_[m[K’; did you mean ‘[01m[KgetMotorAngle[m[K’?
[7.142s]   965 |     motor.[01;31m[KmotorAngle_[m[K = *(int64_t*)(response + 1);  // Assuming little-endian architecture
[7.142s]       |           [01;31m[K^~~~~~~~~~~[m[K
[7.142s]       |           [32m[KgetMotorAngle[m[K
[7.142s] [01m[K/home/luke/LKMCANNODE/src/lkmcannode.cpp:[m[K In function ‘[01m[Kvoid parseReadMotorState1AndErrorStateResponse(const uint8_t*, BLDCMotor&)[m[K’:
[7.142s] [01m[K/home/luke/LKMCANNODE/src/lkmcannode.cpp:987:58:[m[K [01;31m[Kerror: [m[Kexpected ‘[01m[K)[m[K’ before ‘[01m[K;[m[K’ token
[7.143s]   987 |     motor.setTemperature[34m[K([m[Kstatic_cast<int8_t>(response[1])[01;31m[K;[m[K);
[7.143s]       |                         [34m[K~[m[K                                [01;31m[K^[m[K
[7.143s]       |                                                          [32m[K)[m[K
[7.143s] [01m[K/home/luke/LKMCANNODE/src/lkmcannode.cpp:987:59:[m[K [01;31m[Kerror: [m[Kexpected primary-expression before ‘[01m[K)[m[K’ token
[7.143s]   987 |     motor.setTemperature(static_cast<int8_t>(response[1]);[01;31m[K)[m[K;
[7.144s]       |                                                           [01;31m[K^[m[K
[7.144s] [01m[K/home/luke/LKMCANNODE/src/lkmcannode.cpp:[m[K In function ‘[01m[Kvoid parseClearErrorStateResponse(const uint8_t*, BLDCMotor&)[m[K’:
[7.144s] [01m[K/home/luke/LKMCANNODE/src/lkmcannode.cpp:1003:58:[m[K [01;31m[Kerror: [m[Kexpected ‘[01m[K)[m[K’ before ‘[01m[K;[m[K’ token
[7.144s]  1003 |     motor.setTemperature[34m[K([m[Kstatic_cast<int8_t>(response[1])[01;31m[K;[m[K);
[7.144s]       |                         [34m[K~[m[K                                [01;31m[K^[m[K
[7.145s]       |                                                          [32m[K)[m[K
[7.145s] [01m[K/home/luke/LKMCANNODE/src/lkmcannode.cpp:1003:59:[m[K [01;31m[Kerror: [m[Kexpected primary-expression before ‘[01m[K)[m[K’ token
[7.145s]  1003 |     motor.setTemperature(static_cast<int8_t>(response[1]);[01;31m[K)[m[K;
[7.145s]       |                                                           [01;31m[K^[m[K
[7.145s] [01m[K/home/luke/LKMCANNODE/src/lkmcannode.cpp:[m[K In function ‘[01m[Kvoid parseReadMotorState2Response(const uint8_t*, BLDCMotor)[m[K’:
[7.146s] [01m[K/home/luke/LKMCANNODE/src/lkmcannode.cpp:1015:62:[m[K [01;31m[Kerror: [m[Kexpected ‘[01m[K)[m[K’ before ‘[01m[K;[m[K’ token
[7.146s]  1015 |         motor.setTemperature[34m[K([m[Kstatic_cast<int8_t>(response[1])[01;31m[K;[m[K);
[7.146s]       |                             [34m[K~[m[K                                [01;31m[K^[m[K
[7.146s]       |                                                              [32m[K)[m[K
[7.146s] [01m[K/home/luke/LKMCANNODE/src/lkmcannode.cpp:1015:63:[m[K [01;31m[Kerror: [m[Kexpected primary-expression before ‘[01m[K)[m[K’ token
[7.147s]  1015 |         motor.setTemperature(static_cast<int8_t>(response[1]);[01;31m[K)[m[K;
[7.148s]       |                                                               [01;31m[K^[m[K
[7.148s] [01m[K/home/luke/LKMCANNODE/src/lkmcannode.cpp:1017:79:[m[K [01;31m[Kerror: [m[Kexpected ‘[01m[K)[m[K’ before ‘[01m[K;[m[K’ token
[7.148s]  1017 |         motor.setTorque[34m[K([m[Kstatic_cast<int16_t>(response[2] | (response[3] << 8))[01;31m[K;[m[K);
[7.148s]       |                        [34m[K~[m[K                                                      [01;31m[K^[m[K
[7.148s]       |                                                                               [32m[K)[m[K
[7.149s] [01m[K/home/luke/LKMCANNODE/src/lkmcannode.cpp:1017:80:[m[K [01;31m[Kerror: [m[Kexpected primary-expression before ‘[01m[K)[m[K’ token
[7.149s]  1017 |         motor.setTorque(static_cast<int16_t>(response[2] | (response[3] << 8));[01;31m[K)[m[K;
[7.149s]       |                                                                                [01;31m[K^[m[K
[7.149s] [01m[K/home/luke/LKMCANNODE/src/lkmcannode.cpp:1019:78:[m[K [01;31m[Kerror: [m[Kexpected ‘[01m[K)[m[K’ before ‘[01m[K;[m[K’ token
[7.149s]  1019 |         motor.setSpeed[34m[K([m[Kstatic_cast<int16_t>(response[4] | (response[5] << 8))[01;31m[K;[m[K);
[7.150s]       |                       [34m[K~[m[K                                                      [01;31m[K^[m[K
[7.150s]       |                                                                              [32m[K)[m[K
[7.150s] [01m[K/home/luke/LKMCANNODE/src/lkmcannode.cpp:1019:79:[m[K [01;31m[Kerror: [m[Kexpected primary-expression before ‘[01m[K)[m[K’ token
[7.150s]  1019 |         motor.setSpeed(static_cast<int16_t>(response[4] | (response[5] << 8));[01;31m[K)[m[K;
[7.150s]       |                                                                               [01;31m[K^[m[K
[7.152s] [01m[K/home/luke/LKMCANNODE/src/lkmcannode.cpp:1021:81:[m[K [01;31m[Kerror: [m[Kexpected ‘[01m[K)[m[K’ before ‘[01m[K;[m[K’ token
[7.152s]  1021 |         motor.setEncoder[34m[K([m[Kstatic_cast<uint16_t>(response[6] | (response[7] << 8))[01;31m[K;[m[K);
[7.152s]       |                         [34m[K~[m[K                                                       [01;31m[K^[m[K
[7.152s]       |                                                                                 [32m[K)[m[K
[7.153s] [01m[K/home/luke/LKMCANNODE/src/lkmcannode.cpp:1021:82:[m[K [01;31m[Kerror: [m[Kexpected primary-expression before ‘[01m[K)[m[K’ token
[7.153s]  1021 |         motor.setEncoder(static_cast<uint16_t>(response[6] | (response[7] << 8));[01;31m[K)[m[K;
[7.153s]       |                                                                                  [01;31m[K^[m[K
[7.153s] [01m[K/home/luke/LKMCANNODE/src/lkmcannode.cpp:[m[K In function ‘[01m[KMessageType parseResponse(const uint8_t*, MessageType, BLDCMotor&)[m[K’:
[7.153s] [01m[K/home/luke/LKMCANNODE/src/lkmcannode.cpp:1042:64:[m[K [01;35m[Kwarning: [m[Kunused parameter ‘[01m[KmessageType[m[K’ [[01;35m[K]8;;https://gcc.gnu.org/onlinedocs/gcc/Warning-Options.html#index-Wunused-parameter-Wunused-parameter]8;;[m[K]
[7.154s]  1042 | MessageType parseResponse(const uint8_t* response, [01;35m[KMessageType messageType[m[K, BLDCMotor& motor) {
[7.154s]       |                                                    [01;35m[K~~~~~~~~~~~~^~~~~~~~~~~[m[K
[7.154s] [01m[K/home/luke/LKMCANNODE/src/lkmcannode.cpp:1042:88:[m[K [01;35m[Kwarning: [m[Kunused parameter ‘[01m[Kmotor[m[K’ [[01;35m[K]8;;https://gcc.gnu.org/onlinedocs/gcc/Warning-Options.html#index-Wunused-parameter-Wunused-parameter]8;;[m[K]
[7.154s]  1042 | MessageType parseResponse(const uint8_t* response, MessageType messageType, [01;35m[KBLDCMotor& motor[m[K) {
[7.154s]       |                                                                             [01;35m[K~~~~~~~~~~~^~~~~[m[K
[8.084s] [01m[K/home/luke/LKMCANNODE/src/lkmcannode.cpp:1092:1:[m[K [01;35m[Kwarning: [m[Kcontrol reaches end of non-void function [[01;35m[K]8;;https://gcc.gnu.org/onlinedocs/gcc/Warning-Options.html#index-Wreturn-type-Wreturn-type]8;;[m[K]
[8.084s]  1092 | [01;35m[K}[m[K
[8.085s]       | [01;35m[K^[m[K
[8.129s] gmake[2]: *** [CMakeFiles/lkmcannode.dir/build.make:76: CMakeFiles/lkmcannode.dir/src/lkmcannode.cpp.o] Error 1
[8.129s] gmake[1]: *** [CMakeFiles/Makefile2:137: CMakeFiles/lkmcannode.dir/all] Error 2
[8.130s] gmake: *** [Makefile:146: all] Error 2
[8.134s] Invoked command in '/home/luke/LKMCANNODE/build/LKMCANNODE' returned '2': CMAKE_PREFIX_PATH=/opt/ros/humble /usr/bin/cmake --build /home/luke/LKMCANNODE/build/LKMCANNODE -- -j4 -l4
