[2.588s] DEBUG:colcon:Command line arguments: ['/usr/bin/colcon', 'build']
[2.588s] DEBUG:colcon:Parsed command line arguments: Namespace(log_base=None, log_level=None, verb_name='build', build_base='build', install_base='install', merge_install=False, symlink_install=False, test_result_base=None, continue_on_error=False, executor='parallel', parallel_workers=4, event_handlers=None, ignore_user_meta=False, metas=['./colcon.meta'], base_paths=['.'], packages_ignore=None, packages_ignore_regex=None, paths=None, packages_up_to=None, packages_up_to_regex=None, packages_above=None, packages_above_and_dependencies=None, packages_above_depth=None, packages_select_by_dep=None, packages_skip_by_dep=None, packages_skip_up_to=None, packages_select_build_failed=False, packages_skip_build_finished=False, packages_select_test_failures=False, packages_skip_test_passed=False, packages_select=None, packages_skip=None, packages_select_regex=None, packages_skip_regex=None, packages_start=None, packages_end=None, allow_overriding=[], cmake_args=None, cmake_target=None, cmake_target_skip_unavailable=False, cmake_clean_cache=False, cmake_clean_first=False, cmake_force_configure=False, ament_cmake_args=None, catkin_cmake_args=None, catkin_skip_building_tests=False, verb_parser=<colcon_defaults.argument_parser.defaults.DefaultArgumentsDecorator object at 0x7feff6fc73d0>, verb_extension=<colcon_core.verb.build.BuildVerb object at 0x7feff6f277c0>, main=<bound method BuildVerb.main of <colcon_core.verb.build.BuildVerb object at 0x7feff6f277c0>>)
[2.705s] Level 1:colcon.colcon_core.package_discovery:discover_packages(colcon_meta) check parameters
[2.705s] Level 1:colcon.colcon_core.package_discovery:discover_packages(recursive) check parameters
[2.705s] Level 1:colcon.colcon_core.package_discovery:discover_packages(ignore) check parameters
[2.705s] Level 1:colcon.colcon_core.package_discovery:discover_packages(path) check parameters
[2.705s] Level 1:colcon.colcon_core.package_discovery:discover_packages(colcon_meta) discover
[2.705s] Level 1:colcon.colcon_core.package_discovery:discover_packages(recursive) discover
[2.705s] INFO:colcon.colcon_core.package_discovery:Crawling recursively for packages in '/home/luke/lkmcannode'
[2.706s] Level 1:colcon.colcon_core.package_identification:_identify(.) by extensions ['ignore', 'ignore_ament_install']
[2.706s] Level 1:colcon.colcon_core.package_identification:_identify(.) by extension 'ignore'
[2.706s] Level 1:colcon.colcon_core.package_identification:_identify(.) by extension 'ignore_ament_install'
[2.706s] Level 1:colcon.colcon_core.package_identification:_identify(.) by extensions ['colcon_pkg']
[2.706s] Level 1:colcon.colcon_core.package_identification:_identify(.) by extension 'colcon_pkg'
[2.706s] Level 1:colcon.colcon_core.package_identification:_identify(.) by extensions ['colcon_meta']
[2.706s] Level 1:colcon.colcon_core.package_identification:_identify(.) by extension 'colcon_meta'
[2.707s] Level 1:colcon.colcon_core.package_identification:_identify(.) by extensions ['ros']
[2.707s] Level 1:colcon.colcon_core.package_identification:_identify(.) by extension 'ros'
[2.739s] DEBUG:colcon.colcon_core.package_identification:Package '.' with type 'ros.ament_cmake' and name 'lkmcannode'
[2.740s] Level 1:colcon.colcon_core.package_discovery:discover_packages(recursive) using defaults
[2.740s] Level 1:colcon.colcon_core.package_discovery:discover_packages(ignore) discover
[2.740s] Level 1:colcon.colcon_core.package_discovery:discover_packages(ignore) using defaults
[2.740s] Level 1:colcon.colcon_core.package_discovery:discover_packages(path) discover
[2.740s] Level 1:colcon.colcon_core.package_discovery:discover_packages(path) using defaults
[2.967s] Level 1:colcon.colcon_core.package_discovery:discover_packages(prefix_path) check parameters
[2.968s] Level 1:colcon.colcon_core.package_discovery:discover_packages(prefix_path) discover
[3.006s] WARNING:colcon.colcon_core.prefix_path.colcon:The path '/home/luke/LKMCANNODE/install' in the environment variable COLCON_PREFIX_PATH doesn't exist
[3.007s] WARNING:colcon.colcon_ros.prefix_path.ament:The path '/home/luke/LKMCANNODE/install/LKMCANNODE' in the environment variable AMENT_PREFIX_PATH doesn't exist
[3.007s] WARNING:colcon.colcon_ros.prefix_path.catkin:The path '/home/luke/LKMCANNODE/install/LKMCANNODE' in the environment variable CMAKE_PREFIX_PATH doesn't exist
[3.047s] DEBUG:colcon.colcon_installed_package_information.package_discovery:Found 1 installed packages in /home/luke/lkmcannode/install
[3.091s] DEBUG:colcon.colcon_installed_package_information.package_discovery:Found 309 installed packages in /opt/ros/humble
[3.095s] Level 1:colcon.colcon_core.package_discovery:discover_packages(prefix_path) using defaults
[3.333s] Level 5:colcon.colcon_core.verb:set package 'lkmcannode' build argument 'cmake_args' from command line to 'None'
[3.333s] Level 5:colcon.colcon_core.verb:set package 'lkmcannode' build argument 'cmake_target' from command line to 'None'
[3.333s] Level 5:colcon.colcon_core.verb:set package 'lkmcannode' build argument 'cmake_target_skip_unavailable' from command line to 'False'
[3.333s] Level 5:colcon.colcon_core.verb:set package 'lkmcannode' build argument 'cmake_clean_cache' from command line to 'False'
[3.333s] Level 5:colcon.colcon_core.verb:set package 'lkmcannode' build argument 'cmake_clean_first' from command line to 'False'
[3.333s] Level 5:colcon.colcon_core.verb:set package 'lkmcannode' build argument 'cmake_force_configure' from command line to 'False'
[3.333s] Level 5:colcon.colcon_core.verb:set package 'lkmcannode' build argument 'ament_cmake_args' from command line to 'None'
[3.333s] Level 5:colcon.colcon_core.verb:set package 'lkmcannode' build argument 'catkin_cmake_args' from command line to 'None'
[3.333s] Level 5:colcon.colcon_core.verb:set package 'lkmcannode' build argument 'catkin_skip_building_tests' from command line to 'False'
[3.334s] DEBUG:colcon.colcon_core.verb:Building package 'lkmcannode' with the following arguments: {'ament_cmake_args': None, 'build_base': '/home/luke/lkmcannode/build/lkmcannode', 'catkin_cmake_args': None, 'catkin_skip_building_tests': False, 'cmake_args': None, 'cmake_clean_cache': False, 'cmake_clean_first': False, 'cmake_force_configure': False, 'cmake_target': None, 'cmake_target_skip_unavailable': False, 'install_base': '/home/luke/lkmcannode/install/lkmcannode', 'merge_install': False, 'path': '/home/luke/lkmcannode', 'symlink_install': False, 'test_result_base': None}
[3.371s] INFO:colcon.colcon_core.executor:Executing jobs using 'parallel' executor
[3.410s] DEBUG:colcon.colcon_parallel_executor.executor.parallel:run_until_complete
[3.411s] INFO:colcon.colcon_ros.task.ament_cmake.build:Building ROS package in '/home/luke/lkmcannode' with build type 'ament_cmake'
[3.411s] INFO:colcon.colcon_cmake.task.cmake.build:Building CMake package in '/home/luke/lkmcannode'
[3.453s] INFO:colcon.colcon_core.plugin_system:Skipping extension 'colcon_core.shell.bat': Not used on non-Windows systems
[3.454s] INFO:colcon.colcon_core.shell:Skip shell extension 'powershell' for command environment: Not usable outside of PowerShell
[3.454s] DEBUG:colcon.colcon_core.shell:Skip shell extension 'dsv' for command environment
[3.591s] DEBUG:colcon.colcon_core.event_handler.log_command:Invoking command in '/home/luke/lkmcannode/build/lkmcannode': CMAKE_PREFIX_PATH=${CMAKE_PREFIX_PATH}:/opt/ros/humble /usr/bin/cmake --build /home/luke/lkmcannode/build/lkmcannode -- -j4 -l4
[26.016s] DEBUG:colcon.colcon_core.event_handler.log_command:Invoked command in '/home/luke/lkmcannode/build/lkmcannode' returned '0': CMAKE_PREFIX_PATH=${CMAKE_PREFIX_PATH}:/opt/ros/humble /usr/bin/cmake --build /home/luke/lkmcannode/build/lkmcannode -- -j4 -l4
[26.092s] DEBUG:colcon.colcon_core.event_handler.log_command:Invoking command in '/home/luke/lkmcannode/build/lkmcannode': CMAKE_PREFIX_PATH=${CMAKE_PREFIX_PATH}:/opt/ros/humble /usr/bin/cmake --install /home/luke/lkmcannode/build/lkmcannode
[26.129s] Level 1:colcon.colcon_core.environment:create_environment_scripts_only(lkmcannode)
[26.129s] DEBUG:colcon.colcon_core.event_handler.log_command:Invoked command in '/home/luke/lkmcannode/build/lkmcannode' returned '0': CMAKE_PREFIX_PATH=${CMAKE_PREFIX_PATH}:/opt/ros/humble /usr/bin/cmake --install /home/luke/lkmcannode/build/lkmcannode
[26.173s] Level 1:colcon.colcon_core.environment:checking '/home/luke/lkmcannode/install/lkmcannode' for CMake module files
[26.175s] Level 1:colcon.colcon_core.environment:checking '/home/luke/lkmcannode/install/lkmcannode' for CMake config files
[26.175s] Level 1:colcon.colcon_core.shell:create_environment_hook('lkmcannode', 'cmake_prefix_path')
[26.213s] INFO:colcon.colcon_core.shell:Creating environment hook '/home/luke/lkmcannode/install/lkmcannode/share/lkmcannode/hook/cmake_prefix_path.ps1'
[26.215s] INFO:colcon.colcon_core.shell:Creating environment descriptor '/home/luke/lkmcannode/install/lkmcannode/share/lkmcannode/hook/cmake_prefix_path.dsv'
[26.215s] INFO:colcon.colcon_core.shell:Creating environment hook '/home/luke/lkmcannode/install/lkmcannode/share/lkmcannode/hook/cmake_prefix_path.sh'
[26.217s] Level 1:colcon.colcon_core.environment:checking '/home/luke/lkmcannode/install/lkmcannode/lib'
[26.217s] Level 1:colcon.colcon_core.environment:checking '/home/luke/lkmcannode/install/lkmcannode/bin'
[26.217s] Level 1:colcon.colcon_core.environment:checking '/home/luke/lkmcannode/install/lkmcannode/lib/pkgconfig/lkmcannode.pc'
[26.218s] Level 1:colcon.colcon_core.environment:checking '/home/luke/lkmcannode/install/lkmcannode/lib/python3.10/site-packages'
[26.218s] Level 1:colcon.colcon_core.environment:checking '/home/luke/lkmcannode/install/lkmcannode/bin'
[26.256s] INFO:colcon.colcon_core.shell:Creating package script '/home/luke/lkmcannode/install/lkmcannode/share/lkmcannode/package.ps1'
[26.259s] INFO:colcon.colcon_core.shell:Creating package descriptor '/home/luke/lkmcannode/install/lkmcannode/share/lkmcannode/package.dsv'
[26.260s] INFO:colcon.colcon_core.shell:Creating package script '/home/luke/lkmcannode/install/lkmcannode/share/lkmcannode/package.sh'
[26.261s] INFO:colcon.colcon_core.shell:Creating package script '/home/luke/lkmcannode/install/lkmcannode/share/lkmcannode/package.bash'
[26.263s] INFO:colcon.colcon_core.shell:Creating package script '/home/luke/lkmcannode/install/lkmcannode/share/lkmcannode/package.zsh'
[26.264s] Level 1:colcon.colcon_core.environment:create_file_with_runtime_dependencies(/home/luke/lkmcannode/install/lkmcannode/share/colcon-core/packages/lkmcannode)
[26.356s] Level 1:colcon.colcon_core.environment:create_environment_scripts_only(lkmcannode)
[26.395s] Level 1:colcon.colcon_core.environment:checking '/home/luke/lkmcannode/install/lkmcannode' for CMake module files
[26.396s] Level 1:colcon.colcon_core.environment:checking '/home/luke/lkmcannode/install/lkmcannode' for CMake config files
[26.397s] Level 1:colcon.colcon_core.shell:create_environment_hook('lkmcannode', 'cmake_prefix_path')
[26.468s] INFO:colcon.colcon_core.shell:Creating environment hook '/home/luke/lkmcannode/install/lkmcannode/share/lkmcannode/hook/cmake_prefix_path.ps1'
[26.469s] INFO:colcon.colcon_core.shell:Creating environment descriptor '/home/luke/lkmcannode/install/lkmcannode/share/lkmcannode/hook/cmake_prefix_path.dsv'
[26.470s] INFO:colcon.colcon_core.shell:Creating environment hook '/home/luke/lkmcannode/install/lkmcannode/share/lkmcannode/hook/cmake_prefix_path.sh'
[26.471s] Level 1:colcon.colcon_core.environment:checking '/home/luke/lkmcannode/install/lkmcannode/lib'
[26.471s] Level 1:colcon.colcon_core.environment:checking '/home/luke/lkmcannode/install/lkmcannode/bin'
[26.471s] Level 1:colcon.colcon_core.environment:checking '/home/luke/lkmcannode/install/lkmcannode/lib/pkgconfig/lkmcannode.pc'
[26.472s] Level 1:colcon.colcon_core.environment:checking '/home/luke/lkmcannode/install/lkmcannode/lib/python3.10/site-packages'
[26.472s] Level 1:colcon.colcon_core.environment:checking '/home/luke/lkmcannode/install/lkmcannode/bin'
[26.513s] INFO:colcon.colcon_core.shell:Creating package script '/home/luke/lkmcannode/install/lkmcannode/share/lkmcannode/package.ps1'
[26.514s] INFO:colcon.colcon_core.shell:Creating package descriptor '/home/luke/lkmcannode/install/lkmcannode/share/lkmcannode/package.dsv'
[26.515s] INFO:colcon.colcon_core.shell:Creating package script '/home/luke/lkmcannode/install/lkmcannode/share/lkmcannode/package.sh'
[26.516s] INFO:colcon.colcon_core.shell:Creating package script '/home/luke/lkmcannode/install/lkmcannode/share/lkmcannode/package.bash'
[26.516s] INFO:colcon.colcon_core.shell:Creating package script '/home/luke/lkmcannode/install/lkmcannode/share/lkmcannode/package.zsh'
[26.517s] Level 1:colcon.colcon_core.environment:create_file_with_runtime_dependencies(/home/luke/lkmcannode/install/lkmcannode/share/colcon-core/packages/lkmcannode)
[26.518s] DEBUG:colcon.colcon_parallel_executor.executor.parallel:closing loop
[26.518s] DEBUG:colcon.colcon_parallel_executor.executor.parallel:loop closed
[26.518s] DEBUG:colcon.colcon_parallel_executor.executor.parallel:run_until_complete finished with '0'
[26.519s] DEBUG:colcon.colcon_core.event_reactor:joining thread
[26.569s] INFO:colcon.colcon_core.plugin_system:Skipping extension 'colcon_notification.desktop_notification.terminal_notifier': Not used on non-Darwin systems
[26.569s] INFO:colcon.colcon_core.plugin_system:Skipping extension 'colcon_notification.desktop_notification.win32': Not used on non-Windows systems
[26.569s] INFO:colcon.colcon_notification.desktop_notification:Sending desktop notification using 'notify2'
[26.590s] DEBUG:colcon.colcon_core.event_reactor:joined thread
[26.628s] INFO:colcon.colcon_core.shell:Creating prefix script '/home/luke/lkmcannode/install/local_setup.ps1'
[26.630s] INFO:colcon.colcon_core.shell:Creating prefix util module '/home/luke/lkmcannode/install/_local_setup_util_ps1.py'
[26.632s] INFO:colcon.colcon_core.shell:Creating prefix chain script '/home/luke/lkmcannode/install/setup.ps1'
[26.672s] INFO:colcon.colcon_core.shell:Creating prefix script '/home/luke/lkmcannode/install/local_setup.sh'
[26.674s] INFO:colcon.colcon_core.shell:Creating prefix util module '/home/luke/lkmcannode/install/_local_setup_util_sh.py'
[26.675s] INFO:colcon.colcon_core.shell:Creating prefix chain script '/home/luke/lkmcannode/install/setup.sh'
[26.716s] INFO:colcon.colcon_core.shell:Creating prefix script '/home/luke/lkmcannode/install/local_setup.bash'
[26.717s] INFO:colcon.colcon_core.shell:Creating prefix chain script '/home/luke/lkmcannode/install/setup.bash'
[26.758s] INFO:colcon.colcon_core.shell:Creating prefix script '/home/luke/lkmcannode/install/local_setup.zsh'
[26.759s] INFO:colcon.colcon_core.shell:Creating prefix chain script '/home/luke/lkmcannode/install/setup.zsh'
