[2.546s] DEBUG:colcon:Command line arguments: ['/usr/bin/colcon', 'build']
[2.546s] DEBUG:colcon:Parsed command line arguments: Namespace(log_base=None, log_level=None, verb_name='build', build_base='build', install_base='install', merge_install=False, symlink_install=False, test_result_base=None, continue_on_error=False, executor='parallel', parallel_workers=4, event_handlers=None, ignore_user_meta=False, metas=['./colcon.meta'], base_paths=['.'], packages_ignore=None, packages_ignore_regex=None, paths=None, packages_up_to=None, packages_up_to_regex=None, packages_above=None, packages_above_and_dependencies=None, packages_above_depth=None, packages_select_by_dep=None, packages_skip_by_dep=None, packages_skip_up_to=None, packages_select_build_failed=False, packages_skip_build_finished=False, packages_select_test_failures=False, packages_skip_test_passed=False, packages_select=None, packages_skip=None, packages_select_regex=None, packages_skip_regex=None, packages_start=None, packages_end=None, allow_overriding=[], cmake_args=None, cmake_target=None, cmake_target_skip_unavailable=False, cmake_clean_cache=False, cmake_clean_first=False, cmake_force_configure=False, ament_cmake_args=None, catkin_cmake_args=None, catkin_skip_building_tests=False, verb_parser=<colcon_defaults.argument_parser.defaults.DefaultArgumentsDecorator object at 0x7ff5b2edf550>, verb_extension=<colcon_core.verb.build.BuildVerb object at 0x7ff5b2e3d8a0>, main=<bound method BuildVerb.main of <colcon_core.verb.build.BuildVerb object at 0x7ff5b2e3d8a0>>)
[2.660s] Level 1:colcon.colcon_core.package_discovery:discover_packages(colcon_meta) check parameters
[2.661s] Level 1:colcon.colcon_core.package_discovery:discover_packages(recursive) check parameters
[2.661s] Level 1:colcon.colcon_core.package_discovery:discover_packages(ignore) check parameters
[2.661s] Level 1:colcon.colcon_core.package_discovery:discover_packages(path) check parameters
[2.661s] Level 1:colcon.colcon_core.package_discovery:discover_packages(colcon_meta) discover
[2.661s] Level 1:colcon.colcon_core.package_discovery:discover_packages(recursive) discover
[2.661s] INFO:colcon.colcon_core.package_discovery:Crawling recursively for packages in '/home/luke/LKMCANNODE'
[2.662s] Level 1:colcon.colcon_core.package_identification:_identify(.) by extensions ['ignore', 'ignore_ament_install']
[2.662s] Level 1:colcon.colcon_core.package_identification:_identify(.) by extension 'ignore'
[2.662s] Level 1:colcon.colcon_core.package_identification:_identify(.) by extension 'ignore_ament_install'
[2.662s] Level 1:colcon.colcon_core.package_identification:_identify(.) by extensions ['colcon_pkg']
[2.662s] Level 1:colcon.colcon_core.package_identification:_identify(.) by extension 'colcon_pkg'
[2.662s] Level 1:colcon.colcon_core.package_identification:_identify(.) by extensions ['colcon_meta']
[2.662s] Level 1:colcon.colcon_core.package_identification:_identify(.) by extension 'colcon_meta'
[2.663s] Level 1:colcon.colcon_core.package_identification:_identify(.) by extensions ['ros']
[2.663s] Level 1:colcon.colcon_core.package_identification:_identify(.) by extension 'ros'
[2.696s] DEBUG:colcon.colcon_core.package_identification:Package '.' with type 'ros.ament_cmake' and name 'LKMCANNODE'
[2.696s] Level 1:colcon.colcon_core.package_discovery:discover_packages(recursive) using defaults
[2.697s] Level 1:colcon.colcon_core.package_discovery:discover_packages(ignore) discover
[2.697s] Level 1:colcon.colcon_core.package_discovery:discover_packages(ignore) using defaults
[2.697s] Level 1:colcon.colcon_core.package_discovery:discover_packages(path) discover
[2.697s] Level 1:colcon.colcon_core.package_discovery:discover_packages(path) using defaults
[2.931s] Level 1:colcon.colcon_core.package_discovery:discover_packages(prefix_path) check parameters
[2.931s] Level 1:colcon.colcon_core.package_discovery:discover_packages(prefix_path) discover
[3.017s] DEBUG:colcon.colcon_installed_package_information.package_discovery:Found 309 installed packages in /opt/ros/humble
[3.021s] Level 1:colcon.colcon_core.package_discovery:discover_packages(prefix_path) using defaults
[3.256s] Level 5:colcon.colcon_core.verb:set package 'LKMCANNODE' build argument 'cmake_args' from command line to 'None'
[3.256s] Level 5:colcon.colcon_core.verb:set package 'LKMCANNODE' build argument 'cmake_target' from command line to 'None'
[3.256s] Level 5:colcon.colcon_core.verb:set package 'LKMCANNODE' build argument 'cmake_target_skip_unavailable' from command line to 'False'
[3.256s] Level 5:colcon.colcon_core.verb:set package 'LKMCANNODE' build argument 'cmake_clean_cache' from command line to 'False'
[3.256s] Level 5:colcon.colcon_core.verb:set package 'LKMCANNODE' build argument 'cmake_clean_first' from command line to 'False'
[3.256s] Level 5:colcon.colcon_core.verb:set package 'LKMCANNODE' build argument 'cmake_force_configure' from command line to 'False'
[3.257s] Level 5:colcon.colcon_core.verb:set package 'LKMCANNODE' build argument 'ament_cmake_args' from command line to 'None'
[3.257s] Level 5:colcon.colcon_core.verb:set package 'LKMCANNODE' build argument 'catkin_cmake_args' from command line to 'None'
[3.257s] Level 5:colcon.colcon_core.verb:set package 'LKMCANNODE' build argument 'catkin_skip_building_tests' from command line to 'False'
[3.257s] DEBUG:colcon.colcon_core.verb:Building package 'LKMCANNODE' with the following arguments: {'ament_cmake_args': None, 'build_base': '/home/luke/LKMCANNODE/build/LKMCANNODE', 'catkin_cmake_args': None, 'catkin_skip_building_tests': False, 'cmake_args': None, 'cmake_clean_cache': False, 'cmake_clean_first': False, 'cmake_force_configure': False, 'cmake_target': None, 'cmake_target_skip_unavailable': False, 'install_base': '/home/luke/LKMCANNODE/install/LKMCANNODE', 'merge_install': False, 'path': '/home/luke/LKMCANNODE', 'symlink_install': False, 'test_result_base': None}
[3.294s] INFO:colcon.colcon_core.executor:Executing jobs using 'parallel' executor
[3.333s] DEBUG:colcon.colcon_parallel_executor.executor.parallel:run_until_complete
[3.334s] INFO:colcon.colcon_ros.task.ament_cmake.build:Building ROS package in '/home/luke/LKMCANNODE' with build type 'ament_cmake'
[3.334s] INFO:colcon.colcon_cmake.task.cmake.build:Building CMake package in '/home/luke/LKMCANNODE'
[3.376s] INFO:colcon.colcon_core.plugin_system:Skipping extension 'colcon_core.shell.bat': Not used on non-Windows systems
[3.377s] INFO:colcon.colcon_core.shell:Skip shell extension 'powershell' for command environment: Not usable outside of PowerShell
[3.377s] DEBUG:colcon.colcon_core.shell:Skip shell extension 'dsv' for command environment
[3.473s] DEBUG:colcon.colcon_core.event_handler.log_command:Invoking command in '/home/luke/LKMCANNODE/build/LKMCANNODE': CMAKE_PREFIX_PATH=/opt/ros/humble /usr/bin/cmake --build /home/luke/LKMCANNODE/build/LKMCANNODE -- -j4 -l4
[11.692s] DEBUG:colcon.colcon_core.event_handler.log_command:Invoked command in '/home/luke/LKMCANNODE/build/LKMCANNODE' returned '2': CMAKE_PREFIX_PATH=/opt/ros/humble /usr/bin/cmake --build /home/luke/LKMCANNODE/build/LKMCANNODE -- -j4 -l4
[11.780s] Level 1:colcon.colcon_core.environment:create_environment_scripts_only(LKMCANNODE)
[11.825s] Level 1:colcon.colcon_core.environment:checking '/home/luke/LKMCANNODE/install/LKMCANNODE' for CMake module files
[11.826s] Level 1:colcon.colcon_core.environment:checking '/home/luke/LKMCANNODE/install/LKMCANNODE' for CMake config files
[11.827s] Level 1:colcon.colcon_core.shell:create_environment_hook('LKMCANNODE', 'cmake_prefix_path')
[11.864s] INFO:colcon.colcon_core.shell:Creating environment hook '/home/luke/LKMCANNODE/install/LKMCANNODE/share/LKMCANNODE/hook/cmake_prefix_path.ps1'
[11.866s] INFO:colcon.colcon_core.shell:Creating environment descriptor '/home/luke/LKMCANNODE/install/LKMCANNODE/share/LKMCANNODE/hook/cmake_prefix_path.dsv'
[11.867s] INFO:colcon.colcon_core.shell:Creating environment hook '/home/luke/LKMCANNODE/install/LKMCANNODE/share/LKMCANNODE/hook/cmake_prefix_path.sh'
[11.868s] Level 1:colcon.colcon_core.environment:checking '/home/luke/LKMCANNODE/install/LKMCANNODE/bin'
[11.868s] Level 1:colcon.colcon_core.environment:checking '/home/luke/LKMCANNODE/install/LKMCANNODE/lib/pkgconfig/LKMCANNODE.pc'
[11.869s] Level 1:colcon.colcon_core.environment:checking '/home/luke/LKMCANNODE/install/LKMCANNODE/lib/python3.10/site-packages'
[11.869s] Level 1:colcon.colcon_core.environment:checking '/home/luke/LKMCANNODE/install/LKMCANNODE/bin'
[11.908s] INFO:colcon.colcon_core.shell:Creating package script '/home/luke/LKMCANNODE/install/LKMCANNODE/share/LKMCANNODE/package.ps1'
[11.910s] INFO:colcon.colcon_core.shell:Creating package descriptor '/home/luke/LKMCANNODE/install/LKMCANNODE/share/LKMCANNODE/package.dsv'
[11.911s] INFO:colcon.colcon_core.shell:Creating package script '/home/luke/LKMCANNODE/install/LKMCANNODE/share/LKMCANNODE/package.sh'
[11.913s] INFO:colcon.colcon_core.shell:Creating package script '/home/luke/LKMCANNODE/install/LKMCANNODE/share/LKMCANNODE/package.bash'
[11.914s] INFO:colcon.colcon_core.shell:Creating package script '/home/luke/LKMCANNODE/install/LKMCANNODE/share/LKMCANNODE/package.zsh'
[11.915s] Level 1:colcon.colcon_core.environment:create_file_with_runtime_dependencies(/home/luke/LKMCANNODE/install/LKMCANNODE/share/colcon-core/packages/LKMCANNODE)
[11.926s] DEBUG:colcon.colcon_parallel_executor.executor.parallel:closing loop
[11.927s] DEBUG:colcon.colcon_parallel_executor.executor.parallel:loop closed
[11.927s] DEBUG:colcon.colcon_parallel_executor.executor.parallel:run_until_complete finished with '2'
[11.927s] DEBUG:colcon.colcon_core.event_reactor:joining thread
[11.975s] INFO:colcon.colcon_core.plugin_system:Skipping extension 'colcon_notification.desktop_notification.terminal_notifier': Not used on non-Darwin systems
[11.976s] INFO:colcon.colcon_core.plugin_system:Skipping extension 'colcon_notification.desktop_notification.win32': Not used on non-Windows systems
[11.976s] INFO:colcon.colcon_notification.desktop_notification:Sending desktop notification using 'notify2'
[11.994s] DEBUG:colcon.colcon_core.event_reactor:joined thread
[12.032s] INFO:colcon.colcon_core.shell:Creating prefix script '/home/luke/LKMCANNODE/install/local_setup.ps1'
[12.034s] INFO:colcon.colcon_core.shell:Creating prefix util module '/home/luke/LKMCANNODE/install/_local_setup_util_ps1.py'
[12.037s] INFO:colcon.colcon_core.shell:Creating prefix chain script '/home/luke/LKMCANNODE/install/setup.ps1'
[12.107s] INFO:colcon.colcon_core.shell:Creating prefix script '/home/luke/LKMCANNODE/install/local_setup.sh'
[12.108s] INFO:colcon.colcon_core.shell:Creating prefix util module '/home/luke/LKMCANNODE/install/_local_setup_util_sh.py'
[12.109s] INFO:colcon.colcon_core.shell:Creating prefix chain script '/home/luke/LKMCANNODE/install/setup.sh'
[12.149s] INFO:colcon.colcon_core.shell:Creating prefix script '/home/luke/LKMCANNODE/install/local_setup.bash'
[12.150s] INFO:colcon.colcon_core.shell:Creating prefix chain script '/home/luke/LKMCANNODE/install/setup.bash'
[12.190s] INFO:colcon.colcon_core.shell:Creating prefix script '/home/luke/LKMCANNODE/install/local_setup.zsh'
[12.191s] INFO:colcon.colcon_core.shell:Creating prefix chain script '/home/luke/LKMCANNODE/install/setup.zsh'
