[0.141s] Invoking command in '/home/luke/LKMCANNODE/build/LKMCANNODE': CMAKE_PREFIX_PATH=/opt/ros/humble /usr/bin/cmake --build /home/luke/LKMCANNODE/build/LKMCANNODE -- -j4 -l4
[0.238s] [35m[1mConsolidate compiler generated dependencies of target lkmcannode[0m
[0.291s] [ 50%] [32mBuilding CXX object CMakeFiles/lkmcannode.dir/src/lkmcannode.cpp.o[0m
[6.219s] [01m[K/home/luke/LKMCANNODE/src/lkmcannode.cpp:20:5:[m[K [01;31m[Kerror: [m[K‘[01m[KMotorOffCommand[m[K’ does not name a type
[6.220s]    20 |     [01;31m[KMotorOffCommand[m[K createMotorOffCommand() {
[6.220s]       |     [01;31m[K^~~~~~~~~~~~~~~[m[K
[6.226s] [01m[K/home/luke/LKMCANNODE/src/lkmcannode.cpp:26:5:[m[K [01;31m[Kerror: [m[K‘[01m[KMotorOnCommand[m[K’ does not name a type
[6.226s]    26 |     [01;31m[KMotorOnCommand[m[K createMotorOnCommand() {
[6.226s]       |     [01;31m[K^~~~~~~~~~~~~~[m[K
[6.232s] [01m[K/home/luke/LKMCANNODE/src/lkmcannode.cpp:32:5:[m[K [01;31m[Kerror: [m[K‘[01m[KMotorStopCommand[m[K’ does not name a type
[6.232s]    32 |     [01;31m[KMotorStopCommand[m[K createMotorStopCommand() {
[6.232s]       |     [01;31m[K^~~~~~~~~~~~~~~~[m[K
[6.241s] [01m[K/home/luke/LKMCANNODE/src/lkmcannode.cpp:38:5:[m[K [01;31m[Kerror: [m[K‘[01m[KOpenLoopControlCommand[m[K’ does not name a type
[6.241s]    38 |     [01;31m[KOpenLoopControlCommand[m[K createOpenLoopControlCommand(int16_t powerControl) {
[6.241s]       |     [01;31m[K^~~~~~~~~~~~~~~~~~~~~~[m[K
[6.251s] [01m[K/home/luke/LKMCANNODE/src/lkmcannode.cpp:44:5:[m[K [01;31m[Kerror: [m[K‘[01m[KSpeedClosedLoopControlCommand[m[K’ does not name a type
[6.251s]    44 |     [01;31m[KSpeedClosedLoopControlCommand[m[K createSpeedClosedLoopControlCommand(int32_t speedControl) {
[6.251s]       |     [01;31m[K^~~~~~~~~~~~~~~~~~~~~~~~~~~~~[m[K
[6.261s] [01m[K/home/luke/LKMCANNODE/src/lkmcannode.cpp:50:5:[m[K [01;31m[Kerror: [m[K‘[01m[KMultiLoopAngleControl1Command[m[K’ does not name a type
[6.261s]    50 |     [01;31m[KMultiLoopAngleControl1Command[m[K createMultiLoopAngleControl1Command(int32_t angleControl, int16_t maxSpeed) {
[6.261s]       |     [01;31m[K^~~~~~~~~~~~~~~~~~~~~~~~~~~~~[m[K
[6.272s] [01m[K/home/luke/LKMCANNODE/src/lkmcannode.cpp:56:5:[m[K [01;31m[Kerror: [m[K‘[01m[KMultiLoopAngleControl2Command[m[K’ does not name a type
[6.272s]    56 |     [01;31m[KMultiLoopAngleControl2Command[m[K createMultiLoopAngleControl2Command(int32_t angleControl, uint16_t maxSpeed) {
[6.272s]       |     [01;31m[K^~~~~~~~~~~~~~~~~~~~~~~~~~~~~[m[K
[6.283s] [01m[K/home/luke/LKMCANNODE/src/lkmcannode.cpp:62:5:[m[K [01;31m[Kerror: [m[K‘[01m[KSingleLoopAngleControl1Command[m[K’ does not name a type
[6.283s]    62 |     [01;31m[KSingleLoopAngleControl1Command[m[K createSingleLoopAngleControl1Command(uint8_t spinDirection, uint32_t angleControl) {
[6.283s]       |     [01;31m[K^~~~~~~~~~~~~~~~~~~~~~~~~~~~~~[m[K
[6.293s] [01m[K/home/luke/LKMCANNODE/src/lkmcannode.cpp:68:5:[m[K [01;31m[Kerror: [m[K‘[01m[KSingleLoopAngleControl2Command[m[K’ does not name a type
[6.293s]    68 |     [01;31m[KSingleLoopAngleControl2Command[m[K createSingleLoopAngleControl2Command(uint8_t spinDirection, uint32_t angleControl, uint16_t maxSpeed) {
[6.294s]       |     [01;31m[K^~~~~~~~~~~~~~~~~~~~~~~~~~~~~~[m[K
[6.294s] [01m[K/home/luke/LKMCANNODE/src/lkmcannode.cpp:[m[K In constructor ‘[01m[KBLDCMotor::BLDCMotor(uint8_t)[m[K’:
[6.294s] [01m[K/home/luke/LKMCANNODE/src/lkmcannode.cpp:17:34:[m[K [01;31m[Kerror: [m[Kclass ‘[01m[KBLDCMotor[m[K’ does not have any field named ‘[01m[KmotorId_[m[K’
[6.295s]    17 |     BLDCMotor(uint8_t motorId) : [01;31m[KmotorId_[m[K(motorId) {}
[6.295s]       |                                  [01;31m[K^~~~~~~~[m[K
[6.309s] [01m[K/home/luke/LKMCANNODE/src/lkmcannode.cpp:[m[K In member function ‘[01m[Kvoid BLDCMotor::sendClearErrorStateCommand()[m[K’:
[6.309s] [01m[K/home/luke/LKMCANNODE/src/lkmcannode.cpp:76:5:[m[K [01;31m[Kerror: [m[K‘[01m[KClearErrorStateCommand[m[K’ was not declared in this scope; did you mean ‘[01m[KsendClearErrorStateCommand[m[K’?
[6.310s]    76 |     [01;31m[KClearErrorStateCommand[m[K command;
[6.310s]       |     [01;31m[K^~~~~~~~~~~~~~~~~~~~~~[m[K
[6.310s]       |     [32m[KsendClearErrorStateCommand[m[K
[6.320s] [01m[K/home/luke/LKMCANNODE/src/lkmcannode.cpp:77:5:[m[K [01;31m[Kerror: [m[K‘[01m[Kcommand[m[K’ was not declared in this scope
[6.320s]    77 |     [01;31m[Kcommand[m[K.commandByte = 0x9B;
[6.320s]       |     [01;31m[K^~~~~~~[m[K
[6.335s] [01m[K/home/luke/LKMCANNODE/src/lkmcannode.cpp:[m[K In member function ‘[01m[Kvoid BLDCMotor::sendReadMotorState2Command()[m[K’:
[6.335s] [01m[K/home/luke/LKMCANNODE/src/lkmcannode.cpp:86:5:[m[K [01;31m[Kerror: [m[K‘[01m[KReadMotorState2Command[m[K’ was not declared in this scope; did you mean ‘[01m[KsendReadMotorState2Command[m[K’?
[6.335s]    86 |     [01;31m[KReadMotorState2Command[m[K command;
[6.335s]       |     [01;31m[K^~~~~~~~~~~~~~~~~~~~~~[m[K
[6.335s]       |     [32m[KsendReadMotorState2Command[m[K
[6.346s] [01m[K/home/luke/LKMCANNODE/src/lkmcannode.cpp:88:12:[m[K [01;31m[Kerror: [m[K‘[01m[Kcommand[m[K’ was not declared in this scope
[6.346s]    88 |     memset([01;31m[Kcommand[m[K.padding, 0x00, sizeof(command.padding));
[6.347s]       |            [01;31m[K^~~~~~~[m[K
[6.361s] [01m[K/home/luke/LKMCANNODE/src/lkmcannode.cpp:[m[K In member function ‘[01m[Kvoid BLDCMotor::sendReadMotorState3Command()[m[K’:
[6.361s] [01m[K/home/luke/LKMCANNODE/src/lkmcannode.cpp:95:5:[m[K [01;31m[Kerror: [m[K‘[01m[KReadMotorState3Command[m[K’ was not declared in this scope; did you mean ‘[01m[KsendReadMotorState3Command[m[K’?
[6.361s]    95 |     [01;31m[KReadMotorState3Command[m[K command;
[6.362s]       |     [01;31m[K^~~~~~~~~~~~~~~~~~~~~~[m[K
[6.362s]       |     [32m[KsendReadMotorState3Command[m[K
[6.372s] [01m[K/home/luke/LKMCANNODE/src/lkmcannode.cpp:97:12:[m[K [01;31m[Kerror: [m[K‘[01m[Kcommand[m[K’ was not declared in this scope
[6.372s]    97 |     memset([01;31m[Kcommand[m[K.padding, 0x00, sizeof(command.padding));
[6.372s]       |            [01;31m[K^~~~~~~[m[K
[6.383s] [01m[K/home/luke/LKMCANNODE/src/lkmcannode.cpp:[m[K In member function ‘[01m[KMotorType BLDCMotor::getMotorType() const[m[K’:
[6.383s] [01m[K/home/luke/LKMCANNODE/src/lkmcannode.cpp:103:45:[m[K [01;31m[Kerror: [m[K‘[01m[KmotorType_[m[K’ was not declared in this scope; did you mean ‘[01m[KMotorType[m[K’?
[6.384s]   103 |     MotorType getMotorType() const { return [01;31m[KmotorType_[m[K; }
[6.384s]       |                                             [01;31m[K^~~~~~~~~~[m[K
[6.384s]       |                                             [32m[KMotorType[m[K
[6.395s] [01m[K/home/luke/LKMCANNODE/src/lkmcannode.cpp:[m[K In member function ‘[01m[Kuint8_t BLDCMotor::getMotorId() const[m[K’:
[6.395s] [01m[K/home/luke/LKMCANNODE/src/lkmcannode.cpp:104:41:[m[K [01;31m[Kerror: [m[K‘[01m[KmotorId_[m[K’ was not declared in this scope
[6.395s]   104 |     uint8_t getMotorId() const { return [01;31m[KmotorId_[m[K; }
[6.395s]       |                                         [01;31m[K^~~~~~~~[m[K
[6.407s] [01m[K/home/luke/LKMCANNODE/src/lkmcannode.cpp:[m[K In member function ‘[01m[Kint8_t BLDCMotor::getTemperature() const[m[K’:
[6.408s] [01m[K/home/luke/LKMCANNODE/src/lkmcannode.cpp:105:44:[m[K [01;31m[Kerror: [m[K‘[01m[Ktemperature_[m[K’ was not declared in this scope; did you mean ‘[01m[KgetTemperature[m[K’?
[6.408s]   105 |     int8_t getTemperature() const { return [01;31m[Ktemperature_[m[K; }
[6.408s]       |                                            [01;31m[K^~~~~~~~~~~~[m[K
[6.408s]       |                                            [32m[KgetTemperature[m[K
[6.421s] [01m[K/home/luke/LKMCANNODE/src/lkmcannode.cpp:[m[K In member function ‘[01m[Kint16_t BLDCMotor::getMotorPower() const[m[K’:
[6.421s] [01m[K/home/luke/LKMCANNODE/src/lkmcannode.cpp:106:44:[m[K [01;31m[Kerror: [m[K‘[01m[KmotorPower_[m[K’ was not declared in this scope; did you mean ‘[01m[KgetMotorPower[m[K’?
[6.421s]   106 |     int16_t getMotorPower() const { return [01;31m[KmotorPower_[m[K; }
[6.421s]       |                                            [01;31m[K^~~~~~~~~~~[m[K
[6.422s]       |                                            [32m[KgetMotorPower[m[K
[6.434s] [01m[K/home/luke/LKMCANNODE/src/lkmcannode.cpp:[m[K In member function ‘[01m[Kint16_t BLDCMotor::getMotorSpeed() const[m[K’:
[6.435s] [01m[K/home/luke/LKMCANNODE/src/lkmcannode.cpp:107:44:[m[K [01;31m[Kerror: [m[K‘[01m[KmotorSpeed_[m[K’ was not declared in this scope; did you mean ‘[01m[KgetMotorSpeed[m[K’?
[6.435s]   107 |     int16_t getMotorSpeed() const { return [01;31m[KmotorSpeed_[m[K; }
[6.435s]       |                                            [01;31m[K^~~~~~~~~~~[m[K
[6.435s]       |                                            [32m[KgetMotorSpeed[m[K
[6.449s] [01m[K/home/luke/LKMCANNODE/src/lkmcannode.cpp:[m[K In member function ‘[01m[Kuint16_t BLDCMotor::getEncoderPosition() const[m[K’:
[6.449s] [01m[K/home/luke/LKMCANNODE/src/lkmcannode.cpp:108:50:[m[K [01;31m[Kerror: [m[K‘[01m[KencoderPosition_[m[K’ was not declared in this scope; did you mean ‘[01m[KgetEncoderPosition[m[K’?
[6.449s]   108 |     uint16_t getEncoderPosition() const { return [01;31m[KencoderPosition_[m[K; }
[6.449s]       |                                                  [01;31m[K^~~~~~~~~~~~~~~~[m[K
[6.449s]       |                                                  [32m[KgetEncoderPosition[m[K
[6.463s] [01m[K/home/luke/LKMCANNODE/src/lkmcannode.cpp:[m[K In member function ‘[01m[Kint16_t BLDCMotor::getTorqueCurrent() const[m[K’:
[6.463s] [01m[K/home/luke/LKMCANNODE/src/lkmcannode.cpp:109:47:[m[K [01;31m[Kerror: [m[K‘[01m[KtorqueCurrent_[m[K’ was not declared in this scope; did you mean ‘[01m[KgetTorqueCurrent[m[K’?
[6.463s]   109 |     int16_t getTorqueCurrent() const { return [01;31m[KtorqueCurrent_[m[K; }
[6.463s]       |                                               [01;31m[K^~~~~~~~~~~~~~[m[K
[6.463s]       |                                               [32m[KgetTorqueCurrent[m[K
[6.476s] [01m[K/home/luke/LKMCANNODE/src/lkmcannode.cpp:[m[K In member function ‘[01m[Kdouble BLDCMotor::getAnglePidKp() const[m[K’:
[6.476s] [01m[K/home/luke/LKMCANNODE/src/lkmcannode.cpp:110:43:[m[K [01;31m[Kerror: [m[K‘[01m[KanglePidKp_[m[K’ was not declared in this scope; did you mean ‘[01m[KgetAnglePidKp[m[K’?
[6.476s]   110 |     double getAnglePidKp() const { return [01;31m[KanglePidKp_[m[K; }
[6.477s]       |                                           [01;31m[K^~~~~~~~~~~[m[K
[6.477s]       |                                           [32m[KgetAnglePidKp[m[K
[6.488s] [01m[K/home/luke/LKMCANNODE/src/lkmcannode.cpp:[m[K In member function ‘[01m[Kdouble BLDCMotor::getAnglePidKi() const[m[K’:
[6.489s] [01m[K/home/luke/LKMCANNODE/src/lkmcannode.cpp:111:43:[m[K [01;31m[Kerror: [m[K‘[01m[KanglePidKi_[m[K’ was not declared in this scope; did you mean ‘[01m[KgetAnglePidKi[m[K’?
[6.489s]   111 |     double getAnglePidKi() const { return [01;31m[KanglePidKi_[m[K; }
[6.489s]       |                                           [01;31m[K^~~~~~~~~~~[m[K
[6.489s]       |                                           [32m[KgetAnglePidKi[m[K
[6.501s] [01m[K/home/luke/LKMCANNODE/src/lkmcannode.cpp:[m[K In member function ‘[01m[Kdouble BLDCMotor::getSpeedPidKp() const[m[K’:
[6.501s] [01m[K/home/luke/LKMCANNODE/src/lkmcannode.cpp:112:43:[m[K [01;31m[Kerror: [m[K‘[01m[KspeedPidKp_[m[K’ was not declared in this scope; did you mean ‘[01m[KsetSpeedPidKp[m[K’?
[6.502s]   112 |     double getSpeedPidKp() const { return [01;31m[KspeedPidKp_[m[K; }
[6.502s]       |                                           [01;31m[K^~~~~~~~~~~[m[K
[6.502s]       |                                           [32m[KsetSpeedPidKp[m[K
[6.513s] [01m[K/home/luke/LKMCANNODE/src/lkmcannode.cpp:[m[K In member function ‘[01m[Kdouble BLDCMotor::getSpeedPidKi() const[m[K’:
[6.514s] [01m[K/home/luke/LKMCANNODE/src/lkmcannode.cpp:113:43:[m[K [01;31m[Kerror: [m[K‘[01m[KspeedPidKi_[m[K’ was not declared in this scope; did you mean ‘[01m[KsetSpeedPidKi[m[K’?
[6.514s]   113 |     double getSpeedPidKi() const { return [01;31m[KspeedPidKi_[m[K; }
[6.514s]       |                                           [01;31m[K^~~~~~~~~~~[m[K
[6.514s]       |                                           [32m[KsetSpeedPidKi[m[K
[6.525s] [01m[K/home/luke/LKMCANNODE/src/lkmcannode.cpp:[m[K In member function ‘[01m[Kdouble BLDCMotor::getIqPidKp() const[m[K’:
[6.526s] [01m[K/home/luke/LKMCANNODE/src/lkmcannode.cpp:114:40:[m[K [01;31m[Kerror: [m[K‘[01m[KiqPidKp_[m[K’ was not declared in this scope
[6.526s]   114 |     double getIqPidKp() const { return [01;31m[KiqPidKp_[m[K; }
[6.526s]       |                                        [01;31m[K^~~~~~~~[m[K
[6.539s] [01m[K/home/luke/LKMCANNODE/src/lkmcannode.cpp:[m[K In member function ‘[01m[Kdouble BLDCMotor::getIqPidKi() const[m[K’:
[6.539s] [01m[K/home/luke/LKMCANNODE/src/lkmcannode.cpp:115:40:[m[K [01;31m[Kerror: [m[K‘[01m[KiqPidKi_[m[K’ was not declared in this scope
[6.539s]   115 |     double getIqPidKi() const { return [01;31m[KiqPidKi_[m[K; }
[6.539s]       |                                        [01;31m[K^~~~~~~~[m[K
[6.555s] [01m[K/home/luke/LKMCANNODE/src/lkmcannode.cpp:[m[K In member function ‘[01m[Kint32_t BLDCMotor::getAcceleration() const[m[K’:
[6.555s] [01m[K/home/luke/LKMCANNODE/src/lkmcannode.cpp:116:46:[m[K [01;31m[Kerror: [m[K‘[01m[Kacceleration_[m[K’ was not declared in this scope; did you mean ‘[01m[KgetAcceleration[m[K’?
[6.556s]   116 |     int32_t getAcceleration() const { return [01;31m[Kacceleration_[m[K; }
[6.556s]       |                                              [01;31m[K^~~~~~~~~~~~~[m[K
[6.556s]       |                                              [32m[KgetAcceleration[m[K
[6.568s] [01m[K/home/luke/LKMCANNODE/src/lkmcannode.cpp:[m[K In member function ‘[01m[Kuint16_t BLDCMotor::getEncoderRaw() const[m[K’:
[6.568s] [01m[K/home/luke/LKMCANNODE/src/lkmcannode.cpp:117:45:[m[K [01;31m[Kerror: [m[K‘[01m[KencoderRaw_[m[K’ was not declared in this scope; did you mean ‘[01m[KgetEncoderRaw[m[K’?
[6.569s]   117 |     uint16_t getEncoderRaw() const { return [01;31m[KencoderRaw_[m[K; }
[6.569s]       |                                             [01;31m[K^~~~~~~~~~~[m[K
[6.569s]       |                                             [32m[KgetEncoderRaw[m[K
[6.582s] [01m[K/home/luke/LKMCANNODE/src/lkmcannode.cpp:[m[K In member function ‘[01m[Kuint16_t BLDCMotor::getEncoderOffset() const[m[K’:
[6.582s] [01m[K/home/luke/LKMCANNODE/src/lkmcannode.cpp:118:48:[m[K [01;31m[Kerror: [m[K‘[01m[KencoderOffset_[m[K’ was not declared in this scope; did you mean ‘[01m[KgetEncoderOffset[m[K’?
[6.582s]   118 |     uint16_t getEncoderOffset() const { return [01;31m[KencoderOffset_[m[K; }
[6.582s]       |                                                [01;31m[K^~~~~~~~~~~~~~[m[K
[6.583s]       |                                                [32m[KgetEncoderOffset[m[K
[6.594s] [01m[K/home/luke/LKMCANNODE/src/lkmcannode.cpp:[m[K In member function ‘[01m[Kint64_t BLDCMotor::getMotorAngle() const[m[K’:
[6.595s] [01m[K/home/luke/LKMCANNODE/src/lkmcannode.cpp:119:44:[m[K [01;31m[Kerror: [m[K‘[01m[KmotorAngle_[m[K’ was not declared in this scope; did you mean ‘[01m[KgetMotorAngle[m[K’?
[6.595s]   119 |     int64_t getMotorAngle() const { return [01;31m[KmotorAngle_[m[K; }
[6.595s]       |                                            [01;31m[K^~~~~~~~~~~[m[K
[6.595s]       |                                            [32m[KgetMotorAngle[m[K
[6.607s] [01m[K/home/luke/LKMCANNODE/src/lkmcannode.cpp:[m[K In member function ‘[01m[Kuint32_t BLDCMotor::getCicleAngle() const[m[K’:
[6.607s] [01m[K/home/luke/LKMCANNODE/src/lkmcannode.cpp:120:45:[m[K [01;31m[Kerror: [m[K‘[01m[KcicleAngle_[m[K’ was not declared in this scope; did you mean ‘[01m[KgetCicleAngle[m[K’?
[6.608s]   120 |     uint32_t getCicleAngle() const { return [01;31m[KcicleAngle_[m[K; }
[6.608s]       |                                             [01;31m[K^~~~~~~~~~~[m[K
[6.608s]       |                                             [32m[KgetCicleAngle[m[K
[6.619s] [01m[K/home/luke/LKMCANNODE/src/lkmcannode.cpp:[m[K In member function ‘[01m[Kuint16_t BLDCMotor::getVoltage() const[m[K’:
[6.619s] [01m[K/home/luke/LKMCANNODE/src/lkmcannode.cpp:121:42:[m[K [01;31m[Kerror: [m[K‘[01m[Kvoltage_[m[K’ was not declared in this scope
[6.619s]   121 |     uint16_t getVoltage() const { return [01;31m[Kvoltage_[m[K; }
[6.619s]       |                                          [01;31m[K^~~~~~~~[m[K
[6.633s] [01m[K/home/luke/LKMCANNODE/src/lkmcannode.cpp:[m[K In member function ‘[01m[Kint8_t BLDCMotor::getErrorState() const[m[K’:
[6.633s] [01m[K/home/luke/LKMCANNODE/src/lkmcannode.cpp:122:43:[m[K [01;31m[Kerror: [m[K‘[01m[KerrorState_[m[K’ was not declared in this scope; did you mean ‘[01m[KgetErrorState[m[K’?
[6.633s]   122 |     int8_t getErrorState() const { return [01;31m[KerrorState_[m[K; }
[6.633s]       |                                           [01;31m[K^~~~~~~~~~~[m[K
[6.634s]       |                                           [32m[KgetErrorState[m[K
[6.644s] [01m[K/home/luke/LKMCANNODE/src/lkmcannode.cpp:[m[K In member function ‘[01m[Kbool BLDCMotor::isVoltageNormal() const[m[K’:
[6.644s] [01m[K/home/luke/LKMCANNODE/src/lkmcannode.cpp:123:43:[m[K [01;31m[Kerror: [m[K‘[01m[KisVoltageNormal_[m[K’ was not declared in this scope; did you mean ‘[01m[KisVoltageNormal[m[K’?
[6.644s]   123 |     bool isVoltageNormal() const { return [01;31m[KisVoltageNormal_[m[K; }
[6.644s]       |                                           [01;31m[K^~~~~~~~~~~~~~~~[m[K
[6.645s]       |                                           [32m[KisVoltageNormal[m[K
[6.655s] [01m[K/home/luke/LKMCANNODE/src/lkmcannode.cpp:[m[K In member function ‘[01m[Kbool BLDCMotor::isUnderVoltageProtect() const[m[K’:
[6.655s] [01m[K/home/luke/LKMCANNODE/src/lkmcannode.cpp:124:49:[m[K [01;31m[Kerror: [m[K‘[01m[KisUnderVoltageProtect_[m[K’ was not declared in this scope; did you mean ‘[01m[KisUnderVoltageProtect[m[K’?
[6.655s]   124 |     bool isUnderVoltageProtect() const { return [01;31m[KisUnderVoltageProtect_[m[K; }
[6.655s]       |                                                 [01;31m[K^~~~~~~~~~~~~~~~~~~~~~[m[K
[6.656s]       |                                                 [32m[KisUnderVoltageProtect[m[K
[6.665s] [01m[K/home/luke/LKMCANNODE/src/lkmcannode.cpp:[m[K In member function ‘[01m[Kbool BLDCMotor::isTemperatureNormal() const[m[K’:
[6.665s] [01m[K/home/luke/LKMCANNODE/src/lkmcannode.cpp:125:47:[m[K [01;31m[Kerror: [m[K‘[01m[KisTemperatureNormal_[m[K’ was not declared in this scope; did you mean ‘[01m[KisTemperatureNormal[m[K’?
[6.665s]   125 |     bool isTemperatureNormal() const { return [01;31m[KisTemperatureNormal_[m[K; }
[6.665s]       |                                               [01;31m[K^~~~~~~~~~~~~~~~~~~~[m[K
[6.666s]       |                                               [32m[KisTemperatureNormal[m[K
[6.675s] [01m[K/home/luke/LKMCANNODE/src/lkmcannode.cpp:[m[K In member function ‘[01m[Kbool BLDCMotor::isOverTemperatureProtect() const[m[K’:
[6.676s] [01m[K/home/luke/LKMCANNODE/src/lkmcannode.cpp:126:52:[m[K [01;31m[Kerror: [m[K‘[01m[KisOverTemperatureProtect_[m[K’ was not declared in this scope; did you mean ‘[01m[KisOverTemperatureProtect[m[K’?
[6.676s]   126 |     bool isOverTemperatureProtect() const { return [01;31m[KisOverTemperatureProtect_[m[K; }
[6.676s]       |                                                    [01;31m[K^~~~~~~~~~~~~~~~~~~~~~~~~[m[K
[6.676s]       |                                                    [32m[KisOverTemperatureProtect[m[K
[6.686s] [01m[K/home/luke/LKMCANNODE/src/lkmcannode.cpp:[m[K In member function ‘[01m[Kint16_t BLDCMotor::getTorque() const[m[K’:
[6.686s] [01m[K/home/luke/LKMCANNODE/src/lkmcannode.cpp:127:40:[m[K [01;31m[Kerror: [m[K‘[01m[Ktorque_[m[K’ was not declared in this scope
[6.687s]   127 |     int16_t getTorque() const { return [01;31m[Ktorque_[m[K; }
[6.687s]       |                                        [01;31m[K^~~~~~~[m[K
[6.697s] [01m[K/home/luke/LKMCANNODE/src/lkmcannode.cpp:[m[K In member function ‘[01m[Kint16_t BLDCMotor::getSpeed() const[m[K’:
[6.697s] [01m[K/home/luke/LKMCANNODE/src/lkmcannode.cpp:128:39:[m[K [01;31m[Kerror: [m[K‘[01m[Kspeed_[m[K’ was not declared in this scope
[6.697s]   128 |     int16_t getSpeed() const { return [01;31m[Kspeed_[m[K; }
[6.698s]       |                                       [01;31m[K^~~~~~[m[K
[6.709s] [01m[K/home/luke/LKMCANNODE/src/lkmcannode.cpp:[m[K In member function ‘[01m[Kuint16_t BLDCMotor::getEncoder() const[m[K’:
[6.709s] [01m[K/home/luke/LKMCANNODE/src/lkmcannode.cpp:129:42:[m[K [01;31m[Kerror: [m[K‘[01m[Kencoder_[m[K’ was not declared in this scope; did you mean ‘[01m[KgetEncoder[m[K’?
[6.709s]   129 |     uint16_t getEncoder() const { return [01;31m[Kencoder_[m[K; }
[6.709s]       |                                          [01;31m[K^~~~~~~~[m[K
[6.710s]       |                                          [32m[KgetEncoder[m[K
[6.720s] [01m[K/home/luke/LKMCANNODE/src/lkmcannode.cpp:[m[K In member function ‘[01m[Kvoid BLDCMotor::setMotorType(MotorType)[m[K’:
[6.721s] [01m[K/home/luke/LKMCANNODE/src/lkmcannode.cpp:132:40:[m[K [01;31m[Kerror: [m[K‘[01m[KmotorType_[m[K’ was not declared in this scope; did you mean ‘[01m[KMotorType[m[K’?
[6.721s]   132 |     void setMotorType(MotorType val) { [01;31m[KmotorType_[m[K = val; }
[6.721s]       |                                        [01;31m[K^~~~~~~~~~[m[K
[6.721s]       |                                        [32m[KMotorType[m[K
[6.732s] [01m[K/home/luke/LKMCANNODE/src/lkmcannode.cpp:[m[K In member function ‘[01m[Kvoid BLDCMotor::setMotorId(uint8_t)[m[K’:
[6.732s] [01m[K/home/luke/LKMCANNODE/src/lkmcannode.cpp:133:36:[m[K [01;31m[Kerror: [m[K‘[01m[KmotorId_[m[K’ was not declared in this scope
[6.733s]   133 |     void setMotorId(uint8_t val) { [01;31m[KmotorId_[m[K = val; }
[6.733s]       |                                    [01;31m[K^~~~~~~~[m[K
[6.746s] [01m[K/home/luke/LKMCANNODE/src/lkmcannode.cpp:[m[K In member function ‘[01m[Kvoid BLDCMotor::setTemperature(int8_t)[m[K’:
[6.746s] [01m[K/home/luke/LKMCANNODE/src/lkmcannode.cpp:134:39:[m[K [01;31m[Kerror: [m[K‘[01m[Ktemperature_[m[K’ was not declared in this scope; did you mean ‘[01m[KgetTemperature[m[K’?
[6.746s]   134 |     void setTemperature(int8_t val) { [01;31m[Ktemperature_[m[K = val; }
[6.746s]       |                                       [01;31m[K^~~~~~~~~~~~[m[K
[6.747s]       |                                       [32m[KgetTemperature[m[K
[6.759s] [01m[K/home/luke/LKMCANNODE/src/lkmcannode.cpp:[m[K In member function ‘[01m[Kvoid BLDCMotor::setMotorPower(int16_t)[m[K’:
[6.759s] [01m[K/home/luke/LKMCANNODE/src/lkmcannode.cpp:135:39:[m[K [01;31m[Kerror: [m[K‘[01m[KmotorPower_[m[K’ was not declared in this scope; did you mean ‘[01m[KgetMotorPower[m[K’?
[6.759s]   135 |     void setMotorPower(int16_t val) { [01;31m[KmotorPower_[m[K = val; }
[6.760s]       |                                       [01;31m[K^~~~~~~~~~~[m[K
[6.760s]       |                                       [32m[KgetMotorPower[m[K
[6.773s] [01m[K/home/luke/LKMCANNODE/src/lkmcannode.cpp:[m[K In member function ‘[01m[Kvoid BLDCMotor::setMotorSpeed(int16_t)[m[K’:
[6.773s] [01m[K/home/luke/LKMCANNODE/src/lkmcannode.cpp:136:39:[m[K [01;31m[Kerror: [m[K‘[01m[KmotorSpeed_[m[K’ was not declared in this scope; did you mean ‘[01m[KgetMotorSpeed[m[K’?
[6.774s]   136 |     void setMotorSpeed(int16_t val) { [01;31m[KmotorSpeed_[m[K = val; }
[6.774s]       |                                       [01;31m[K^~~~~~~~~~~[m[K
[6.774s]       |                                       [32m[KgetMotorSpeed[m[K
[6.787s] [01m[K/home/luke/LKMCANNODE/src/lkmcannode.cpp:[m[K In member function ‘[01m[Kvoid BLDCMotor::setEncoderPosition(uint16_t)[m[K’:
[6.787s] [01m[K/home/luke/LKMCANNODE/src/lkmcannode.cpp:137:45:[m[K [01;31m[Kerror: [m[K‘[01m[KencoderPosition_[m[K’ was not declared in this scope; did you mean ‘[01m[KgetEncoderPosition[m[K’?
[6.788s]   137 |     void setEncoderPosition(uint16_t val) { [01;31m[KencoderPosition_[m[K = val; }
[6.788s]       |                                             [01;31m[K^~~~~~~~~~~~~~~~[m[K
[6.788s]       |                                             [32m[KgetEncoderPosition[m[K
[6.801s] [01m[K/home/luke/LKMCANNODE/src/lkmcannode.cpp:[m[K In member function ‘[01m[Kvoid BLDCMotor::setTorqueCurrent(int16_t)[m[K’:
[6.801s] [01m[K/home/luke/LKMCANNODE/src/lkmcannode.cpp:138:42:[m[K [01;31m[Kerror: [m[K‘[01m[KtorqueCurrent_[m[K’ was not declared in this scope; did you mean ‘[01m[KgetTorqueCurrent[m[K’?
[6.801s]   138 |     void setTorqueCurrent(int16_t val) { [01;31m[KtorqueCurrent_[m[K = val; }
[6.801s]       |                                          [01;31m[K^~~~~~~~~~~~~~[m[K
[6.802s]       |                                          [32m[KgetTorqueCurrent[m[K
[6.814s] [01m[K/home/luke/LKMCANNODE/src/lkmcannode.cpp:[m[K In member function ‘[01m[Kvoid BLDCMotor::setAnglePidKp(double)[m[K’:
[6.814s] [01m[K/home/luke/LKMCANNODE/src/lkmcannode.cpp:139:38:[m[K [01;31m[Kerror: [m[K‘[01m[KanglePidKp_[m[K’ was not declared in this scope; did you mean ‘[01m[KgetAnglePidKp[m[K’?
[6.814s]   139 |     void setAnglePidKp(double val) { [01;31m[KanglePidKp_[m[K = val; }
[6.814s]       |                                      [01;31m[K^~~~~~~~~~~[m[K
[6.814s]       |                                      [32m[KgetAnglePidKp[m[K
[6.827s] [01m[K/home/luke/LKMCANNODE/src/lkmcannode.cpp:[m[K In member function ‘[01m[Kvoid BLDCMotor::setAnglePidKi(double)[m[K’:
[6.827s] [01m[K/home/luke/LKMCANNODE/src/lkmcannode.cpp:140:38:[m[K [01;31m[Kerror: [m[K‘[01m[KanglePidKi_[m[K’ was not declared in this scope; did you mean ‘[01m[KgetAnglePidKi[m[K’?
[6.827s]   140 |     void setAnglePidKi(double val) { [01;31m[KanglePidKi_[m[K = val; }
[6.828s]       |                                      [01;31m[K^~~~~~~~~~~[m[K
[6.828s]       |                                      [32m[KgetAnglePidKi[m[K
[6.841s] [01m[K/home/luke/LKMCANNODE/src/lkmcannode.cpp:[m[K In member function ‘[01m[Kvoid BLDCMotor::setSpeedPidKp(double)[m[K’:
[6.841s] [01m[K/home/luke/LKMCANNODE/src/lkmcannode.cpp:141:38:[m[K [01;31m[Kerror: [m[K‘[01m[KspeedPidKp_[m[K’ was not declared in this scope; did you mean ‘[01m[KsetSpeedPidKp[m[K’?
[6.841s]   141 |     void setSpeedPidKp(double val) { [01;31m[KspeedPidKp_[m[K = val; }
[6.841s]       |                                      [01;31m[K^~~~~~~~~~~[m[K
[6.841s]       |                                      [32m[KsetSpeedPidKp[m[K
[6.854s] [01m[K/home/luke/LKMCANNODE/src/lkmcannode.cpp:[m[K In member function ‘[01m[Kvoid BLDCMotor::setSpeedPidKi(double)[m[K’:
[6.855s] [01m[K/home/luke/LKMCANNODE/src/lkmcannode.cpp:142:38:[m[K [01;31m[Kerror: [m[K‘[01m[KspeedPidKi_[m[K’ was not declared in this scope; did you mean ‘[01m[KsetSpeedPidKi[m[K’?
[6.855s]   142 |     void setSpeedPidKi(double val) { [01;31m[KspeedPidKi_[m[K = val; }
[6.855s]       |                                      [01;31m[K^~~~~~~~~~~[m[K
[6.855s]       |                                      [32m[KsetSpeedPidKi[m[K
[6.866s] [01m[K/home/luke/LKMCANNODE/src/lkmcannode.cpp:[m[K In member function ‘[01m[Kvoid BLDCMotor::setIqPidKp(double)[m[K’:
[6.867s] [01m[K/home/luke/LKMCANNODE/src/lkmcannode.cpp:143:35:[m[K [01;31m[Kerror: [m[K‘[01m[KiqPidKp_[m[K’ was not declared in this scope
[6.867s]   143 |     void setIqPidKp(double val) { [01;31m[KiqPidKp_[m[K = val; }
[6.867s]       |                                   [01;31m[K^~~~~~~~[m[K
[6.878s] [01m[K/home/luke/LKMCANNODE/src/lkmcannode.cpp:[m[K In member function ‘[01m[Kvoid BLDCMotor::setIqPidKi(double)[m[K’:
[6.879s] [01m[K/home/luke/LKMCANNODE/src/lkmcannode.cpp:144:35:[m[K [01;31m[Kerror: [m[K‘[01m[KiqPidKi_[m[K’ was not declared in this scope
[6.879s]   144 |     void setIqPidKi(double val) { [01;31m[KiqPidKi_[m[K = val; }
[6.879s]       |                                   [01;31m[K^~~~~~~~[m[K
[6.892s] [01m[K/home/luke/LKMCANNODE/src/lkmcannode.cpp:[m[K In member function ‘[01m[Kvoid BLDCMotor::setAcceleration(int32_t)[m[K’:
[6.892s] [01m[K/home/luke/LKMCANNODE/src/lkmcannode.cpp:145:41:[m[K [01;31m[Kerror: [m[K‘[01m[Kacceleration_[m[K’ was not declared in this scope; did you mean ‘[01m[KgetAcceleration[m[K’?
[6.892s]   145 |     void setAcceleration(int32_t val) { [01;31m[Kacceleration_[m[K = val; }
[6.893s]       |                                         [01;31m[K^~~~~~~~~~~~~[m[K
[6.893s]       |                                         [32m[KgetAcceleration[m[K
[6.904s] [01m[K/home/luke/LKMCANNODE/src/lkmcannode.cpp:[m[K In member function ‘[01m[Kvoid BLDCMotor::setEncoderRaw(uint16_t)[m[K’:
[6.905s] [01m[K/home/luke/LKMCANNODE/src/lkmcannode.cpp:146:40:[m[K [01;31m[Kerror: [m[K‘[01m[KencoderRaw_[m[K’ was not declared in this scope; did you mean ‘[01m[KgetEncoderRaw[m[K’?
[6.905s]   146 |     void setEncoderRaw(uint16_t val) { [01;31m[KencoderRaw_[m[K = val; }
[6.905s]       |                                        [01;31m[K^~~~~~~~~~~[m[K
[6.905s]       |                                        [32m[KgetEncoderRaw[m[K
[6.918s] [01m[K/home/luke/LKMCANNODE/src/lkmcannode.cpp:[m[K In member function ‘[01m[Kvoid BLDCMotor::setEncoderOffset(uint16_t)[m[K’:
[6.918s] [01m[K/home/luke/LKMCANNODE/src/lkmcannode.cpp:147:43:[m[K [01;31m[Kerror: [m[K‘[01m[KencoderOffset_[m[K’ was not declared in this scope; did you mean ‘[01m[KgetEncoderOffset[m[K’?
[6.918s]   147 |     void setEncoderOffset(uint16_t val) { [01;31m[KencoderOffset_[m[K = val; }
[6.918s]       |                                           [01;31m[K^~~~~~~~~~~~~~[m[K
[6.919s]       |                                           [32m[KgetEncoderOffset[m[K
[6.931s] [01m[K/home/luke/LKMCANNODE/src/lkmcannode.cpp:[m[K In member function ‘[01m[Kvoid BLDCMotor::setMotorAngle(int64_t)[m[K’:
[6.931s] [01m[K/home/luke/LKMCANNODE/src/lkmcannode.cpp:148:39:[m[K [01;31m[Kerror: [m[K‘[01m[KmotorAngle_[m[K’ was not declared in this scope; did you mean ‘[01m[KgetMotorAngle[m[K’?
[6.931s]   148 |     void setMotorAngle(int64_t val) { [01;31m[KmotorAngle_[m[K = val; }
[6.931s]       |                                       [01;31m[K^~~~~~~~~~~[m[K
[6.931s]       |                                       [32m[KgetMotorAngle[m[K
[6.944s] [01m[K/home/luke/LKMCANNODE/src/lkmcannode.cpp:[m[K In member function ‘[01m[Kvoid BLDCMotor::setCicleAngle(uint32_t)[m[K’:
[6.944s] [01m[K/home/luke/LKMCANNODE/src/lkmcannode.cpp:149:40:[m[K [01;31m[Kerror: [m[K‘[01m[KcicleAngle_[m[K’ was not declared in this scope; did you mean ‘[01m[KgetCicleAngle[m[K’?
[6.944s]   149 |     void setCicleAngle(uint32_t val) { [01;31m[KcicleAngle_[m[K = val; }
[6.945s]       |                                        [01;31m[K^~~~~~~~~~~[m[K
[6.945s]       |                                        [32m[KgetCicleAngle[m[K
[6.956s] [01m[K/home/luke/LKMCANNODE/src/lkmcannode.cpp:[m[K In member function ‘[01m[Kvoid BLDCMotor::setVoltage(uint16_t)[m[K’:
[6.956s] [01m[K/home/luke/LKMCANNODE/src/lkmcannode.cpp:150:37:[m[K [01;31m[Kerror: [m[K‘[01m[Kvoltage_[m[K’ was not declared in this scope
[6.957s]   150 |     void setVoltage(uint16_t val) { [01;31m[Kvoltage_[m[K = val; }
[6.957s]       |                                     [01;31m[K^~~~~~~~[m[K
[6.969s] [01m[K/home/luke/LKMCANNODE/src/lkmcannode.cpp:[m[K In member function ‘[01m[Kvoid BLDCMotor::setErrorState(int8_t)[m[K’:
[6.969s] [01m[K/home/luke/LKMCANNODE/src/lkmcannode.cpp:152:9:[m[K [01;31m[Kerror: [m[K‘[01m[KerrorState_[m[K’ was not declared in this scope; did you mean ‘[01m[KgetErrorState[m[K’?
[6.970s]   152 |         [01;31m[KerrorState_[m[K = val;
[6.970s]       |         [01;31m[K^~~~~~~~~~~[m[K
[6.970s]       |         [32m[KgetErrorState[m[K
[6.979s] [01m[K/home/luke/LKMCANNODE/src/lkmcannode.cpp:154:9:[m[K [01;31m[Kerror: [m[K‘[01m[KisVoltageNormal_[m[K’ was not declared in this scope; did you mean ‘[01m[KisVoltageNormal[m[K’?
[6.979s]   154 |         [01;31m[KisVoltageNormal_[m[K = (errorState_ & 0x01) != 0;
[6.980s]       |         [01;31m[K^~~~~~~~~~~~~~~~[m[K
[6.980s]       |         [32m[KisVoltageNormal[m[K
[6.990s] [01m[K/home/luke/LKMCANNODE/src/lkmcannode.cpp:155:9:[m[K [01;31m[Kerror: [m[K‘[01m[KisUnderVoltageProtect_[m[K’ was not declared in this scope; did you mean ‘[01m[KisUnderVoltageProtect[m[K’?
[6.990s]   155 |         [01;31m[KisUnderVoltageProtect_[m[K = (errorState_ & 0x02) != 0;
[6.990s]       |         [01;31m[K^~~~~~~~~~~~~~~~~~~~~~[m[K
[6.990s]       |         [32m[KisUnderVoltageProtect[m[K
[7.000s] [01m[K/home/luke/LKMCANNODE/src/lkmcannode.cpp:156:9:[m[K [01;31m[Kerror: [m[K‘[01m[KisTemperatureNormal_[m[K’ was not declared in this scope; did you mean ‘[01m[KisTemperatureNormal[m[K’?
[7.000s]   156 |         [01;31m[KisTemperatureNormal_[m[K = (errorState_ & 0x04) != 0;
[7.000s]       |         [01;31m[K^~~~~~~~~~~~~~~~~~~~[m[K
[7.001s]       |         [32m[KisTemperatureNormal[m[K
[7.011s] [01m[K/home/luke/LKMCANNODE/src/lkmcannode.cpp:157:9:[m[K [01;31m[Kerror: [m[K‘[01m[KisOverTemperatureProtect_[m[K’ was not declared in this scope; did you mean ‘[01m[KisOverTemperatureProtect[m[K’?
[7.011s]   157 |         [01;31m[KisOverTemperatureProtect_[m[K = (errorState_ & 0x08) != 0;
[7.011s]       |         [01;31m[K^~~~~~~~~~~~~~~~~~~~~~~~~[m[K
[7.011s]       |         [32m[KisOverTemperatureProtect[m[K
[7.022s] [01m[K/home/luke/LKMCANNODE/src/lkmcannode.cpp:[m[K In member function ‘[01m[Kvoid BLDCMotor::setTorque(int16_t)[m[K’:
[7.022s] [01m[K/home/luke/LKMCANNODE/src/lkmcannode.cpp:159:35:[m[K [01;31m[Kerror: [m[K‘[01m[Ktorque_[m[K’ was not declared in this scope
[7.022s]   159 |     void setTorque(int16_t val) { [01;31m[Ktorque_[m[K = val; }
[7.022s]       |                                   [01;31m[K^~~~~~~[m[K
[7.034s] [01m[K/home/luke/LKMCANNODE/src/lkmcannode.cpp:[m[K In member function ‘[01m[Kvoid BLDCMotor::setSpeed(int16_t)[m[K’:
[7.035s] [01m[K/home/luke/LKMCANNODE/src/lkmcannode.cpp:160:34:[m[K [01;31m[Kerror: [m[K‘[01m[Kspeed_[m[K’ was not declared in this scope
[7.035s]   160 |     void setSpeed(int16_t val) { [01;31m[Kspeed_[m[K = val; }
[7.035s]       |                                  [01;31m[K^~~~~~[m[K
[7.047s] [01m[K/home/luke/LKMCANNODE/src/lkmcannode.cpp:[m[K In member function ‘[01m[Kvoid BLDCMotor::setEncoder(uint16_t)[m[K’:
[7.047s] [01m[K/home/luke/LKMCANNODE/src/lkmcannode.cpp:161:37:[m[K [01;31m[Kerror: [m[K‘[01m[Kencoder_[m[K’ was not declared in this scope; did you mean ‘[01m[KgetEncoder[m[K’?
[7.047s]   161 |     void setEncoder(uint16_t val) { [01;31m[Kencoder_[m[K = val; }
[7.048s]       |                                     [01;31m[K^~~~~~~~[m[K
[7.048s]       |                                     [32m[KgetEncoder[m[K
[7.048s] [01m[K/home/luke/LKMCANNODE/src/lkmcannode.cpp:[m[K At global scope:
[7.048s] [01m[K/home/luke/LKMCANNODE/src/lkmcannode.cpp:164:1:[m[K [01;31m[Kerror: [m[Kexpected unqualified-id before ‘[01m[Kprivate[m[K’
[7.048s]   164 | [01;31m[Kprivate[m[K:
[7.049s]       | [01;31m[K^~~~~~~[m[K
[7.049s] [01m[K/home/luke/LKMCANNODE/src/lkmcannode.cpp:190:12:[m[K [01;31m[Kerror: [m[Kredefinition of ‘[01m[Kint8_t temperature_[m[K’
[7.049s]   190 |     int8_t [01;31m[Ktemperature_[m[K ;
[7.049s]       |            [01;31m[K^~~~~~~~~~~~[m[K
[7.049s] [01m[K/home/luke/LKMCANNODE/src/lkmcannode.cpp:168:12:[m[K [01;36m[Knote: [m[K‘[01m[Kint8_t temperature_[m[K’ previously declared here
[7.050s]   168 |     int8_t [01;36m[Ktemperature_[m[K;   // Motor temperature (1℃/LSB)
[7.050s]       |            [01;36m[K^~~~~~~~~~~~[m[K
[7.060s] [01m[K/home/luke/LKMCANNODE/src/lkmcannode.cpp:[m[K In function ‘[01m[Kvoid parseGeneralStatusResponse(const uint8_t*, BLDCMotor&)[m[K’:
[7.060s] [01m[K/home/luke/LKMCANNODE/src/lkmcannode.cpp:793:11:[m[K [01;31m[Kerror: [m[K‘[01m[Kclass BLDCMotor[m[K’ has no member named ‘[01m[Ktemperature_[m[K’; did you mean ‘[01m[KgetTemperature[m[K’?
[7.060s]   793 |     motor.[01;31m[Ktemperature_[m[K = static_cast<int8_t>(response[1]);
[7.060s]       |           [01;31m[K^~~~~~~~~~~~[m[K
[7.061s]       |           [32m[KgetTemperature[m[K
[7.061s] [01m[K/home/luke/LKMCANNODE/src/lkmcannode.cpp:794:11:[m[K [01;31m[Kerror: [m[K‘[01m[Kclass BLDCMotor[m[K’ has no member named ‘[01m[KmotorPower_[m[K’; did you mean ‘[01m[KgetMotorPower[m[K’?
[7.061s]   794 |     motor.[01;31m[KmotorPower_[m[K = static_cast<int16_t>(response[2] | (response[3] << 8));
[7.061s]       |           [01;31m[K^~~~~~~~~~~[m[K
[7.061s]       |           [32m[KgetMotorPower[m[K
[7.062s] [01m[K/home/luke/LKMCANNODE/src/lkmcannode.cpp:795:11:[m[K [01;31m[Kerror: [m[K‘[01m[Kclass BLDCMotor[m[K’ has no member named ‘[01m[KmotorSpeed_[m[K’; did you mean ‘[01m[KgetMotorSpeed[m[K’?
[7.062s]   795 |     motor.[01;31m[KmotorSpeed_[m[K = static_cast<int16_t>(response[4] | (response[5] << 8));
[7.062s]       |           [01;31m[K^~~~~~~~~~~[m[K
[7.062s]       |           [32m[KgetMotorSpeed[m[K
[7.062s] [01m[K/home/luke/LKMCANNODE/src/lkmcannode.cpp:796:11:[m[K [01;31m[Kerror: [m[K‘[01m[Kclass BLDCMotor[m[K’ has no member named ‘[01m[KencoderPosition_[m[K’; did you mean ‘[01m[KgetEncoderPosition[m[K’?
[7.062s]   796 |     motor.[01;31m[KencoderPosition_[m[K = static_cast<uint16_t>(response[6] | (response[7] << 8));
[7.063s]       |           [01;31m[K^~~~~~~~~~~~~~~~[m[K
[7.063s]       |           [32m[KgetEncoderPosition[m[K
[7.064s] [01m[K/home/luke/LKMCANNODE/src/lkmcannode.cpp:[m[K In function ‘[01m[Kvoid parseTorqueClosedLoopControlResponse(const uint8_t*, BLDCMotor&)[m[K’:
[7.064s] [01m[K/home/luke/LKMCANNODE/src/lkmcannode.cpp:801:11:[m[K [01;31m[Kerror: [m[K‘[01m[Kclass BLDCMotor[m[K’ has no member named ‘[01m[Ktemperature_[m[K’; did you mean ‘[01m[KgetTemperature[m[K’?
[7.064s]   801 |     motor.[01;31m[Ktemperature_[m[K = static_cast<int8_t>(response[1]);
[7.064s]       |           [01;31m[K^~~~~~~~~~~~[m[K
[7.065s]       |           [32m[KgetTemperature[m[K
[7.065s] [01m[K/home/luke/LKMCANNODE/src/lkmcannode.cpp:802:11:[m[K [01;31m[Kerror: [m[K‘[01m[Kclass BLDCMotor[m[K’ has no member named ‘[01m[KmotorPower_[m[K’; did you mean ‘[01m[KgetMotorPower[m[K’?
[7.065s]   802 |     motor.[01;31m[KmotorPower_[m[K = static_cast<int16_t>(response[2] | (response[3] << 8));
[7.065s]       |           [01;31m[K^~~~~~~~~~~[m[K
[7.065s]       |           [32m[KgetMotorPower[m[K
[7.065s] [01m[K/home/luke/LKMCANNODE/src/lkmcannode.cpp:803:11:[m[K [01;31m[Kerror: [m[K‘[01m[Kclass BLDCMotor[m[K’ has no member named ‘[01m[KmotorSpeed_[m[K’; did you mean ‘[01m[KgetMotorSpeed[m[K’?
[7.066s]   803 |     motor.[01;31m[KmotorSpeed_[m[K = static_cast<int16_t>(response[4] | (response[5] << 8));
[7.066s]       |           [01;31m[K^~~~~~~~~~~[m[K
[7.066s]       |           [32m[KgetMotorSpeed[m[K
[7.066s] [01m[K/home/luke/LKMCANNODE/src/lkmcannode.cpp:804:11:[m[K [01;31m[Kerror: [m[K‘[01m[Kclass BLDCMotor[m[K’ has no member named ‘[01m[KencoderPosition_[m[K’; did you mean ‘[01m[KgetEncoderPosition[m[K’?
[7.066s]   804 |     motor.[01;31m[KencoderPosition_[m[K = static_cast<uint16_t>(response[6] | (response[7] << 8));
[7.067s]       |           [01;31m[K^~~~~~~~~~~~~~~~[m[K
[7.067s]       |           [32m[KgetEncoderPosition[m[K
[7.067s] [01m[K/home/luke/LKMCANNODE/src/lkmcannode.cpp:[m[K In function ‘[01m[Kvoid parseSpeedClosedLoopControlResponse(const uint8_t*, BLDCMotor&)[m[K’:
[7.067s] [01m[K/home/luke/LKMCANNODE/src/lkmcannode.cpp:809:11:[m[K [01;31m[Kerror: [m[K‘[01m[Kclass BLDCMotor[m[K’ has no member named ‘[01m[Ktemperature_[m[K’; did you mean ‘[01m[KgetTemperature[m[K’?
[7.067s]   809 |     motor.[01;31m[Ktemperature_[m[K = static_cast<int8_t>(response[1]);
[7.067s]       |           [01;31m[K^~~~~~~~~~~~[m[K
[7.068s]       |           [32m[KgetTemperature[m[K
[7.068s] [01m[K/home/luke/LKMCANNODE/src/lkmcannode.cpp:810:11:[m[K [01;31m[Kerror: [m[K‘[01m[Kclass BLDCMotor[m[K’ has no member named ‘[01m[KspeedControl_[m[K’
[7.068s]   810 |     motor.[01;31m[KspeedControl_[m[K = static_cast<int32_t>(response[4] | (response[5] << 8) | (response[6] << 16) | (response[7] << 24));
[7.068s]       |           [01;31m[K^~~~~~~~~~~~~[m[K
[7.068s] [01m[K/home/luke/LKMCANNODE/src/lkmcannode.cpp:811:11:[m[K [01;31m[Kerror: [m[K‘[01m[Kclass BLDCMotor[m[K’ has no member named ‘[01m[KmotorSpeed_[m[K’; did you mean ‘[01m[KgetMotorSpeed[m[K’?
[7.069s]   811 |     motor.[01;31m[KmotorSpeed_[m[K = static_cast<int16_t>(response[2] | (response[3] << 8));
[7.069s]       |           [01;31m[K^~~~~~~~~~~[m[K
[7.069s]       |           [32m[KgetMotorSpeed[m[K
[7.069s] [01m[K/home/luke/LKMCANNODE/src/lkmcannode.cpp:812:11:[m[K [01;31m[Kerror: [m[K‘[01m[Kclass BLDCMotor[m[K’ has no member named ‘[01m[KencoderPosition_[m[K’; did you mean ‘[01m[KgetEncoderPosition[m[K’?
[7.069s]   812 |     motor.[01;31m[KencoderPosition_[m[K = static_cast<uint16_t>(response[8] | (response[9] << 8));
[7.070s]       |           [01;31m[K^~~~~~~~~~~~~~~~[m[K
[7.070s]       |           [32m[KgetEncoderPosition[m[K
[7.070s] [01m[K/home/luke/LKMCANNODE/src/lkmcannode.cpp:[m[K In function ‘[01m[Kvoid parseMultiLoopAngleControl1Response(const uint8_t*, BLDCMotor&)[m[K’:
[7.070s] [01m[K/home/luke/LKMCANNODE/src/lkmcannode.cpp:817:11:[m[K [01;31m[Kerror: [m[K‘[01m[Kclass BLDCMotor[m[K’ has no member named ‘[01m[Ktemperature_[m[K’; did you mean ‘[01m[KgetTemperature[m[K’?
[7.070s]   817 |     motor.[01;31m[Ktemperature_[m[K = static_cast<int8_t>(response[1]);
[7.070s]       |           [01;31m[K^~~~~~~~~~~~[m[K
[7.071s]       |           [32m[KgetTemperature[m[K
[7.071s] [01m[K/home/luke/LKMCANNODE/src/lkmcannode.cpp:818:11:[m[K [01;31m[Kerror: [m[K‘[01m[Kclass BLDCMotor[m[K’ has no member named ‘[01m[KangleControl_[m[K’
[7.071s]   818 |     motor.[01;31m[KangleControl_[m[K = static_cast<int32_t>(response[4] | (response[5] << 8) | (response[6] << 16) | (response[7] << 24));
[7.071s]       |           [01;31m[K^~~~~~~~~~~~~[m[K
[7.072s] [01m[K/home/luke/LKMCANNODE/src/lkmcannode.cpp:819:11:[m[K [01;31m[Kerror: [m[K‘[01m[Kclass BLDCMotor[m[K’ has no member named ‘[01m[KmotorSpeed_[m[K’; did you mean ‘[01m[KgetMotorSpeed[m[K’?
[7.072s]   819 |     motor.[01;31m[KmotorSpeed_[m[K = static_cast<int16_t>(response[2] | (response[3] << 8));
[7.072s]       |           [01;31m[K^~~~~~~~~~~[m[K
[7.072s]       |           [32m[KgetMotorSpeed[m[K
[7.072s] [01m[K/home/luke/LKMCANNODE/src/lkmcannode.cpp:820:11:[m[K [01;31m[Kerror: [m[K‘[01m[Kclass BLDCMotor[m[K’ has no member named ‘[01m[KencoderPosition_[m[K’; did you mean ‘[01m[KgetEncoderPosition[m[K’?
[7.072s]   820 |     motor.[01;31m[KencoderPosition_[m[K = static_cast<uint16_t>(response[8] | (response[9] << 8));
[7.073s]       |           [01;31m[K^~~~~~~~~~~~~~~~[m[K
[7.073s]       |           [32m[KgetEncoderPosition[m[K
[7.073s] [01m[K/home/luke/LKMCANNODE/src/lkmcannode.cpp:[m[K In function ‘[01m[Kvoid parseMultiLoopAngleControl2Response(const uint8_t*, BLDCMotor&)[m[K’:
[7.073s] [01m[K/home/luke/LKMCANNODE/src/lkmcannode.cpp:825:11:[m[K [01;31m[Kerror: [m[K‘[01m[Kclass BLDCMotor[m[K’ has no member named ‘[01m[Ktemperature_[m[K’; did you mean ‘[01m[KgetTemperature[m[K’?
[7.073s]   825 |     motor.[01;31m[Ktemperature_[m[K = static_cast<int8_t>(response[1]);
[7.074s]       |           [01;31m[K^~~~~~~~~~~~[m[K
[7.074s]       |           [32m[KgetTemperature[m[K
[7.074s] [01m[K/home/luke/LKMCANNODE/src/lkmcannode.cpp:826:11:[m[K [01;31m[Kerror: [m[K‘[01m[Kclass BLDCMotor[m[K’ has no member named ‘[01m[KmaxSpeed_[m[K’
[7.074s]   826 |     motor.[01;31m[KmaxSpeed_[m[K = static_cast<uint16_t>(response[2] | (response[3] << 8));
[7.074s]       |           [01;31m[K^~~~~~~~~[m[K
[7.075s] [01m[K/home/luke/LKMCANNODE/src/lkmcannode.cpp:827:11:[m[K [01;31m[Kerror: [m[K‘[01m[Kclass BLDCMotor[m[K’ has no member named ‘[01m[KangleControl_[m[K’
[7.075s]   827 |     motor.[01;31m[KangleControl_[m[K = static_cast<int32_t>(response[4] | (response[5] << 8) | (response[6] << 16) | (response[7] << 24));
[7.075s]       |           [01;31m[K^~~~~~~~~~~~~[m[K
[7.075s] [01m[K/home/luke/LKMCANNODE/src/lkmcannode.cpp:828:11:[m[K [01;31m[Kerror: [m[K‘[01m[Kclass BLDCMotor[m[K’ has no member named ‘[01m[KmotorSpeed_[m[K’; did you mean ‘[01m[KgetMotorSpeed[m[K’?
[7.075s]   828 |     motor.[01;31m[KmotorSpeed_[m[K = static_cast<int16_t>(response[8] | (response[9] << 8));
[7.075s]       |           [01;31m[K^~~~~~~~~~~[m[K
[7.076s]       |           [32m[KgetMotorSpeed[m[K
[7.076s] [01m[K/home/luke/LKMCANNODE/src/lkmcannode.cpp:829:11:[m[K [01;31m[Kerror: [m[K‘[01m[Kclass BLDCMotor[m[K’ has no member named ‘[01m[KencoderPosition_[m[K’; did you mean ‘[01m[KgetEncoderPosition[m[K’?
[7.076s]   829 |     motor.[01;31m[KencoderPosition_[m[K = static_cast<uint16_t>(response[10] | (response[11] << 8));
[7.076s]       |           [01;31m[K^~~~~~~~~~~~~~~~[m[K
[7.076s]       |           [32m[KgetEncoderPosition[m[K
[7.077s] [01m[K/home/luke/LKMCANNODE/src/lkmcannode.cpp:[m[K In function ‘[01m[Kvoid parseSingleLoopAngleControl1Response(const uint8_t*, BLDCMotor&)[m[K’:
[7.077s] [01m[K/home/luke/LKMCANNODE/src/lkmcannode.cpp:834:11:[m[K [01;31m[Kerror: [m[K‘[01m[Kclass BLDCMotor[m[K’ has no member named ‘[01m[Ktemperature_[m[K’; did you mean ‘[01m[KgetTemperature[m[K’?
[7.077s]   834 |     motor.[01;31m[Ktemperature_[m[K = static_cast<int8_t>(response[1]);
[7.077s]       |           [01;31m[K^~~~~~~~~~~~[m[K
[7.077s]       |           [32m[KgetTemperature[m[K
[7.078s] [01m[K/home/luke/LKMCANNODE/src/lkmcannode.cpp:835:11:[m[K [01;31m[Kerror: [m[K‘[01m[Kclass BLDCMotor[m[K’ has no member named ‘[01m[KtorqueCurrent_[m[K’; did you mean ‘[01m[KgetTorqueCurrent[m[K’?
[7.078s]   835 |     motor.[01;31m[KtorqueCurrent_[m[K = static_cast<int16_t>(response[2] | (response[3] << 8));
[7.078s]       |           [01;31m[K^~~~~~~~~~~~~~[m[K
[7.078s]       |           [32m[KgetTorqueCurrent[m[K
[7.078s] [01m[K/home/luke/LKMCANNODE/src/lkmcannode.cpp:836:11:[m[K [01;31m[Kerror: [m[K‘[01m[Kclass BLDCMotor[m[K’ has no member named ‘[01m[KmotorSpeed_[m[K’; did you mean ‘[01m[KgetMotorSpeed[m[K’?
[7.078s]   836 |     motor.[01;31m[KmotorSpeed_[m[K = static_cast<int16_t>(response[4] | (response[5] << 8));
[7.079s]       |           [01;31m[K^~~~~~~~~~~[m[K
[7.079s]       |           [32m[KgetMotorSpeed[m[K
[7.079s] [01m[K/home/luke/LKMCANNODE/src/lkmcannode.cpp:837:11:[m[K [01;31m[Kerror: [m[K‘[01m[Kclass BLDCMotor[m[K’ has no member named ‘[01m[KencoderPosition_[m[K’; did you mean ‘[01m[KgetEncoderPosition[m[K’?
[7.079s]   837 |     motor.[01;31m[KencoderPosition_[m[K = static_cast<uint16_t>(response[6] | (response[7] << 8));
[7.080s]       |           [01;31m[K^~~~~~~~~~~~~~~~[m[K
[7.080s]       |           [32m[KgetEncoderPosition[m[K
[7.080s] [01m[K/home/luke/LKMCANNODE/src/lkmcannode.cpp:[m[K At global scope:
[7.080s] [01m[K/home/luke/LKMCANNODE/src/lkmcannode.cpp:841:6:[m[K [01;31m[Kerror: [m[Kvariable or field ‘[01m[KparseSingleLoopAngleControl2Response[m[K’ declared void
[7.080s]   841 | void [01;31m[KparseSingleLoopAngleControl2Response[m[K(cconst uint8_t* response, BLDCMotor& motor) {
[7.081s]       |      [01;31m[K^~~~~~~~~~~~~~~~~~~~~~~~~~~~~~~~~~~~[m[K
[7.081s] [01m[K/home/luke/LKMCANNODE/src/lkmcannode.cpp:841:43:[m[K [01;31m[Kerror: [m[K‘[01m[Kcconst[m[K’ was not declared in this scope
[7.081s]   841 | void parseSingleLoopAngleControl2Response([01;31m[Kcconst[m[K uint8_t* response, BLDCMotor& motor) {
[7.081s]       |                                           [01;31m[K^~~~~~[m[K
[7.081s] [01m[K/home/luke/LKMCANNODE/src/lkmcannode.cpp:841:78:[m[K [01;31m[Kerror: [m[Kexpected primary-expression before ‘[01m[K&[m[K’ token
[7.082s]   841 | void parseSingleLoopAngleControl2Response(cconst uint8_t* response, BLDCMotor[01;31m[K&[m[K motor) {
[7.082s]       |                                                                              [01;31m[K^[m[K
[7.082s] [01m[K/home/luke/LKMCANNODE/src/lkmcannode.cpp:841:80:[m[K [01;31m[Kerror: [m[K‘[01m[Kmotor[m[K’ was not declared in this scope
[7.082s]   841 | void parseSingleLoopAngleControl2Response(cconst uint8_t* response, BLDCMotor& [01;31m[Kmotor[m[K) {
[7.082s]       |                                                                                [01;31m[K^~~~~[m[K
[7.083s] [01m[K/home/luke/LKMCANNODE/src/lkmcannode.cpp:[m[K In function ‘[01m[Kvoid parseIncrementAngleControlResponse(const uint8_t*, BLDCMotor&)[m[K’:
[7.083s] [01m[K/home/luke/LKMCANNODE/src/lkmcannode.cpp:850:11:[m[K [01;31m[Kerror: [m[K‘[01m[Kclass BLDCMotor[m[K’ has no member named ‘[01m[Ktemperature_[m[K’; did you mean ‘[01m[KgetTemperature[m[K’?
[7.083s]   850 |     motor.[01;31m[Ktemperature_[m[K = static_cast<int8_t>(response[1]);
[7.083s]       |           [01;31m[K^~~~~~~~~~~~[m[K
[7.083s]       |           [32m[KgetTemperature[m[K
[7.084s] [01m[K/home/luke/LKMCANNODE/src/lkmcannode.cpp:851:11:[m[K [01;31m[Kerror: [m[K‘[01m[Kclass BLDCMotor[m[K’ has no member named ‘[01m[KtorqueCurrent_[m[K’; did you mean ‘[01m[KgetTorqueCurrent[m[K’?
[7.084s]   851 |     motor.[01;31m[KtorqueCurrent_[m[K = static_cast<int16_t>(response[2] | (response[3] << 8));
[7.084s]       |           [01;31m[K^~~~~~~~~~~~~~[m[K
[7.084s]       |           [32m[KgetTorqueCurrent[m[K
[7.089s] [01m[K/home/luke/LKMCANNODE/src/lkmcannode.cpp:852:11:[m[K [01;31m[Kerror: [m[K‘[01m[Kclass BLDCMotor[m[K’ has no member named ‘[01m[KmotorSpeed_[m[K’; did you mean ‘[01m[KgetMotorSpeed[m[K’?
[7.089s]   852 |     motor.[01;31m[KmotorSpeed_[m[K = static_cast<int16_t>(response[4] | (response[5] << 8));
[7.089s]       |           [01;31m[K^~~~~~~~~~~[m[K
[7.089s]       |           [32m[KgetMotorSpeed[m[K
[7.090s] [01m[K/home/luke/LKMCANNODE/src/lkmcannode.cpp:853:11:[m[K [01;31m[Kerror: [m[K‘[01m[Kclass BLDCMotor[m[K’ has no member named ‘[01m[KencoderPosition_[m[K’; did you mean ‘[01m[KgetEncoderPosition[m[K’?
[7.090s]   853 |     motor.[01;31m[KencoderPosition_[m[K = static_cast<uint16_t>(response[6] | (response[7] << 8));
[7.090s]       |           [01;31m[K^~~~~~~~~~~~~~~~[m[K
[7.090s]       |           [32m[KgetEncoderPosition[m[K
[7.090s] [01m[K/home/luke/LKMCANNODE/src/lkmcannode.cpp:[m[K In function ‘[01m[Kvoid parseWritePIDParametersToROMResponse(const uint8_t*, BLDCMotor&)[m[K’:
[7.090s] [01m[K/home/luke/LKMCANNODE/src/lkmcannode.cpp:856:58:[m[K [01;35m[Kwarning: [m[Kunused parameter ‘[01m[Kresponse[m[K’ [[01;35m[K]8;;https://gcc.gnu.org/onlinedocs/gcc/Warning-Options.html#index-Wunused-parameter-Wunused-parameter]8;;[m[K]
[7.091s]   856 | void parseWritePIDParametersToROMResponse([01;35m[Kconst uint8_t* response[m[K, BLDCMotor& motor){ //} uint16_t& anglePidKp, uint16_t& anglePidKi, uint16_t& speedPidKp, uint16_t& speedPidKi, uint16_t& iqPidKp, uint16_t& iqPidKi) {
[7.091s]       |                                           [01;35m[K~~~~~~~~~~~~~~~^~~~~~~~[m[K
[7.091s] [01m[K/home/luke/LKMCANNODE/src/lkmcannode.cpp:856:79:[m[K [01;35m[Kwarning: [m[Kunused parameter ‘[01m[Kmotor[m[K’ [[01;35m[K]8;;https://gcc.gnu.org/onlinedocs/gcc/Warning-Options.html#index-Wunused-parameter-Wunused-parameter]8;;[m[K]
[7.091s]   856 | void parseWritePIDParametersToROMResponse(const uint8_t* response, [01;35m[KBLDCMotor& motor[m[K){ //} uint16_t& anglePidKp, uint16_t& anglePidKi, uint16_t& speedPidKp, uint16_t& speedPidKi, uint16_t& iqPidKp, uint16_t& iqPidKi) {
[7.091s]       |                                                                    [01;35m[K~~~~~~~~~~~^~~~~[m[K
[7.092s] [01m[K/home/luke/LKMCANNODE/src/lkmcannode.cpp:[m[K In function ‘[01m[Kvoid parseReadPIDParametersResponse(const uint8_t*, BLDCMotor&)[m[K’:
[7.092s] [01m[K/home/luke/LKMCANNODE/src/lkmcannode.cpp:868:11:[m[K [01;31m[Kerror: [m[K‘[01m[Kclass BLDCMotor[m[K’ has no member named ‘[01m[KanglePidKp_[m[K’; did you mean ‘[01m[KgetAnglePidKp[m[K’?
[7.092s]   868 |     motor.[01;31m[KanglePidKp_[m[K = static_cast<double>(response[2]);
[7.096s]       |           [01;31m[K^~~~~~~~~~~[m[K
[7.096s]       |           [32m[KgetAnglePidKp[m[K
[7.096s] [01m[K/home/luke/LKMCANNODE/src/lkmcannode.cpp:869:11:[m[K [01;31m[Kerror: [m[K‘[01m[Kclass BLDCMotor[m[K’ has no member named ‘[01m[KanglePidKi_[m[K’; did you mean ‘[01m[KgetAnglePidKi[m[K’?
[7.096s]   869 |     motor.[01;31m[KanglePidKi_[m[K = static_cast<double>(response[3]);
[7.097s]       |           [01;31m[K^~~~~~~~~~~[m[K
[7.097s]       |           [32m[KgetAnglePidKi[m[K
[7.097s] [01m[K/home/luke/LKMCANNODE/src/lkmcannode.cpp:870:11:[m[K [01;31m[Kerror: [m[K‘[01m[Kclass BLDCMotor[m[K’ has no member named ‘[01m[KspeedPidKp_[m[K’; did you mean ‘[01m[KsetSpeedPidKp[m[K’?
[7.097s]   870 |     motor.[01;31m[KspeedPidKp_[m[K = static_cast<double>(response[4]);
[7.097s]       |           [01;31m[K^~~~~~~~~~~[m[K
[7.098s]       |           [32m[KsetSpeedPidKp[m[K
[7.098s] [01m[K/home/luke/LKMCANNODE/src/lkmcannode.cpp:871:11:[m[K [01;31m[Kerror: [m[K‘[01m[Kclass BLDCMotor[m[K’ has no member named ‘[01m[KspeedPidKi_[m[K’; did you mean ‘[01m[KsetSpeedPidKi[m[K’?
[7.098s]   871 |     motor.[01;31m[KspeedPidKi_[m[K = static_cast<double>(response[5]);
[7.098s]       |           [01;31m[K^~~~~~~~~~~[m[K
[7.098s]       |           [32m[KsetSpeedPidKi[m[K
[7.099s] [01m[K/home/luke/LKMCANNODE/src/lkmcannode.cpp:872:11:[m[K [01;31m[Kerror: [m[K‘[01m[Kclass BLDCMotor[m[K’ has no member named ‘[01m[KiqPidKp_[m[K’
[7.099s]   872 |     motor.[01;31m[KiqPidKp_[m[K = static_cast<double>(response[6]);
[7.099s]       |           [01;31m[K^~~~~~~~[m[K
[7.099s] [01m[K/home/luke/LKMCANNODE/src/lkmcannode.cpp:873:11:[m[K [01;31m[Kerror: [m[K‘[01m[Kclass BLDCMotor[m[K’ has no member named ‘[01m[KiqPidKi_[m[K’
[7.099s]   873 |     motor.[01;31m[KiqPidKi_[m[K = static_cast<double>(response[7]);
[7.100s]       |           [01;31m[K^~~~~~~~[m[K
[7.100s] [01m[K/home/luke/LKMCANNODE/src/lkmcannode.cpp:[m[K In function ‘[01m[Kvoid parseReadAccelerationResponse(const uint8_t*, BLDCMotor&)[m[K’:
[7.102s] [01m[K/home/luke/LKMCANNODE/src/lkmcannode.cpp:878:11:[m[K [01;31m[Kerror: [m[K‘[01m[Kclass BLDCMotor[m[K’ has no member named ‘[01m[Kacceleration_[m[K’; did you mean ‘[01m[KgetAcceleration[m[K’?
[7.103s]   878 |     motor.[01;31m[Kacceleration_[m[K = static_cast<int32_t>(response[4] | (response[5] << 8) | (response[6] << 16) | (response[7] << 24));
[7.103s]       |           [01;31m[K^~~~~~~~~~~~~[m[K
[7.103s]       |           [32m[KgetAcceleration[m[K
[7.103s] [01m[K/home/luke/LKMCANNODE/src/lkmcannode.cpp:[m[K In function ‘[01m[Kvoid parseReadEncoderResponse(const uint8_t*, BLDCMotor)[m[K’:
[7.103s] [01m[K/home/luke/LKMCANNODE/src/lkmcannode.cpp:902:15:[m[K [01;31m[Kerror: [m[K‘[01m[Kclass BLDCMotor[m[K’ has no member named ‘[01m[KencoderPosition_[m[K’; did you mean ‘[01m[KgetEncoderPosition[m[K’?
[7.104s]   902 |         motor.[01;31m[KencoderPosition_[m[K = static_cast<uint16_t>(response[2]) | (static_cast<uint16_t>(response[3]) << 8);
[7.104s]       |               [01;31m[K^~~~~~~~~~~~~~~~[m[K
[7.104s]       |               [32m[KgetEncoderPosition[m[K
[7.104s] [01m[K/home/luke/LKMCANNODE/src/lkmcannode.cpp:903:15:[m[K [01;31m[Kerror: [m[K‘[01m[Kclass BLDCMotor[m[K’ has no member named ‘[01m[KencoderRaw_[m[K’; did you mean ‘[01m[KgetEncoderRaw[m[K’?
[7.105s]   903 |         motor.[01;31m[KencoderRaw_[m[K = static_cast<uint16_t>(response[4]) | (static_cast<uint16_t>(response[5]) << 8);
[7.105s]       |               [01;31m[K^~~~~~~~~~~[m[K
[7.105s]       |               [32m[KgetEncoderRaw[m[K
[7.105s] [01m[K/home/luke/LKMCANNODE/src/lkmcannode.cpp:904:15:[m[K [01;31m[Kerror: [m[K‘[01m[Kclass BLDCMotor[m[K’ has no member named ‘[01m[KencoderOffset_[m[K’; did you mean ‘[01m[KgetEncoderOffset[m[K’?
[7.105s]   904 |         motor.[01;31m[KencoderOffset_[m[K = static_cast<uint16_t>(response[6]) | (static_cast<uint16_t>(response[7]) << 8);
[7.106s]       |               [01;31m[K^~~~~~~~~~~~~~[m[K
[7.106s]       |               [32m[KgetEncoderOffset[m[K
[7.106s] [01m[K/home/luke/LKMCANNODE/src/lkmcannode.cpp:[m[K In function ‘[01m[Kvoid parseWriteEncoderValueToROMResponse(const uint8_t*, uint16_t&)[m[K’:
[7.106s] [01m[K/home/luke/LKMCANNODE/src/lkmcannode.cpp:914:57:[m[K [01;35m[Kwarning: [m[Kunused parameter ‘[01m[Kresponse[m[K’ [[01;35m[K]8;;https://gcc.gnu.org/onlinedocs/gcc/Warning-Options.html#index-Wunused-parameter-Wunused-parameter]8;;[m[K]
[7.106s]   914 | void parseWriteEncoderValueToROMResponse([01;35m[Kconst uint8_t* response[m[K, uint16_t& encoderOffset) {
[7.106s]       |                                          [01;35m[K~~~~~~~~~~~~~~~^~~~~~~~[m[K
[7.107s] [01m[K/home/luke/LKMCANNODE/src/lkmcannode.cpp:914:77:[m[K [01;35m[Kwarning: [m[Kunused parameter ‘[01m[KencoderOffset[m[K’ [[01;35m[K]8;;https://gcc.gnu.org/onlinedocs/gcc/Warning-Options.html#index-Wunused-parameter-Wunused-parameter]8;;[m[K]
[7.107s]   914 | void parseWriteEncoderValueToROMResponse(const uint8_t* response, [01;35m[Kuint16_t& encoderOffset[m[K) {
[7.107s]       |                                                                   [01;35m[K~~~~~~~~~~^~~~~~~~~~~~~[m[K
[7.107s] [01m[K/home/luke/LKMCANNODE/src/lkmcannode.cpp:[m[K In function ‘[01m[Kvoid parseWriteCurrentPositionToROMResponse(const uint8_t*, uint16_t&)[m[K’:
[7.108s] [01m[K/home/luke/LKMCANNODE/src/lkmcannode.cpp:926:60:[m[K [01;35m[Kwarning: [m[Kunused parameter ‘[01m[Kresponse[m[K’ [[01;35m[K]8;;https://gcc.gnu.org/onlinedocs/gcc/Warning-Options.html#index-Wunused-parameter-Wunused-parameter]8;;[m[K]
[7.108s]   926 | void parseWriteCurrentPositionToROMResponse([01;35m[Kconst uint8_t* response[m[K, uint16_t& encoderOffset) {
[7.108s]       |                                             [01;35m[K~~~~~~~~~~~~~~~^~~~~~~~[m[K
[7.108s] [01m[K/home/luke/LKMCANNODE/src/lkmcannode.cpp:926:80:[m[K [01;35m[Kwarning: [m[Kunused parameter ‘[01m[KencoderOffset[m[K’ [[01;35m[K]8;;https://gcc.gnu.org/onlinedocs/gcc/Warning-Options.html#index-Wunused-parameter-Wunused-parameter]8;;[m[K]
[7.108s]   926 | void parseWriteCurrentPositionToROMResponse(const uint8_t* response, [01;35m[Kuint16_t& encoderOffset[m[K) {
[7.109s]       |                                                                      [01;35m[K~~~~~~~~~~^~~~~~~~~~~~~[m[K
[7.109s] [01m[K/home/luke/LKMCANNODE/src/lkmcannode.cpp:[m[K In function ‘[01m[Kvoid parseReadMultiAngleLoopResponse(const uint8_t*, BLDCMotor&)[m[K’:
[7.109s] [01m[K/home/luke/LKMCANNODE/src/lkmcannode.cpp:940:11:[m[K [01;31m[Kerror: [m[K‘[01m[Kclass BLDCMotor[m[K’ has no member named ‘[01m[KmotorAngle_[m[K’; did you mean ‘[01m[KgetMotorAngle[m[K’?
[7.109s]   940 |     motor.[01;31m[KmotorAngle_[m[K = *(int64_t*)(response + 1);  // Assuming little-endian architecture
[7.109s]       |           [01;31m[K^~~~~~~~~~~[m[K
[7.110s]       |           [32m[KgetMotorAngle[m[K
[7.110s] [01m[K/home/luke/LKMCANNODE/src/lkmcannode.cpp:[m[K In function ‘[01m[Kvoid parseReadSingleAngleLoopResponse(const uint8_t*, BLDCMotor&)[m[K’:
[7.110s] [01m[K/home/luke/LKMCANNODE/src/lkmcannode.cpp:946:11:[m[K [01;31m[Kerror: [m[K‘[01m[Kclass BLDCMotor[m[K’ has no member named ‘[01m[KcircleAngle_[m[K’
[7.110s]   946 |     motor.[01;31m[KcircleAngle_[m[K = *((uint32_t*)(response + 4));  // Assuming little-endian architecture
[7.110s]       |           [01;31m[K^~~~~~~~~~~~[m[K
[7.111s] [01m[K/home/luke/LKMCANNODE/src/lkmcannode.cpp:[m[K In function ‘[01m[Kvoid parseReadMotorState1AndErrorStateResponse(const uint8_t*, BLDCMotor&)[m[K’:
[7.111s] [01m[K/home/luke/LKMCANNODE/src/lkmcannode.cpp:953:11:[m[K [01;31m[Kerror: [m[K‘[01m[Kclass BLDCMotor[m[K’ has no member named ‘[01m[Ktemperature[m[K’; did you mean ‘[01m[KgetTemperature[m[K’?
[7.111s]   953 |     motor.[01;31m[Ktemperature[m[K = static_cast<int8_t>(response[1]);
[7.111s]       |           [01;31m[K^~~~~~~~~~~[m[K
[7.111s]       |           [32m[KgetTemperature[m[K
[7.112s] [01m[K/home/luke/LKMCANNODE/src/lkmcannode.cpp:954:11:[m[K [01;31m[Kerror: [m[K‘[01m[Kclass BLDCMotor[m[K’ has no member named ‘[01m[Kvoltage[m[K’; did you mean ‘[01m[KgetVoltage[m[K’?
[7.112s]   954 |     motor.[01;31m[Kvoltage[m[K = *(uint16_t*)(response + 3);  // Assuming little-endian architecture
[7.112s]       |           [01;31m[K^~~~~~~[m[K
[7.113s]       |           [32m[KgetVoltage[m[K
[7.113s] [01m[K/home/luke/LKMCANNODE/src/lkmcannode.cpp:955:11:[m[K [01;31m[Kerror: [m[K‘[01m[Kclass BLDCMotor[m[K’ has no member named ‘[01m[KerrorState[m[K’; did you mean ‘[01m[KgetErrorState[m[K’?
[7.113s]   955 |     motor.[01;31m[KerrorState[m[K = response[7];
[7.113s]       |           [01;31m[K^~~~~~~~~~[m[K
[7.113s]       |           [32m[KgetErrorState[m[K
[7.114s] [01m[K/home/luke/LKMCANNODE/src/lkmcannode.cpp:958:11:[m[K [01;31m[Kerror: [m[K‘[01m[Kclass BLDCMotor[m[K’ has no member named ‘[01m[KisVoltageNormal_[m[K’; did you mean ‘[01m[KisVoltageNormal[m[K’?
[7.114s]   958 |     motor.[01;31m[KisVoltageNormal_[m[K = (motor.errorState & 0x01) != 0;
[7.114s]       |           [01;31m[K^~~~~~~~~~~~~~~~[m[K
[7.114s]       |           [32m[KisVoltageNormal[m[K
[7.114s] [01m[K/home/luke/LKMCANNODE/src/lkmcannode.cpp:958:37:[m[K [01;31m[Kerror: [m[K‘[01m[Kclass BLDCMotor[m[K’ has no member named ‘[01m[KerrorState[m[K’; did you mean ‘[01m[KgetErrorState[m[K’?
[7.115s]   958 |     motor.isVoltageNormal_ = (motor.[01;31m[KerrorState[m[K & 0x01) != 0;
[7.115s]       |                                     [01;31m[K^~~~~~~~~~[m[K
[7.115s]       |                                     [32m[KgetErrorState[m[K
[7.115s] [01m[K/home/luke/LKMCANNODE/src/lkmcannode.cpp:959:11:[m[K [01;31m[Kerror: [m[K‘[01m[Kclass BLDCMotor[m[K’ has no member named ‘[01m[KisUnderVoltageProtect_[m[K’; did you mean ‘[01m[KisUnderVoltageProtect[m[K’?
[7.115s]   959 |     motor.[01;31m[KisUnderVoltageProtect_[m[K = (errorState & 0x02) != 0;
[7.116s]       |           [01;31m[K^~~~~~~~~~~~~~~~~~~~~~[m[K
[7.116s]       |           [32m[KisUnderVoltageProtect[m[K
[7.116s] [01m[K/home/luke/LKMCANNODE/src/lkmcannode.cpp:959:37:[m[K [01;31m[Kerror: [m[K‘[01m[KerrorState[m[K’ was not declared in this scope; did you mean ‘[01m[KerrorState_[m[K’?
[7.116s]   959 |     motor.isUnderVoltageProtect_ = ([01;31m[KerrorState[m[K & 0x02) != 0;
[7.116s]       |                                     [01;31m[K^~~~~~~~~~[m[K
[7.117s]       |                                     [32m[KerrorState_[m[K
[7.117s] [01m[K/home/luke/LKMCANNODE/src/lkmcannode.cpp:960:11:[m[K [01;31m[Kerror: [m[K‘[01m[Kclass BLDCMotor[m[K’ has no member named ‘[01m[KisTemperatureNormal_[m[K’; did you mean ‘[01m[KisTemperatureNormal[m[K’?
[7.117s]   960 |     motor.[01;31m[KisTemperatureNormal_[m[K = (errorState & 0x04) != 0;
[7.117s]       |           [01;31m[K^~~~~~~~~~~~~~~~~~~~[m[K
[7.117s]       |           [32m[KisTemperatureNormal[m[K
[7.118s] [01m[K/home/luke/LKMCANNODE/src/lkmcannode.cpp:961:11:[m[K [01;31m[Kerror: [m[K‘[01m[Kclass BLDCMotor[m[K’ has no member named ‘[01m[KisOverTemperatureProtect_[m[K’; did you mean ‘[01m[KisOverTemperatureProtect[m[K’?
[7.118s]   961 |     motor.[01;31m[KisOverTemperatureProtect_[m[K = (errorState & 0x08) != 0;
[7.118s]       |           [01;31m[K^~~~~~~~~~~~~~~~~~~~~~~~~[m[K
[7.118s]       |           [32m[KisOverTemperatureProtect[m[K
[7.118s] [01m[K/home/luke/LKMCANNODE/src/lkmcannode.cpp:[m[K In function ‘[01m[Kvoid parseClearErrorStateResponse(const uint8_t*, BLDCMotor&)[m[K’:
[7.119s] [01m[K/home/luke/LKMCANNODE/src/lkmcannode.cpp:967:11:[m[K [01;31m[Kerror: [m[K‘[01m[Kclass BLDCMotor[m[K’ has no member named ‘[01m[Ktemperature[m[K’; did you mean ‘[01m[KgetTemperature[m[K’?
[7.119s]   967 |     motor.[01;31m[Ktemperature[m[K = static_cast<int8_t>(response[1]);
[7.119s]       |           [01;31m[K^~~~~~~~~~~[m[K
[7.119s]       |           [32m[KgetTemperature[m[K
[7.119s] [01m[K/home/luke/LKMCANNODE/src/lkmcannode.cpp:968:11:[m[K [01;31m[Kerror: [m[K‘[01m[Kclass BLDCMotor[m[K’ has no member named ‘[01m[Kvoltage[m[K’; did you mean ‘[01m[KgetVoltage[m[K’?
[7.120s]   968 |     motor.[01;31m[Kvoltage[m[K = *(uint16_t*)(response + 3);  // Assuming little-endian architecture
[7.120s]       |           [01;31m[K^~~~~~~[m[K
[7.120s]       |           [32m[KgetVoltage[m[K
[7.120s] [01m[K/home/luke/LKMCANNODE/src/lkmcannode.cpp:969:11:[m[K [01;31m[Kerror: [m[K‘[01m[Kclass BLDCMotor[m[K’ has no member named ‘[01m[KerrorState[m[K’; did you mean ‘[01m[KgetErrorState[m[K’?
[7.121s]   969 |     motor.[01;31m[KerrorState[m[K = response[7];
[7.121s]       |           [01;31m[K^~~~~~~~~~[m[K
[7.121s]       |           [32m[KgetErrorState[m[K
[7.121s] [01m[K/home/luke/LKMCANNODE/src/lkmcannode.cpp:971:11:[m[K [01;31m[Kerror: [m[K‘[01m[Kclass BLDCMotor[m[K’ has no member named ‘[01m[KisVoltageNormal_[m[K’; did you mean ‘[01m[KisVoltageNormal[m[K’?
[7.121s]   971 |     motor.[01;31m[KisVoltageNormal_[m[K = (motor.errorState & 0x01) != 0;
[7.122s]       |           [01;31m[K^~~~~~~~~~~~~~~~[m[K
[7.122s]       |           [32m[KisVoltageNormal[m[K
[7.122s] [01m[K/home/luke/LKMCANNODE/src/lkmcannode.cpp:971:37:[m[K [01;31m[Kerror: [m[K‘[01m[Kclass BLDCMotor[m[K’ has no member named ‘[01m[KerrorState[m[K’; did you mean ‘[01m[KgetErrorState[m[K’?
[7.122s]   971 |     motor.isVoltageNormal_ = (motor.[01;31m[KerrorState[m[K & 0x01) != 0;
[7.122s]       |                                     [01;31m[K^~~~~~~~~~[m[K
[7.123s]       |                                     [32m[KgetErrorState[m[K
[7.123s] [01m[K/home/luke/LKMCANNODE/src/lkmcannode.cpp:972:11:[m[K [01;31m[Kerror: [m[K‘[01m[Kclass BLDCMotor[m[K’ has no member named ‘[01m[KisUnderVoltageProtect_[m[K’; did you mean ‘[01m[KisUnderVoltageProtect[m[K’?
[7.123s]   972 |     motor.[01;31m[KisUnderVoltageProtect_[m[K = (motor.errorState & 0x02) != 0;
[7.123s]       |           [01;31m[K^~~~~~~~~~~~~~~~~~~~~~[m[K
[7.123s]       |           [32m[KisUnderVoltageProtect[m[K
[7.124s] [01m[K/home/luke/LKMCANNODE/src/lkmcannode.cpp:972:43:[m[K [01;31m[Kerror: [m[K‘[01m[Kclass BLDCMotor[m[K’ has no member named ‘[01m[KerrorState[m[K’; did you mean ‘[01m[KgetErrorState[m[K’?
[7.124s]   972 |     motor.isUnderVoltageProtect_ = (motor.[01;31m[KerrorState[m[K & 0x02) != 0;
[7.124s]       |                                           [01;31m[K^~~~~~~~~~[m[K
[7.124s]       |                                           [32m[KgetErrorState[m[K
[7.125s] [01m[K/home/luke/LKMCANNODE/src/lkmcannode.cpp:973:11:[m[K [01;31m[Kerror: [m[K‘[01m[Kclass BLDCMotor[m[K’ has no member named ‘[01m[KisTemperatureNormal_[m[K’; did you mean ‘[01m[KisTemperatureNormal[m[K’?
[7.125s]   973 |     motor.[01;31m[KisTemperatureNormal_[m[K = (motor.errorState & 0x04) != 0;
[7.125s]       |           [01;31m[K^~~~~~~~~~~~~~~~~~~~[m[K
[7.125s]       |           [32m[KisTemperatureNormal[m[K
[7.125s] [01m[K/home/luke/LKMCANNODE/src/lkmcannode.cpp:973:41:[m[K [01;31m[Kerror: [m[K‘[01m[Kclass BLDCMotor[m[K’ has no member named ‘[01m[KerrorState[m[K’; did you mean ‘[01m[KgetErrorState[m[K’?
[7.126s]   973 |     motor.isTemperatureNormal_ = (motor.[01;31m[KerrorState[m[K & 0x04) != 0;
[7.126s]       |                                         [01;31m[K^~~~~~~~~~[m[K
[7.126s]       |                                         [32m[KgetErrorState[m[K
[7.126s] [01m[K/home/luke/LKMCANNODE/src/lkmcannode.cpp:974:11:[m[K [01;31m[Kerror: [m[K‘[01m[Kclass BLDCMotor[m[K’ has no member named ‘[01m[KisOverTemperatureProtect_[m[K’; did you mean ‘[01m[KisOverTemperatureProtect[m[K’?
[7.126s]   974 |     motor.[01;31m[KisOverTemperatureProtect_[m[K = (motor.errorState & 0x08) != 0;
[7.127s]       |           [01;31m[K^~~~~~~~~~~~~~~~~~~~~~~~~[m[K
[7.127s]       |           [32m[KisOverTemperatureProtect[m[K
[7.127s] [01m[K/home/luke/LKMCANNODE/src/lkmcannode.cpp:974:46:[m[K [01;31m[Kerror: [m[K‘[01m[Kclass BLDCMotor[m[K’ has no member named ‘[01m[KerrorState[m[K’; did you mean ‘[01m[KgetErrorState[m[K’?
[7.127s]   974 |     motor.isOverTemperatureProtect_ = (motor.[01;31m[KerrorState[m[K & 0x08) != 0;
[7.127s]       |                                              [01;31m[K^~~~~~~~~~[m[K
[7.128s]       |                                              [32m[KgetErrorState[m[K
[7.128s] [01m[K/home/luke/LKMCANNODE/src/lkmcannode.cpp:[m[K In function ‘[01m[Kvoid parseReadMotorState2Response(const uint8_t*, BLDCMotor)[m[K’:
[7.128s] [01m[K/home/luke/LKMCANNODE/src/lkmcannode.cpp:983:15:[m[K [01;31m[Kerror: [m[K‘[01m[Kclass BLDCMotor[m[K’ has no member named ‘[01m[Ktemperature_[m[K’; did you mean ‘[01m[KgetTemperature[m[K’?
[7.128s]   983 |         motor.[01;31m[Ktemperature_[m[K = static_cast<int8_t>(response[1]);
[7.128s]       |               [01;31m[K^~~~~~~~~~~~[m[K
[7.129s]       |               [32m[KgetTemperature[m[K
[7.129s] [01m[K/home/luke/LKMCANNODE/src/lkmcannode.cpp:984:15:[m[K [01;31m[Kerror: [m[K‘[01m[Kclass BLDCMotor[m[K’ has no member named ‘[01m[Ktorque_[m[K’
[7.129s]   984 |         motor.[01;31m[Ktorque_[m[K = static_cast<int16_t>(response[2] | (response[3] << 8));
[7.129s]       |               [01;31m[K^~~~~~~[m[K
[7.129s] [01m[K/home/luke/LKMCANNODE/src/lkmcannode.cpp:985:15:[m[K [01;31m[Kerror: [m[K‘[01m[Kclass BLDCMotor[m[K’ has no member named ‘[01m[Kspeed_[m[K’
[7.130s]   985 |         motor.[01;31m[Kspeed_[m[K = static_cast<int16_t>(response[4] | (response[5] << 8));
[7.130s]       |               [01;31m[K^~~~~~[m[K
[7.130s] [01m[K/home/luke/LKMCANNODE/src/lkmcannode.cpp:986:15:[m[K [01;31m[Kerror: [m[K‘[01m[Kclass BLDCMotor[m[K’ has no member named ‘[01m[Kencoder_[m[K’; did you mean ‘[01m[KgetEncoder[m[K’?
[7.130s]   986 |         motor.[01;31m[Kencoder_[m[K = static_cast<uint16_t>(response[6] | (response[7] << 8));
[7.130s]       |               [01;31m[K^~~~~~~~[m[K
[7.131s]       |               [32m[KgetEncoder[m[K
[7.131s] [01m[K/home/luke/LKMCANNODE/src/lkmcannode.cpp:[m[K In function ‘[01m[KMessageType parseResponse(const uint8_t*, MessageType, BLDCMotor&)[m[K’:
[7.131s] [01m[K/home/luke/LKMCANNODE/src/lkmcannode.cpp:1008:64:[m[K [01;35m[Kwarning: [m[Kunused parameter ‘[01m[KmessageType[m[K’ [[01;35m[K]8;;https://gcc.gnu.org/onlinedocs/gcc/Warning-Options.html#index-Wunused-parameter-Wunused-parameter]8;;[m[K]
[7.131s]  1008 | MessageType parseResponse(const uint8_t* response, [01;35m[KMessageType messageType[m[K, BLDCMotor& motor) {
[7.131s]       |                                                    [01;35m[K~~~~~~~~~~~~^~~~~~~~~~~[m[K
[7.132s] [01m[K/home/luke/LKMCANNODE/src/lkmcannode.cpp:1008:88:[m[K [01;35m[Kwarning: [m[Kunused parameter ‘[01m[Kmotor[m[K’ [[01;35m[K]8;;https://gcc.gnu.org/onlinedocs/gcc/Warning-Options.html#index-Wunused-parameter-Wunused-parameter]8;;[m[K]
[7.132s]  1008 | MessageType parseResponse(const uint8_t* response, MessageType messageType, [01;35m[KBLDCMotor& motor[m[K) {
[7.132s]       |                                                                             [01;35m[K~~~~~~~~~~~^~~~~[m[K
[8.047s] [01m[K/home/luke/LKMCANNODE/src/lkmcannode.cpp:1058:1:[m[K [01;35m[Kwarning: [m[Kcontrol reaches end of non-void function [[01;35m[K]8;;https://gcc.gnu.org/onlinedocs/gcc/Warning-Options.html#index-Wreturn-type-Wreturn-type]8;;[m[K]
[8.047s]  1058 | [01;35m[K}[m[K
[8.047s]       | [01;35m[K^[m[K
[8.090s] gmake[2]: *** [CMakeFiles/lkmcannode.dir/build.make:76: CMakeFiles/lkmcannode.dir/src/lkmcannode.cpp.o] Error 1
[8.090s] gmake[1]: *** [CMakeFiles/Makefile2:137: CMakeFiles/lkmcannode.dir/all] Error 2
[8.090s] gmake: *** [Makefile:146: all] Error 2
[8.095s] Invoked command in '/home/luke/LKMCANNODE/build/LKMCANNODE' returned '2': CMAKE_PREFIX_PATH=/opt/ros/humble /usr/bin/cmake --build /home/luke/LKMCANNODE/build/LKMCANNODE -- -j4 -l4
