[1.420s] DEBUG:colcon:Command line arguments: ['/usr/bin/colcon', 'build']
[1.420s] DEBUG:colcon:Parsed command line arguments: Namespace(log_base=None, log_level=None, verb_name='build', build_base='build', install_base='install', merge_install=False, symlink_install=False, test_result_base=None, continue_on_error=False, executor='parallel', parallel_workers=12, event_handlers=None, ignore_user_meta=False, metas=['./colcon.meta'], base_paths=['.'], packages_ignore=None, packages_ignore_regex=None, paths=None, packages_up_to=None, packages_up_to_regex=None, packages_above=None, packages_above_and_dependencies=None, packages_above_depth=None, packages_select_by_dep=None, packages_skip_by_dep=None, packages_skip_up_to=None, packages_select_build_failed=False, packages_skip_build_finished=False, packages_select_test_failures=False, packages_skip_test_passed=False, packages_select=None, packages_skip=None, packages_select_regex=None, packages_skip_regex=None, packages_start=None, packages_end=None, allow_overriding=[], cmake_args=None, cmake_target=None, cmake_target_skip_unavailable=False, cmake_clean_cache=False, cmake_clean_first=False, cmake_force_configure=False, ament_cmake_args=None, catkin_cmake_args=None, catkin_skip_building_tests=False, verb_parser=<colcon_defaults.argument_parser.defaults.DefaultArgumentsDecorator object at 0x7fe6e19bf460>, verb_extension=<colcon_core.verb.build.BuildVerb object at 0x7fe6e19ddba0>, main=<bound method BuildVerb.main of <colcon_core.verb.build.BuildVerb object at 0x7fe6e19ddba0>>)
[1.481s] Level 1:colcon.colcon_core.package_discovery:discover_packages(colcon_meta) check parameters
[1.481s] Level 1:colcon.colcon_core.package_discovery:discover_packages(recursive) check parameters
[1.481s] Level 1:colcon.colcon_core.package_discovery:discover_packages(ignore) check parameters
[1.481s] Level 1:colcon.colcon_core.package_discovery:discover_packages(path) check parameters
[1.481s] Level 1:colcon.colcon_core.package_discovery:discover_packages(colcon_meta) discover
[1.481s] Level 1:colcon.colcon_core.package_discovery:discover_packages(recursive) discover
[1.481s] INFO:colcon.colcon_core.package_discovery:Crawling recursively for packages in '/home/luke/ros2_ws/src/LKMCANNODE'
[1.482s] Level 1:colcon.colcon_core.package_identification:_identify(.) by extensions ['ignore', 'ignore_ament_install']
[1.482s] Level 1:colcon.colcon_core.package_identification:_identify(.) by extension 'ignore'
[1.482s] Level 1:colcon.colcon_core.package_identification:_identify(.) by extension 'ignore_ament_install'
[1.482s] Level 1:colcon.colcon_core.package_identification:_identify(.) by extensions ['colcon_pkg']
[1.482s] Level 1:colcon.colcon_core.package_identification:_identify(.) by extension 'colcon_pkg'
[1.482s] Level 1:colcon.colcon_core.package_identification:_identify(.) by extensions ['colcon_meta']
[1.482s] Level 1:colcon.colcon_core.package_identification:_identify(.) by extension 'colcon_meta'
[1.482s] Level 1:colcon.colcon_core.package_identification:_identify(.) by extensions ['ros']
[1.482s] Level 1:colcon.colcon_core.package_identification:_identify(.) by extension 'ros'
[1.502s] DEBUG:colcon.colcon_core.package_identification:Package '.' with type 'ros.ament_cmake' and name 'lkmcannode'
[1.502s] Level 1:colcon.colcon_core.package_discovery:discover_packages(recursive) using defaults
[1.502s] Level 1:colcon.colcon_core.package_discovery:discover_packages(ignore) discover
[1.502s] Level 1:colcon.colcon_core.package_discovery:discover_packages(ignore) using defaults
[1.502s] Level 1:colcon.colcon_core.package_discovery:discover_packages(path) discover
[1.502s] Level 1:colcon.colcon_core.package_discovery:discover_packages(path) using defaults
[1.621s] Level 1:colcon.colcon_core.package_discovery:discover_packages(prefix_path) check parameters
[1.621s] Level 1:colcon.colcon_core.package_discovery:discover_packages(prefix_path) discover
[1.657s] DEBUG:colcon.colcon_installed_package_information.package_discovery:Found 272 installed packages in /opt/ros/humble
[1.659s] Level 1:colcon.colcon_core.package_discovery:discover_packages(prefix_path) using defaults
[1.778s] Level 5:colcon.colcon_core.verb:set package 'lkmcannode' build argument 'cmake_args' from command line to 'None'
[1.778s] Level 5:colcon.colcon_core.verb:set package 'lkmcannode' build argument 'cmake_target' from command line to 'None'
[1.778s] Level 5:colcon.colcon_core.verb:set package 'lkmcannode' build argument 'cmake_target_skip_unavailable' from command line to 'False'
[1.778s] Level 5:colcon.colcon_core.verb:set package 'lkmcannode' build argument 'cmake_clean_cache' from command line to 'False'
[1.778s] Level 5:colcon.colcon_core.verb:set package 'lkmcannode' build argument 'cmake_clean_first' from command line to 'False'
[1.778s] Level 5:colcon.colcon_core.verb:set package 'lkmcannode' build argument 'cmake_force_configure' from command line to 'False'
[1.778s] Level 5:colcon.colcon_core.verb:set package 'lkmcannode' build argument 'ament_cmake_args' from command line to 'None'
[1.778s] Level 5:colcon.colcon_core.verb:set package 'lkmcannode' build argument 'catkin_cmake_args' from command line to 'None'
[1.778s] Level 5:colcon.colcon_core.verb:set package 'lkmcannode' build argument 'catkin_skip_building_tests' from command line to 'False'
[1.778s] DEBUG:colcon.colcon_core.verb:Building package 'lkmcannode' with the following arguments: {'ament_cmake_args': None, 'build_base': '/home/luke/ros2_ws/src/LKMCANNODE/build/lkmcannode', 'catkin_cmake_args': None, 'catkin_skip_building_tests': False, 'cmake_args': None, 'cmake_clean_cache': False, 'cmake_clean_first': False, 'cmake_force_configure': False, 'cmake_target': None, 'cmake_target_skip_unavailable': False, 'install_base': '/home/luke/ros2_ws/src/LKMCANNODE/install/lkmcannode', 'merge_install': False, 'path': '/home/luke/ros2_ws/src/LKMCANNODE', 'symlink_install': False, 'test_result_base': None}
[1.796s] INFO:colcon.colcon_core.executor:Executing jobs using 'parallel' executor
[1.816s] DEBUG:colcon.colcon_parallel_executor.executor.parallel:run_until_complete
[1.817s] INFO:colcon.colcon_ros.task.ament_cmake.build:Building ROS package in '/home/luke/ros2_ws/src/LKMCANNODE' with build type 'ament_cmake'
[1.817s] INFO:colcon.colcon_cmake.task.cmake.build:Building CMake package in '/home/luke/ros2_ws/src/LKMCANNODE'
[1.838s] INFO:colcon.colcon_core.plugin_system:Skipping extension 'colcon_core.shell.bat': Not used on non-Windows systems
[1.839s] INFO:colcon.colcon_core.shell:Skip shell extension 'powershell' for command environment: Not usable outside of PowerShell
[1.839s] DEBUG:colcon.colcon_core.shell:Skip shell extension 'dsv' for command environment
[1.884s] DEBUG:colcon.colcon_core.event_handler.log_command:Invoking command in '/home/luke/ros2_ws/src/LKMCANNODE/build/lkmcannode': CMAKE_PREFIX_PATH=/opt/ros/humble /usr/bin/cmake --build /home/luke/ros2_ws/src/LKMCANNODE/build/lkmcannode -- -j12 -l12
[9.013s] DEBUG:colcon.colcon_core.event_handler.log_command:Invoked command in '/home/luke/ros2_ws/src/LKMCANNODE/build/lkmcannode' returned '2': CMAKE_PREFIX_PATH=/opt/ros/humble /usr/bin/cmake --build /home/luke/ros2_ws/src/LKMCANNODE/build/lkmcannode -- -j12 -l12
[9.066s] Level 1:colcon.colcon_core.environment:create_environment_scripts_only(lkmcannode)
[9.086s] Level 1:colcon.colcon_core.environment:checking '/home/luke/ros2_ws/src/LKMCANNODE/install/lkmcannode' for CMake module files
[9.086s] Level 1:colcon.colcon_core.environment:checking '/home/luke/ros2_ws/src/LKMCANNODE/install/lkmcannode' for CMake config files
[9.087s] Level 1:colcon.colcon_core.shell:create_environment_hook('lkmcannode', 'cmake_prefix_path')
[9.104s] INFO:colcon.colcon_core.shell:Creating environment hook '/home/luke/ros2_ws/src/LKMCANNODE/install/lkmcannode/share/lkmcannode/hook/cmake_prefix_path.ps1'
[9.105s] INFO:colcon.colcon_core.shell:Creating environment descriptor '/home/luke/ros2_ws/src/LKMCANNODE/install/lkmcannode/share/lkmcannode/hook/cmake_prefix_path.dsv'
[9.105s] INFO:colcon.colcon_core.shell:Creating environment hook '/home/luke/ros2_ws/src/LKMCANNODE/install/lkmcannode/share/lkmcannode/hook/cmake_prefix_path.sh'
[9.106s] Level 1:colcon.colcon_core.environment:checking '/home/luke/ros2_ws/src/LKMCANNODE/install/lkmcannode/lib'
[9.107s] Level 1:colcon.colcon_core.environment:checking '/home/luke/ros2_ws/src/LKMCANNODE/install/lkmcannode/bin'
[9.107s] Level 1:colcon.colcon_core.environment:checking '/home/luke/ros2_ws/src/LKMCANNODE/install/lkmcannode/lib/pkgconfig/lkmcannode.pc'
[9.107s] Level 1:colcon.colcon_core.environment:checking '/home/luke/ros2_ws/src/LKMCANNODE/install/lkmcannode/lib/python3.10/site-packages'
[9.107s] Level 1:colcon.colcon_core.environment:checking '/home/luke/ros2_ws/src/LKMCANNODE/install/lkmcannode/bin'
[9.125s] INFO:colcon.colcon_core.shell:Creating package script '/home/luke/ros2_ws/src/LKMCANNODE/install/lkmcannode/share/lkmcannode/package.ps1'
[9.126s] INFO:colcon.colcon_core.shell:Creating package descriptor '/home/luke/ros2_ws/src/LKMCANNODE/install/lkmcannode/share/lkmcannode/package.dsv'
[9.127s] INFO:colcon.colcon_core.shell:Creating package script '/home/luke/ros2_ws/src/LKMCANNODE/install/lkmcannode/share/lkmcannode/package.sh'
[9.128s] INFO:colcon.colcon_core.shell:Creating package script '/home/luke/ros2_ws/src/LKMCANNODE/install/lkmcannode/share/lkmcannode/package.bash'
[9.129s] INFO:colcon.colcon_core.shell:Creating package script '/home/luke/ros2_ws/src/LKMCANNODE/install/lkmcannode/share/lkmcannode/package.zsh'
[9.130s] Level 1:colcon.colcon_core.environment:create_file_with_runtime_dependencies(/home/luke/ros2_ws/src/LKMCANNODE/install/lkmcannode/share/colcon-core/packages/lkmcannode)
[9.141s] DEBUG:colcon.colcon_parallel_executor.executor.parallel:closing loop
[9.141s] DEBUG:colcon.colcon_parallel_executor.executor.parallel:loop closed
[9.141s] DEBUG:colcon.colcon_parallel_executor.executor.parallel:run_until_complete finished with '2'
[9.142s] DEBUG:colcon.colcon_core.event_reactor:joining thread
[9.254s] INFO:colcon.colcon_core.plugin_system:Skipping extension 'colcon_notification.desktop_notification.notify_send': Could not find 'notify-send'
[9.255s] INFO:colcon.colcon_core.plugin_system:Skipping extension 'colcon_notification.desktop_notification.terminal_notifier': Not used on non-Darwin systems
[9.255s] INFO:colcon.colcon_core.plugin_system:Skipping extension 'colcon_notification.desktop_notification.win32': Not used on non-Windows systems
[9.255s] INFO:colcon.colcon_notification.desktop_notification:Sending desktop notification using 'notify2'
[9.255s] DEBUG:colcon.colcon_notification.desktop_notification.notify2:Failed to initialize notify2: org.freedesktop.DBus.Error.FileNotFound: Failed to connect to socket /run/user/1000/bus: No such file or directory
[9.255s] DEBUG:colcon.colcon_core.event_reactor:joined thread
[9.273s] INFO:colcon.colcon_core.shell:Creating prefix script '/home/luke/ros2_ws/src/LKMCANNODE/install/local_setup.ps1'
[9.274s] INFO:colcon.colcon_core.shell:Creating prefix util module '/home/luke/ros2_ws/src/LKMCANNODE/install/_local_setup_util_ps1.py'
[9.276s] INFO:colcon.colcon_core.shell:Creating prefix chain script '/home/luke/ros2_ws/src/LKMCANNODE/install/setup.ps1'
[9.294s] INFO:colcon.colcon_core.shell:Creating prefix script '/home/luke/ros2_ws/src/LKMCANNODE/install/local_setup.sh'
[9.295s] INFO:colcon.colcon_core.shell:Creating prefix util module '/home/luke/ros2_ws/src/LKMCANNODE/install/_local_setup_util_sh.py'
[9.296s] INFO:colcon.colcon_core.shell:Creating prefix chain script '/home/luke/ros2_ws/src/LKMCANNODE/install/setup.sh'
[9.313s] INFO:colcon.colcon_core.shell:Creating prefix script '/home/luke/ros2_ws/src/LKMCANNODE/install/local_setup.bash'
[9.314s] INFO:colcon.colcon_core.shell:Creating prefix chain script '/home/luke/ros2_ws/src/LKMCANNODE/install/setup.bash'
[9.332s] INFO:colcon.colcon_core.shell:Creating prefix script '/home/luke/ros2_ws/src/LKMCANNODE/install/local_setup.zsh'
[9.332s] INFO:colcon.colcon_core.shell:Creating prefix chain script '/home/luke/ros2_ws/src/LKMCANNODE/install/setup.zsh'
