[1.439s] DEBUG:colcon:Command line arguments: ['/usr/bin/colcon', 'build']
[1.440s] DEBUG:colcon:Parsed command line arguments: Namespace(log_base=None, log_level=None, verb_name='build', build_base='build', install_base='install', merge_install=False, symlink_install=False, test_result_base=None, continue_on_error=False, executor='parallel', parallel_workers=24, event_handlers=None, ignore_user_meta=False, metas=['./colcon.meta'], base_paths=['.'], packages_ignore=None, packages_ignore_regex=None, paths=None, packages_up_to=None, packages_up_to_regex=None, packages_above=None, packages_above_and_dependencies=None, packages_above_depth=None, packages_select_by_dep=None, packages_skip_by_dep=None, packages_skip_up_to=None, packages_select_build_failed=False, packages_skip_build_finished=False, packages_select_test_failures=False, packages_skip_test_passed=False, packages_select=None, packages_skip=None, packages_select_regex=None, packages_skip_regex=None, packages_start=None, packages_end=None, allow_overriding=[], cmake_args=None, cmake_target=None, cmake_target_skip_unavailable=False, cmake_clean_cache=False, cmake_clean_first=False, cmake_force_configure=False, ament_cmake_args=None, catkin_cmake_args=None, catkin_skip_building_tests=False, verb_parser=<colcon_defaults.argument_parser.defaults.DefaultArgumentsDecorator object at 0x7fd1a9c6a1d0>, verb_extension=<colcon_core.verb.build.BuildVerb object at 0x7fd1a9c6ba30>, main=<bound method BuildVerb.main of <colcon_core.verb.build.BuildVerb object at 0x7fd1a9c6ba30>>)
[1.586s] Level 1:colcon.colcon_core.package_discovery:discover_packages(colcon_meta) check parameters
[1.587s] Level 1:colcon.colcon_core.package_discovery:discover_packages(recursive) check parameters
[1.588s] Level 1:colcon.colcon_core.package_discovery:discover_packages(ignore) check parameters
[1.588s] Level 1:colcon.colcon_core.package_discovery:discover_packages(path) check parameters
[1.588s] Level 1:colcon.colcon_core.package_discovery:discover_packages(colcon_meta) discover
[1.589s] Level 1:colcon.colcon_core.package_discovery:discover_packages(recursive) discover
[1.589s] INFO:colcon.colcon_core.package_discovery:Crawling recursively for packages in '/mnt/c/temp/LKMCANNODE'
[1.591s] Level 1:colcon.colcon_core.package_identification:_identify(.) by extensions ['ignore', 'ignore_ament_install']
[1.592s] Level 1:colcon.colcon_core.package_identification:_identify(.) by extension 'ignore'
[1.593s] Level 1:colcon.colcon_core.package_identification:_identify(.) by extension 'ignore_ament_install'
[1.594s] Level 1:colcon.colcon_core.package_identification:_identify(.) by extensions ['colcon_pkg']
[1.595s] Level 1:colcon.colcon_core.package_identification:_identify(.) by extension 'colcon_pkg'
[1.596s] Level 1:colcon.colcon_core.package_identification:_identify(.) by extensions ['colcon_meta']
[1.596s] Level 1:colcon.colcon_core.package_identification:_identify(.) by extension 'colcon_meta'
[1.597s] Level 1:colcon.colcon_core.package_identification:_identify(.) by extensions ['ros']
[1.597s] Level 1:colcon.colcon_core.package_identification:_identify(.) by extension 'ros'
[1.657s] DEBUG:colcon.colcon_core.package_identification:Package '.' with type 'ros.ament_cmake' and name 'LKMCANNODE'
[1.658s] Level 1:colcon.colcon_core.package_discovery:discover_packages(recursive) using defaults
[1.659s] Level 1:colcon.colcon_core.package_discovery:discover_packages(ignore) discover
[1.659s] Level 1:colcon.colcon_core.package_discovery:discover_packages(ignore) using defaults
[1.659s] Level 1:colcon.colcon_core.package_discovery:discover_packages(path) discover
[1.660s] Level 1:colcon.colcon_core.package_discovery:discover_packages(path) using defaults
[1.779s] Level 1:colcon.colcon_core.package_discovery:discover_packages(prefix_path) check parameters
[1.780s] Level 1:colcon.colcon_core.package_discovery:discover_packages(prefix_path) discover
[1.805s] DEBUG:colcon.colcon_installed_package_information.package_discovery:Found 270 installed packages in /opt/ros/humble
[1.807s] Level 1:colcon.colcon_core.package_discovery:discover_packages(prefix_path) using defaults
[1.913s] Level 5:colcon.colcon_core.verb:set package 'LKMCANNODE' build argument 'cmake_args' from command line to 'None'
[1.913s] Level 5:colcon.colcon_core.verb:set package 'LKMCANNODE' build argument 'cmake_target' from command line to 'None'
[1.914s] Level 5:colcon.colcon_core.verb:set package 'LKMCANNODE' build argument 'cmake_target_skip_unavailable' from command line to 'False'
[1.914s] Level 5:colcon.colcon_core.verb:set package 'LKMCANNODE' build argument 'cmake_clean_cache' from command line to 'False'
[1.915s] Level 5:colcon.colcon_core.verb:set package 'LKMCANNODE' build argument 'cmake_clean_first' from command line to 'False'
[1.915s] Level 5:colcon.colcon_core.verb:set package 'LKMCANNODE' build argument 'cmake_force_configure' from command line to 'False'
[1.916s] Level 5:colcon.colcon_core.verb:set package 'LKMCANNODE' build argument 'ament_cmake_args' from command line to 'None'
[1.916s] Level 5:colcon.colcon_core.verb:set package 'LKMCANNODE' build argument 'catkin_cmake_args' from command line to 'None'
[1.916s] Level 5:colcon.colcon_core.verb:set package 'LKMCANNODE' build argument 'catkin_skip_building_tests' from command line to 'False'
[1.917s] DEBUG:colcon.colcon_core.verb:Building package 'LKMCANNODE' with the following arguments: {'ament_cmake_args': None, 'build_base': '/mnt/c/temp/LKMCANNODE/build/LKMCANNODE', 'catkin_cmake_args': None, 'catkin_skip_building_tests': False, 'cmake_args': None, 'cmake_clean_cache': False, 'cmake_clean_first': False, 'cmake_force_configure': False, 'cmake_target': None, 'cmake_target_skip_unavailable': False, 'install_base': '/mnt/c/temp/LKMCANNODE/install/LKMCANNODE', 'merge_install': False, 'path': '/mnt/c/temp/LKMCANNODE', 'symlink_install': False, 'test_result_base': None}
[1.928s] INFO:colcon.colcon_core.executor:Executing jobs using 'parallel' executor
[1.940s] DEBUG:colcon.colcon_parallel_executor.executor.parallel:run_until_complete
[1.941s] INFO:colcon.colcon_ros.task.ament_cmake.build:Building ROS package in '/mnt/c/temp/LKMCANNODE' with build type 'ament_cmake'
[1.941s] INFO:colcon.colcon_cmake.task.cmake.build:Building CMake package in '/mnt/c/temp/LKMCANNODE'
[1.959s] INFO:colcon.colcon_core.plugin_system:Skipping extension 'colcon_core.shell.bat': Not used on non-Windows systems
[1.960s] INFO:colcon.colcon_core.shell:Skip shell extension 'powershell' for command environment: Not usable outside of PowerShell
[1.960s] DEBUG:colcon.colcon_core.shell:Skip shell extension 'dsv' for command environment
[2.045s] DEBUG:colcon.colcon_core.event_handler.log_command:Invoking command in '/mnt/c/temp/LKMCANNODE/build/LKMCANNODE': CMAKE_PREFIX_PATH=/opt/ros/humble /usr/bin/cmake /mnt/c/temp/LKMCANNODE -DCMAKE_INSTALL_PREFIX=/mnt/c/temp/LKMCANNODE/install/LKMCANNODE
[15.559s] DEBUG:colcon.colcon_core.event_handler.log_command:Invoked command in '/mnt/c/temp/LKMCANNODE/build/LKMCANNODE' returned '0': CMAKE_PREFIX_PATH=/opt/ros/humble /usr/bin/cmake /mnt/c/temp/LKMCANNODE -DCMAKE_INSTALL_PREFIX=/mnt/c/temp/LKMCANNODE/install/LKMCANNODE
[15.577s] DEBUG:colcon.colcon_core.event_handler.log_command:Invoking command in '/mnt/c/temp/LKMCANNODE/build/LKMCANNODE': CMAKE_PREFIX_PATH=/opt/ros/humble /usr/bin/cmake --build /mnt/c/temp/LKMCANNODE/build/LKMCANNODE -- -j24 -l24
[15.705s] DEBUG:colcon.colcon_core.event_handler.log_command:Invoked command in '/mnt/c/temp/LKMCANNODE/build/LKMCANNODE' returned '0': CMAKE_PREFIX_PATH=/opt/ros/humble /usr/bin/cmake --build /mnt/c/temp/LKMCANNODE/build/LKMCANNODE -- -j24 -l24
[15.762s] DEBUG:colcon.colcon_core.event_handler.log_command:Invoking command in '/mnt/c/temp/LKMCANNODE/build/LKMCANNODE': CMAKE_PREFIX_PATH=/opt/ros/humble /usr/bin/cmake --install /mnt/c/temp/LKMCANNODE/build/LKMCANNODE
[17.328s] Level 1:colcon.colcon_core.environment:create_environment_scripts_only(LKMCANNODE)
[17.331s] DEBUG:colcon.colcon_core.event_handler.log_command:Invoked command in '/mnt/c/temp/LKMCANNODE/build/LKMCANNODE' returned '0': CMAKE_PREFIX_PATH=/opt/ros/humble /usr/bin/cmake --install /mnt/c/temp/LKMCANNODE/build/LKMCANNODE
[17.361s] Level 1:colcon.colcon_core.environment:checking '/mnt/c/temp/LKMCANNODE/install/LKMCANNODE' for CMake module files
[17.482s] Level 1:colcon.colcon_core.environment:checking '/mnt/c/temp/LKMCANNODE/install/LKMCANNODE' for CMake config files
[17.563s] Level 1:colcon.colcon_core.shell:create_environment_hook('LKMCANNODE', 'cmake_prefix_path')
[17.578s] INFO:colcon.colcon_core.shell:Creating environment hook '/mnt/c/temp/LKMCANNODE/install/LKMCANNODE/share/LKMCANNODE/hook/cmake_prefix_path.ps1'
[17.599s] INFO:colcon.colcon_core.shell:Creating environment descriptor '/mnt/c/temp/LKMCANNODE/install/LKMCANNODE/share/LKMCANNODE/hook/cmake_prefix_path.dsv'
[17.623s] INFO:colcon.colcon_core.shell:Creating environment hook '/mnt/c/temp/LKMCANNODE/install/LKMCANNODE/share/LKMCANNODE/hook/cmake_prefix_path.sh'
[17.656s] Level 1:colcon.colcon_core.environment:checking '/mnt/c/temp/LKMCANNODE/install/LKMCANNODE/bin'
[17.658s] Level 1:colcon.colcon_core.environment:checking '/mnt/c/temp/LKMCANNODE/install/LKMCANNODE/lib/pkgconfig/LKMCANNODE.pc'
[17.660s] Level 1:colcon.colcon_core.environment:checking '/mnt/c/temp/LKMCANNODE/install/LKMCANNODE/lib/python3.10/site-packages'
[17.663s] Level 1:colcon.colcon_core.environment:checking '/mnt/c/temp/LKMCANNODE/install/LKMCANNODE/bin'
[17.679s] INFO:colcon.colcon_core.shell:Creating package script '/mnt/c/temp/LKMCANNODE/install/LKMCANNODE/share/LKMCANNODE/package.ps1'
[17.699s] INFO:colcon.colcon_core.shell:Creating package descriptor '/mnt/c/temp/LKMCANNODE/install/LKMCANNODE/share/LKMCANNODE/package.dsv'
[17.722s] INFO:colcon.colcon_core.shell:Creating package script '/mnt/c/temp/LKMCANNODE/install/LKMCANNODE/share/LKMCANNODE/package.sh'
[17.742s] INFO:colcon.colcon_core.shell:Creating package script '/mnt/c/temp/LKMCANNODE/install/LKMCANNODE/share/LKMCANNODE/package.bash'
[17.764s] INFO:colcon.colcon_core.shell:Creating package script '/mnt/c/temp/LKMCANNODE/install/LKMCANNODE/share/LKMCANNODE/package.zsh'
[17.783s] Level 1:colcon.colcon_core.environment:create_file_with_runtime_dependencies(/mnt/c/temp/LKMCANNODE/install/LKMCANNODE/share/colcon-core/packages/LKMCANNODE)
[17.863s] Level 1:colcon.colcon_core.environment:create_environment_scripts_only(LKMCANNODE)
[17.877s] Level 1:colcon.colcon_core.environment:checking '/mnt/c/temp/LKMCANNODE/install/LKMCANNODE' for CMake module files
[18.018s] Level 1:colcon.colcon_core.environment:checking '/mnt/c/temp/LKMCANNODE/install/LKMCANNODE' for CMake config files
[18.107s] Level 1:colcon.colcon_core.shell:create_environment_hook('LKMCANNODE', 'cmake_prefix_path')
[18.120s] INFO:colcon.colcon_core.shell:Creating environment hook '/mnt/c/temp/LKMCANNODE/install/LKMCANNODE/share/LKMCANNODE/hook/cmake_prefix_path.ps1'
[18.143s] INFO:colcon.colcon_core.shell:Creating environment descriptor '/mnt/c/temp/LKMCANNODE/install/LKMCANNODE/share/LKMCANNODE/hook/cmake_prefix_path.dsv'
[18.164s] INFO:colcon.colcon_core.shell:Creating environment hook '/mnt/c/temp/LKMCANNODE/install/LKMCANNODE/share/LKMCANNODE/hook/cmake_prefix_path.sh'
[18.189s] Level 1:colcon.colcon_core.environment:checking '/mnt/c/temp/LKMCANNODE/install/LKMCANNODE/bin'
[18.192s] Level 1:colcon.colcon_core.environment:checking '/mnt/c/temp/LKMCANNODE/install/LKMCANNODE/lib/pkgconfig/LKMCANNODE.pc'
[18.194s] Level 1:colcon.colcon_core.environment:checking '/mnt/c/temp/LKMCANNODE/install/LKMCANNODE/lib/python3.10/site-packages'
[18.196s] Level 1:colcon.colcon_core.environment:checking '/mnt/c/temp/LKMCANNODE/install/LKMCANNODE/bin'
[18.210s] INFO:colcon.colcon_core.shell:Creating package script '/mnt/c/temp/LKMCANNODE/install/LKMCANNODE/share/LKMCANNODE/package.ps1'
[18.228s] INFO:colcon.colcon_core.shell:Creating package descriptor '/mnt/c/temp/LKMCANNODE/install/LKMCANNODE/share/LKMCANNODE/package.dsv'
[18.246s] INFO:colcon.colcon_core.shell:Creating package script '/mnt/c/temp/LKMCANNODE/install/LKMCANNODE/share/LKMCANNODE/package.sh'
[18.266s] INFO:colcon.colcon_core.shell:Creating package script '/mnt/c/temp/LKMCANNODE/install/LKMCANNODE/share/LKMCANNODE/package.bash'
[18.285s] INFO:colcon.colcon_core.shell:Creating package script '/mnt/c/temp/LKMCANNODE/install/LKMCANNODE/share/LKMCANNODE/package.zsh'
[18.308s] Level 1:colcon.colcon_core.environment:create_file_with_runtime_dependencies(/mnt/c/temp/LKMCANNODE/install/LKMCANNODE/share/colcon-core/packages/LKMCANNODE)
[18.325s] DEBUG:colcon.colcon_parallel_executor.executor.parallel:closing loop
[18.326s] DEBUG:colcon.colcon_parallel_executor.executor.parallel:loop closed
[18.326s] DEBUG:colcon.colcon_parallel_executor.executor.parallel:run_until_complete finished with '0'
[18.327s] DEBUG:colcon.colcon_core.event_reactor:joining thread
[18.704s] INFO:colcon.colcon_core.plugin_system:Skipping extension 'colcon_notification.desktop_notification.notify_send': Could not find 'notify-send'
[18.704s] INFO:colcon.colcon_core.plugin_system:Skipping extension 'colcon_notification.desktop_notification.terminal_notifier': Not used on non-Darwin systems
[18.704s] INFO:colcon.colcon_core.plugin_system:Skipping extension 'colcon_notification.desktop_notification.win32': Not used on non-Windows systems
[18.705s] INFO:colcon.colcon_notification.desktop_notification:Sending desktop notification using 'notify2'
[18.706s] DEBUG:colcon.colcon_notification.desktop_notification.notify2:Failed to initialize notify2: org.freedesktop.DBus.Error.FileNotFound: Failed to connect to socket /run/user/1000/bus: No such file or directory
[18.706s] DEBUG:colcon.colcon_core.event_reactor:joined thread
[18.717s] INFO:colcon.colcon_core.shell:Creating prefix script '/mnt/c/temp/LKMCANNODE/install/local_setup.ps1'
[18.726s] INFO:colcon.colcon_core.shell:Creating prefix util module '/mnt/c/temp/LKMCANNODE/install/_local_setup_util_ps1.py'
[18.735s] INFO:colcon.colcon_core.shell:Creating prefix chain script '/mnt/c/temp/LKMCANNODE/install/setup.ps1'
[18.754s] INFO:colcon.colcon_core.shell:Creating prefix script '/mnt/c/temp/LKMCANNODE/install/local_setup.sh'
[18.762s] INFO:colcon.colcon_core.shell:Creating prefix util module '/mnt/c/temp/LKMCANNODE/install/_local_setup_util_sh.py'
[18.768s] INFO:colcon.colcon_core.shell:Creating prefix chain script '/mnt/c/temp/LKMCANNODE/install/setup.sh'
[18.786s] INFO:colcon.colcon_core.shell:Creating prefix script '/mnt/c/temp/LKMCANNODE/install/local_setup.bash'
[18.794s] INFO:colcon.colcon_core.shell:Creating prefix chain script '/mnt/c/temp/LKMCANNODE/install/setup.bash'
[18.814s] INFO:colcon.colcon_core.shell:Creating prefix script '/mnt/c/temp/LKMCANNODE/install/local_setup.zsh'
[18.821s] INFO:colcon.colcon_core.shell:Creating prefix chain script '/mnt/c/temp/LKMCANNODE/install/setup.zsh'
