[0.634s] DEBUG:colcon:Command line arguments: ['/usr/bin/colcon', 'build']
[0.634s] DEBUG:colcon:Parsed command line arguments: Namespace(log_base=None, log_level=None, verb_name='build', build_base='build', install_base='install', merge_install=False, symlink_install=False, test_result_base=None, continue_on_error=False, executor='parallel', parallel_workers=24, event_handlers=None, ignore_user_meta=False, metas=['./colcon.meta'], base_paths=['.'], packages_ignore=None, packages_ignore_regex=None, paths=None, packages_up_to=None, packages_up_to_regex=None, packages_above=None, packages_above_and_dependencies=None, packages_above_depth=None, packages_select_by_dep=None, packages_skip_by_dep=None, packages_skip_up_to=None, packages_select_build_failed=False, packages_skip_build_finished=False, packages_select_test_failures=False, packages_skip_test_passed=False, packages_select=None, packages_skip=None, packages_select_regex=None, packages_skip_regex=None, packages_start=None, packages_end=None, allow_overriding=[], cmake_args=None, cmake_target=None, cmake_target_skip_unavailable=False, cmake_clean_cache=False, cmake_clean_first=False, cmake_force_configure=False, ament_cmake_args=None, catkin_cmake_args=None, catkin_skip_building_tests=False, verb_parser=<colcon_defaults.argument_parser.defaults.DefaultArgumentsDecorator object at 0x7f98cdc1c490>, verb_extension=<colcon_core.verb.build.BuildVerb object at 0x7f98cdc1ed10>, main=<bound method BuildVerb.main of <colcon_core.verb.build.BuildVerb object at 0x7f98cdc1ed10>>)
[0.711s] Level 1:colcon.colcon_core.package_discovery:discover_packages(colcon_meta) check parameters
[0.712s] Level 1:colcon.colcon_core.package_discovery:discover_packages(recursive) check parameters
[0.712s] Level 1:colcon.colcon_core.package_discovery:discover_packages(ignore) check parameters
[0.712s] Level 1:colcon.colcon_core.package_discovery:discover_packages(path) check parameters
[0.712s] Level 1:colcon.colcon_core.package_discovery:discover_packages(colcon_meta) discover
[0.713s] Level 1:colcon.colcon_core.package_discovery:discover_packages(recursive) discover
[0.713s] INFO:colcon.colcon_core.package_discovery:Crawling recursively for packages in '/mnt/c/temp/LKMCANNODE'
[0.716s] Level 1:colcon.colcon_core.package_identification:_identify(.) by extensions ['ignore', 'ignore_ament_install']
[0.716s] Level 1:colcon.colcon_core.package_identification:_identify(.) by extension 'ignore'
[0.717s] Level 1:colcon.colcon_core.package_identification:_identify(.) by extension 'ignore_ament_install'
[0.718s] Level 1:colcon.colcon_core.package_identification:_identify(.) by extensions ['colcon_pkg']
[0.718s] Level 1:colcon.colcon_core.package_identification:_identify(.) by extension 'colcon_pkg'
[0.719s] Level 1:colcon.colcon_core.package_identification:_identify(.) by extensions ['colcon_meta']
[0.719s] Level 1:colcon.colcon_core.package_identification:_identify(.) by extension 'colcon_meta'
[0.719s] Level 1:colcon.colcon_core.package_identification:_identify(.) by extensions ['ros']
[0.719s] Level 1:colcon.colcon_core.package_identification:_identify(.) by extension 'ros'
[0.757s] DEBUG:colcon.colcon_core.package_identification:Package '.' with type 'ros.ament_cmake' and name 'LKMCANNODE'
[0.757s] Level 1:colcon.colcon_core.package_discovery:discover_packages(recursive) using defaults
[0.757s] Level 1:colcon.colcon_core.package_discovery:discover_packages(ignore) discover
[0.758s] Level 1:colcon.colcon_core.package_discovery:discover_packages(ignore) using defaults
[0.758s] Level 1:colcon.colcon_core.package_discovery:discover_packages(path) discover
[0.758s] Level 1:colcon.colcon_core.package_discovery:discover_packages(path) using defaults
[0.826s] Level 1:colcon.colcon_core.package_discovery:discover_packages(prefix_path) check parameters
[0.827s] Level 1:colcon.colcon_core.package_discovery:discover_packages(prefix_path) discover
[0.833s] Level 1:colcon.colcon_core.package_discovery:discover_packages(prefix_path) using defaults
[0.844s] Level 5:colcon.colcon_core.verb:set package 'LKMCANNODE' build argument 'cmake_args' from command line to 'None'
[0.845s] Level 5:colcon.colcon_core.verb:set package 'LKMCANNODE' build argument 'cmake_target' from command line to 'None'
[0.845s] Level 5:colcon.colcon_core.verb:set package 'LKMCANNODE' build argument 'cmake_target_skip_unavailable' from command line to 'False'
[0.846s] Level 5:colcon.colcon_core.verb:set package 'LKMCANNODE' build argument 'cmake_clean_cache' from command line to 'False'
[0.846s] Level 5:colcon.colcon_core.verb:set package 'LKMCANNODE' build argument 'cmake_clean_first' from command line to 'False'
[0.846s] Level 5:colcon.colcon_core.verb:set package 'LKMCANNODE' build argument 'cmake_force_configure' from command line to 'False'
[0.847s] Level 5:colcon.colcon_core.verb:set package 'LKMCANNODE' build argument 'ament_cmake_args' from command line to 'None'
[0.847s] Level 5:colcon.colcon_core.verb:set package 'LKMCANNODE' build argument 'catkin_cmake_args' from command line to 'None'
[0.847s] Level 5:colcon.colcon_core.verb:set package 'LKMCANNODE' build argument 'catkin_skip_building_tests' from command line to 'False'
[0.847s] DEBUG:colcon.colcon_core.verb:Building package 'LKMCANNODE' with the following arguments: {'ament_cmake_args': None, 'build_base': '/mnt/c/temp/LKMCANNODE/build/LKMCANNODE', 'catkin_cmake_args': None, 'catkin_skip_building_tests': False, 'cmake_args': None, 'cmake_clean_cache': False, 'cmake_clean_first': False, 'cmake_force_configure': False, 'cmake_target': None, 'cmake_target_skip_unavailable': False, 'install_base': '/mnt/c/temp/LKMCANNODE/install/LKMCANNODE', 'merge_install': False, 'path': '/mnt/c/temp/LKMCANNODE', 'symlink_install': False, 'test_result_base': None}
[0.853s] INFO:colcon.colcon_core.executor:Executing jobs using 'parallel' executor
[0.860s] DEBUG:colcon.colcon_parallel_executor.executor.parallel:run_until_complete
[0.860s] INFO:colcon.colcon_ros.task.ament_cmake.build:Building ROS package in '/mnt/c/temp/LKMCANNODE' with build type 'ament_cmake'
[0.861s] INFO:colcon.colcon_cmake.task.cmake.build:Building CMake package in '/mnt/c/temp/LKMCANNODE'
[0.874s] INFO:colcon.colcon_core.plugin_system:Skipping extension 'colcon_core.shell.bat': Not used on non-Windows systems
[0.874s] INFO:colcon.colcon_core.shell:Skip shell extension 'powershell' for command environment: Not usable outside of PowerShell
[0.875s] DEBUG:colcon.colcon_core.shell:Skip shell extension 'dsv' for command environment
[0.973s] DEBUG:colcon.colcon_core.event_handler.log_command:Invoking command in '/mnt/c/temp/LKMCANNODE/build/LKMCANNODE': /usr/bin/cmake --build /mnt/c/temp/LKMCANNODE/build/LKMCANNODE -- -j24 -l24
[1.200s] DEBUG:colcon.colcon_core.event_handler.log_command:Invoked command in '/mnt/c/temp/LKMCANNODE/build/LKMCANNODE' returned '0': /usr/bin/cmake --build /mnt/c/temp/LKMCANNODE/build/LKMCANNODE -- -j24 -l24
[1.307s] DEBUG:colcon.colcon_core.event_handler.log_command:Invoking command in '/mnt/c/temp/LKMCANNODE/build/LKMCANNODE': /usr/bin/cmake --install /mnt/c/temp/LKMCANNODE/build/LKMCANNODE
[1.921s] Level 1:colcon.colcon_core.environment:create_environment_scripts_only(LKMCANNODE)
[1.924s] DEBUG:colcon.colcon_core.event_handler.log_command:Invoked command in '/mnt/c/temp/LKMCANNODE/build/LKMCANNODE' returned '0': /usr/bin/cmake --install /mnt/c/temp/LKMCANNODE/build/LKMCANNODE
[1.933s] Level 1:colcon.colcon_core.environment:checking '/mnt/c/temp/LKMCANNODE/install/LKMCANNODE' for CMake module files
[2.055s] Level 1:colcon.colcon_core.environment:checking '/mnt/c/temp/LKMCANNODE/install/LKMCANNODE' for CMake config files
[2.142s] Level 1:colcon.colcon_core.shell:create_environment_hook('LKMCANNODE', 'cmake_prefix_path')
[2.147s] INFO:colcon.colcon_core.shell:Creating environment hook '/mnt/c/temp/LKMCANNODE/install/LKMCANNODE/share/LKMCANNODE/hook/cmake_prefix_path.ps1'
[2.171s] INFO:colcon.colcon_core.shell:Creating environment descriptor '/mnt/c/temp/LKMCANNODE/install/LKMCANNODE/share/LKMCANNODE/hook/cmake_prefix_path.dsv'
[2.193s] INFO:colcon.colcon_core.shell:Creating environment hook '/mnt/c/temp/LKMCANNODE/install/LKMCANNODE/share/LKMCANNODE/hook/cmake_prefix_path.sh'
[2.218s] Level 1:colcon.colcon_core.environment:checking '/mnt/c/temp/LKMCANNODE/install/LKMCANNODE/bin'
[2.221s] Level 1:colcon.colcon_core.environment:checking '/mnt/c/temp/LKMCANNODE/install/LKMCANNODE/lib/pkgconfig/LKMCANNODE.pc'
[2.225s] Level 1:colcon.colcon_core.environment:checking '/mnt/c/temp/LKMCANNODE/install/LKMCANNODE/lib/python3.10/site-packages'
[2.227s] Level 1:colcon.colcon_core.environment:checking '/mnt/c/temp/LKMCANNODE/install/LKMCANNODE/bin'
[2.236s] INFO:colcon.colcon_core.shell:Creating package script '/mnt/c/temp/LKMCANNODE/install/LKMCANNODE/share/LKMCANNODE/package.ps1'
[2.252s] INFO:colcon.colcon_core.shell:Creating package descriptor '/mnt/c/temp/LKMCANNODE/install/LKMCANNODE/share/LKMCANNODE/package.dsv'
[2.270s] INFO:colcon.colcon_core.shell:Creating package script '/mnt/c/temp/LKMCANNODE/install/LKMCANNODE/share/LKMCANNODE/package.sh'
[2.288s] INFO:colcon.colcon_core.shell:Creating package script '/mnt/c/temp/LKMCANNODE/install/LKMCANNODE/share/LKMCANNODE/package.bash'
[2.306s] INFO:colcon.colcon_core.shell:Creating package script '/mnt/c/temp/LKMCANNODE/install/LKMCANNODE/share/LKMCANNODE/package.zsh'
[2.325s] Level 1:colcon.colcon_core.environment:create_file_with_runtime_dependencies(/mnt/c/temp/LKMCANNODE/install/LKMCANNODE/share/colcon-core/packages/LKMCANNODE)
[2.407s] Level 1:colcon.colcon_core.environment:create_environment_scripts_only(LKMCANNODE)
[2.412s] Level 1:colcon.colcon_core.environment:checking '/mnt/c/temp/LKMCANNODE/install/LKMCANNODE' for CMake module files
[2.555s] Level 1:colcon.colcon_core.environment:checking '/mnt/c/temp/LKMCANNODE/install/LKMCANNODE' for CMake config files
[2.660s] Level 1:colcon.colcon_core.shell:create_environment_hook('LKMCANNODE', 'cmake_prefix_path')
[2.666s] INFO:colcon.colcon_core.shell:Creating environment hook '/mnt/c/temp/LKMCANNODE/install/LKMCANNODE/share/LKMCANNODE/hook/cmake_prefix_path.ps1'
[2.687s] INFO:colcon.colcon_core.shell:Creating environment descriptor '/mnt/c/temp/LKMCANNODE/install/LKMCANNODE/share/LKMCANNODE/hook/cmake_prefix_path.dsv'
[2.710s] INFO:colcon.colcon_core.shell:Creating environment hook '/mnt/c/temp/LKMCANNODE/install/LKMCANNODE/share/LKMCANNODE/hook/cmake_prefix_path.sh'
[2.740s] Level 1:colcon.colcon_core.environment:checking '/mnt/c/temp/LKMCANNODE/install/LKMCANNODE/bin'
[2.741s] Level 1:colcon.colcon_core.environment:checking '/mnt/c/temp/LKMCANNODE/install/LKMCANNODE/lib/pkgconfig/LKMCANNODE.pc'
[2.744s] Level 1:colcon.colcon_core.environment:checking '/mnt/c/temp/LKMCANNODE/install/LKMCANNODE/lib/python3.10/site-packages'
[2.746s] Level 1:colcon.colcon_core.environment:checking '/mnt/c/temp/LKMCANNODE/install/LKMCANNODE/bin'
[2.754s] INFO:colcon.colcon_core.shell:Creating package script '/mnt/c/temp/LKMCANNODE/install/LKMCANNODE/share/LKMCANNODE/package.ps1'
[2.777s] INFO:colcon.colcon_core.shell:Creating package descriptor '/mnt/c/temp/LKMCANNODE/install/LKMCANNODE/share/LKMCANNODE/package.dsv'
[2.801s] INFO:colcon.colcon_core.shell:Creating package script '/mnt/c/temp/LKMCANNODE/install/LKMCANNODE/share/LKMCANNODE/package.sh'
[2.822s] INFO:colcon.colcon_core.shell:Creating package script '/mnt/c/temp/LKMCANNODE/install/LKMCANNODE/share/LKMCANNODE/package.bash'
[2.842s] INFO:colcon.colcon_core.shell:Creating package script '/mnt/c/temp/LKMCANNODE/install/LKMCANNODE/share/LKMCANNODE/package.zsh'
[2.864s] Level 1:colcon.colcon_core.environment:create_file_with_runtime_dependencies(/mnt/c/temp/LKMCANNODE/install/LKMCANNODE/share/colcon-core/packages/LKMCANNODE)
[2.878s] DEBUG:colcon.colcon_parallel_executor.executor.parallel:closing loop
[2.878s] DEBUG:colcon.colcon_parallel_executor.executor.parallel:loop closed
[2.878s] DEBUG:colcon.colcon_parallel_executor.executor.parallel:run_until_complete finished with '0'
[2.879s] DEBUG:colcon.colcon_core.event_reactor:joining thread
[3.015s] INFO:colcon.colcon_core.plugin_system:Skipping extension 'colcon_notification.desktop_notification.notify_send': Could not find 'notify-send'
[3.015s] INFO:colcon.colcon_core.plugin_system:Skipping extension 'colcon_notification.desktop_notification.terminal_notifier': Not used on non-Darwin systems
[3.015s] INFO:colcon.colcon_core.plugin_system:Skipping extension 'colcon_notification.desktop_notification.win32': Not used on non-Windows systems
[3.016s] INFO:colcon.colcon_notification.desktop_notification:Sending desktop notification using 'notify2'
[3.017s] DEBUG:colcon.colcon_notification.desktop_notification.notify2:Failed to initialize notify2: org.freedesktop.DBus.Error.FileNotFound: Failed to connect to socket /run/user/1000/bus: No such file or directory
[3.017s] DEBUG:colcon.colcon_core.event_reactor:joined thread
[3.024s] INFO:colcon.colcon_core.shell:Creating prefix script '/mnt/c/temp/LKMCANNODE/install/local_setup.ps1'
[3.035s] INFO:colcon.colcon_core.shell:Creating prefix util module '/mnt/c/temp/LKMCANNODE/install/_local_setup_util_ps1.py'
[3.046s] INFO:colcon.colcon_core.shell:Creating prefix chain script '/mnt/c/temp/LKMCANNODE/install/setup.ps1'
[3.063s] INFO:colcon.colcon_core.shell:Creating prefix script '/mnt/c/temp/LKMCANNODE/install/local_setup.sh'
[3.073s] INFO:colcon.colcon_core.shell:Creating prefix util module '/mnt/c/temp/LKMCANNODE/install/_local_setup_util_sh.py'
[3.081s] INFO:colcon.colcon_core.shell:Creating prefix chain script '/mnt/c/temp/LKMCANNODE/install/setup.sh'
[3.094s] INFO:colcon.colcon_core.shell:Creating prefix script '/mnt/c/temp/LKMCANNODE/install/local_setup.bash'
[3.103s] INFO:colcon.colcon_core.shell:Creating prefix chain script '/mnt/c/temp/LKMCANNODE/install/setup.bash'
[3.118s] INFO:colcon.colcon_core.shell:Creating prefix script '/mnt/c/temp/LKMCANNODE/install/local_setup.zsh'
[3.128s] INFO:colcon.colcon_core.shell:Creating prefix chain script '/mnt/c/temp/LKMCANNODE/install/setup.zsh'
