[0.106s] Invoking command in '/mnt/c/temp/LKMCANNODE/build/LKMCANNODE': /usr/bin/cmake --build /mnt/c/temp/LKMCANNODE/build/LKMCANNODE -- -j24 -l24
[0.334s] Invoked command in '/mnt/c/temp/LKMCANNODE/build/LKMCANNODE' returned '0': /usr/bin/cmake --build /mnt/c/temp/LKMCANNODE/build/LKMCANNODE -- -j24 -l24
[0.440s] Invoking command in '/mnt/c/temp/LKMCANNODE/build/LKMCANNODE': /usr/bin/cmake --install /mnt/c/temp/LKMCANNODE/build/LKMCANNODE
[0.470s] -- Install configuration: ""
[0.530s] -- Up-to-date: /mnt/c/temp/LKMCANNODE/install/LKMCANNODE/share/ament_index/resource_index/package_run_dependencies/LKMCANNODE
[0.596s] -- Up-to-date: /mnt/c/temp/LKMCANNODE/install/LKMCANNODE/share/ament_index/resource_index/parent_prefix_path/LKMCANNODE
[0.624s] -- Up-to-date: /mnt/c/temp/LKMCANNODE/install/LKMCANNODE/share/LKMCANNODE/environment/ament_prefix_path.sh
[0.658s] -- Up-to-date: /mnt/c/temp/LKMCANNODE/install/LKMCANNODE/share/LKMCANNODE/environment/ament_prefix_path.dsv
[0.681s] -- Up-to-date: /mnt/c/temp/LKMCANNODE/install/LKMCANNODE/share/LKMCANNODE/environment/path.sh
[0.712s] -- Up-to-date: /mnt/c/temp/LKMCANNODE/install/LKMCANNODE/share/LKMCANNODE/environment/path.dsv
[0.739s] -- Up-to-date: /mnt/c/temp/LKMCANNODE/install/LKMCANNODE/share/LKMCANNODE/local_setup.bash
[0.765s] -- Up-to-date: /mnt/c/temp/LKMCANNODE/install/LKMCANNODE/share/LKMCANNODE/local_setup.sh
[0.794s] -- Up-to-date: /mnt/c/temp/LKMCANNODE/install/LKMCANNODE/share/LKMCANNODE/local_setup.zsh
[0.820s] -- Up-to-date: /mnt/c/temp/LKMCANNODE/install/LKMCANNODE/share/LKMCANNODE/local_setup.dsv
[0.849s] -- Installing: /mnt/c/temp/LKMCANNODE/install/LKMCANNODE/share/LKMCANNODE/package.dsv
[0.962s] -- Up-to-date: /mnt/c/temp/LKMCANNODE/install/LKMCANNODE/share/ament_index/resource_index/packages/LKMCANNODE
[0.993s] -- Up-to-date: /mnt/c/temp/LKMCANNODE/install/LKMCANNODE/share/LKMCANNODE/cmake/LKMCANNODEConfig.cmake
[1.017s] -- Up-to-date: /mnt/c/temp/LKMCANNODE/install/LKMCANNODE/share/LKMCANNODE/cmake/LKMCANNODEConfig-version.cmake
[1.043s] -- Up-to-date: /mnt/c/temp/LKMCANNODE/install/LKMCANNODE/share/LKMCANNODE/package.xml
[1.057s] Invoked command in '/mnt/c/temp/LKMCANNODE/build/LKMCANNODE' returned '0': /usr/bin/cmake --install /mnt/c/temp/LKMCANNODE/build/LKMCANNODE
