-- Found ament_cmake: 1.3.7 (/opt/ros/humble/share/ament_cmake/cmake)
-- Found rclcpp: 16.0.8 (/opt/ros/humble/share/rclcpp/cmake)
-- Found rosidl_generator_c: 3.1.5 (/opt/ros/humble/share/rosidl_generator_c/cmake)
-- Found rosidl_adapter: 3.1.5 (/opt/ros/humble/share/rosidl_adapter/cmake)
-- Found rosidl_generator_cpp: 3.1.5 (/opt/ros/humble/share/rosidl_generator_cpp/cmake)
-- Using all available rosidl_typesupport_c: rosidl_typesupport_fastrtps_c;rosidl_typesupport_introspection_c
-- Using all available rosidl_typesupport_cpp: rosidl_typesupport_fastrtps_cpp;rosidl_typesupport_introspection_cpp
-- Found rmw_implementation_cmake: 6.1.1 (/opt/ros/humble/share/rmw_implementation_cmake/cmake)
-- Found rmw_fastrtps_cpp: 6.2.6 (/opt/ros/humble/share/rmw_fastrtps_cpp/cmake)
-- Using RMW implementation 'rmw_fastrtps_cpp' as default
-- Found can_msgs: 2.0.0 (/opt/ros/humble/share/can_msgs/cmake)
-- Found geometry_msgs: 4.2.3 (/opt/ros/humble/share/geometry_msgs/cmake)
-- Found tf2_ros: 0.25.5 (/opt/ros/humble/share/tf2_ros/cmake)
-- Found nav_msgs: 4.2.3 (/opt/ros/humble/share/nav_msgs/cmake)
-- Found ament_lint_auto: 0.12.10 (/opt/ros/humble/share/ament_lint_auto/cmake)
-- Added test 'cppcheck' to perform static code analysis on C / C++ code
-- Configured cppcheck include dirs: 
-- Configured cppcheck exclude dirs and/or files: 
-- Added test 'flake8' to check Python code syntax and style conventions
-- Added test 'lint_cmake' to check CMake code style
-- Added test 'pep257' to check Python code against some of the docstring style conventions in PEP 257
-- Added test 'uncrustify' to check C / C++ code style
-- Configured uncrustify additional arguments: 
-- Added test 'xmllint' to check XML markup files
-- Configuring done
-- Generating done
-- Build files have been written to: /home/luke/ros2_ws/src/LKMCANNODE/build/lkmcannode
[ 50%] [32mBuilding CXX object CMakeFiles/lkmcannode.dir/src/lkmcannode.cpp.o[0m
[100%] [32m[1mLinking CXX executable lkmcannode[0m
[100%] Built target lkmcannode
-- Install configuration: ""
-- Installing: /home/luke/ros2_ws/src/LKMCANNODE/install/lkmcannode/lib/lkmcannode/lkmcannode
-- Set runtime path of "/home/luke/ros2_ws/src/LKMCANNODE/install/lkmcannode/lib/lkmcannode/lkmcannode" to ""
-- Installing: /home/luke/ros2_ws/src/LKMCANNODE/install/lkmcannode/share/ament_index/resource_index/package_run_dependencies/lkmcannode
-- Installing: /home/luke/ros2_ws/src/LKMCANNODE/install/lkmcannode/share/ament_index/resource_index/parent_prefix_path/lkmcannode
-- Installing: /home/luke/ros2_ws/src/LKMCANNODE/install/lkmcannode/share/lkmcannode/environment/ament_prefix_path.sh
-- Installing: /home/luke/ros2_ws/src/LKMCANNODE/install/lkmcannode/share/lkmcannode/environment/ament_prefix_path.dsv
-- Installing: /home/luke/ros2_ws/src/LKMCANNODE/install/lkmcannode/share/lkmcannode/environment/path.sh
-- Installing: /home/luke/ros2_ws/src/LKMCANNODE/install/lkmcannode/share/lkmcannode/environment/path.dsv
-- Installing: /home/luke/ros2_ws/src/LKMCANNODE/install/lkmcannode/share/lkmcannode/local_setup.bash
-- Installing: /home/luke/ros2_ws/src/LKMCANNODE/install/lkmcannode/share/lkmcannode/local_setup.sh
-- Installing: /home/luke/ros2_ws/src/LKMCANNODE/install/lkmcannode/share/lkmcannode/local_setup.zsh
-- Installing: /home/luke/ros2_ws/src/LKMCANNODE/install/lkmcannode/share/lkmcannode/local_setup.dsv
-- Installing: /home/luke/ros2_ws/src/LKMCANNODE/install/lkmcannode/share/lkmcannode/package.dsv
-- Installing: /home/luke/ros2_ws/src/LKMCANNODE/install/lkmcannode/share/ament_index/resource_index/packages/lkmcannode
-- Installing: /home/luke/ros2_ws/src/LKMCANNODE/install/lkmcannode/share/lkmcannode/cmake/ament_cmake_export_dependencies-extras.cmake
-- Installing: /home/luke/ros2_ws/src/LKMCANNODE/install/lkmcannode/share/lkmcannode/cmake/lkmcannodeConfig.cmake
-- Installing: /home/luke/ros2_ws/src/LKMCANNODE/install/lkmcannode/share/lkmcannode/cmake/lkmcannodeConfig-version.cmake
-- Installing: /home/luke/ros2_ws/src/LKMCANNODE/install/lkmcannode/share/lkmcannode/package.xml
