[1.403s] DEBUG:colcon:Command line arguments: ['/usr/bin/colcon', 'build']
[1.403s] DEBUG:colcon:Parsed command line arguments: Namespace(log_base=None, log_level=None, verb_name='build', build_base='build', install_base='install', merge_install=False, symlink_install=False, test_result_base=None, continue_on_error=False, executor='parallel', parallel_workers=12, event_handlers=None, ignore_user_meta=False, metas=['./colcon.meta'], base_paths=['.'], packages_ignore=None, packages_ignore_regex=None, paths=None, packages_up_to=None, packages_up_to_regex=None, packages_above=None, packages_above_and_dependencies=None, packages_above_depth=None, packages_select_by_dep=None, packages_skip_by_dep=None, packages_skip_up_to=None, packages_select_build_failed=False, packages_skip_build_finished=False, packages_select_test_failures=False, packages_skip_test_passed=False, packages_select=None, packages_skip=None, packages_select_regex=None, packages_skip_regex=None, packages_start=None, packages_end=None, allow_overriding=[], cmake_args=None, cmake_target=None, cmake_target_skip_unavailable=False, cmake_clean_cache=False, cmake_clean_first=False, cmake_force_configure=False, ament_cmake_args=None, catkin_cmake_args=None, catkin_skip_building_tests=False, verb_parser=<colcon_defaults.argument_parser.defaults.DefaultArgumentsDecorator object at 0x7f086b0fb610>, verb_extension=<colcon_core.verb.build.BuildVerb object at 0x7f086b117a60>, main=<bound method BuildVerb.main of <colcon_core.verb.build.BuildVerb object at 0x7f086b117a60>>)
[1.463s] Level 1:colcon.colcon_core.package_discovery:discover_packages(colcon_meta) check parameters
[1.463s] Level 1:colcon.colcon_core.package_discovery:discover_packages(recursive) check parameters
[1.463s] Level 1:colcon.colcon_core.package_discovery:discover_packages(ignore) check parameters
[1.463s] Level 1:colcon.colcon_core.package_discovery:discover_packages(path) check parameters
[1.463s] Level 1:colcon.colcon_core.package_discovery:discover_packages(colcon_meta) discover
[1.463s] Level 1:colcon.colcon_core.package_discovery:discover_packages(recursive) discover
[1.463s] INFO:colcon.colcon_core.package_discovery:Crawling recursively for packages in '/home/luke/ros2_ws/src/LKMCANNODE'
[1.464s] Level 1:colcon.colcon_core.package_identification:_identify(.) by extensions ['ignore', 'ignore_ament_install']
[1.464s] Level 1:colcon.colcon_core.package_identification:_identify(.) by extension 'ignore'
[1.464s] Level 1:colcon.colcon_core.package_identification:_identify(.) by extension 'ignore_ament_install'
[1.464s] Level 1:colcon.colcon_core.package_identification:_identify(.) by extensions ['colcon_pkg']
[1.464s] Level 1:colcon.colcon_core.package_identification:_identify(.) by extension 'colcon_pkg'
[1.464s] Level 1:colcon.colcon_core.package_identification:_identify(.) by extensions ['colcon_meta']
[1.464s] Level 1:colcon.colcon_core.package_identification:_identify(.) by extension 'colcon_meta'
[1.464s] Level 1:colcon.colcon_core.package_identification:_identify(.) by extensions ['ros']
[1.464s] Level 1:colcon.colcon_core.package_identification:_identify(.) by extension 'ros'
[1.481s] DEBUG:colcon.colcon_core.package_identification:Package '.' with type 'ros.ament_cmake' and name 'lkmcannode'
[1.481s] Level 1:colcon.colcon_core.package_discovery:discover_packages(recursive) using defaults
[1.482s] Level 1:colcon.colcon_core.package_discovery:discover_packages(ignore) discover
[1.482s] Level 1:colcon.colcon_core.package_discovery:discover_packages(ignore) using defaults
[1.482s] Level 1:colcon.colcon_core.package_discovery:discover_packages(path) discover
[1.482s] Level 1:colcon.colcon_core.package_discovery:discover_packages(path) using defaults
[1.626s] Level 1:colcon.colcon_core.package_discovery:discover_packages(prefix_path) check parameters
[1.626s] Level 1:colcon.colcon_core.package_discovery:discover_packages(prefix_path) discover
[1.666s] DEBUG:colcon.colcon_installed_package_information.package_discovery:Found 272 installed packages in /opt/ros/humble
[1.668s] Level 1:colcon.colcon_core.package_discovery:discover_packages(prefix_path) using defaults
[1.790s] Level 5:colcon.colcon_core.verb:set package 'lkmcannode' build argument 'cmake_args' from command line to 'None'
[1.790s] Level 5:colcon.colcon_core.verb:set package 'lkmcannode' build argument 'cmake_target' from command line to 'None'
[1.790s] Level 5:colcon.colcon_core.verb:set package 'lkmcannode' build argument 'cmake_target_skip_unavailable' from command line to 'False'
[1.790s] Level 5:colcon.colcon_core.verb:set package 'lkmcannode' build argument 'cmake_clean_cache' from command line to 'False'
[1.790s] Level 5:colcon.colcon_core.verb:set package 'lkmcannode' build argument 'cmake_clean_first' from command line to 'False'
[1.790s] Level 5:colcon.colcon_core.verb:set package 'lkmcannode' build argument 'cmake_force_configure' from command line to 'False'
[1.790s] Level 5:colcon.colcon_core.verb:set package 'lkmcannode' build argument 'ament_cmake_args' from command line to 'None'
[1.790s] Level 5:colcon.colcon_core.verb:set package 'lkmcannode' build argument 'catkin_cmake_args' from command line to 'None'
[1.790s] Level 5:colcon.colcon_core.verb:set package 'lkmcannode' build argument 'catkin_skip_building_tests' from command line to 'False'
[1.790s] DEBUG:colcon.colcon_core.verb:Building package 'lkmcannode' with the following arguments: {'ament_cmake_args': None, 'build_base': '/home/luke/ros2_ws/src/LKMCANNODE/build/lkmcannode', 'catkin_cmake_args': None, 'catkin_skip_building_tests': False, 'cmake_args': None, 'cmake_clean_cache': False, 'cmake_clean_first': False, 'cmake_force_configure': False, 'cmake_target': None, 'cmake_target_skip_unavailable': False, 'install_base': '/home/luke/ros2_ws/src/LKMCANNODE/install/lkmcannode', 'merge_install': False, 'path': '/home/luke/ros2_ws/src/LKMCANNODE', 'symlink_install': False, 'test_result_base': None}
[1.807s] INFO:colcon.colcon_core.executor:Executing jobs using 'parallel' executor
[1.825s] DEBUG:colcon.colcon_parallel_executor.executor.parallel:run_until_complete
[1.825s] INFO:colcon.colcon_ros.task.ament_cmake.build:Building ROS package in '/home/luke/ros2_ws/src/LKMCANNODE' with build type 'ament_cmake'
[1.825s] INFO:colcon.colcon_cmake.task.cmake.build:Building CMake package in '/home/luke/ros2_ws/src/LKMCANNODE'
[1.845s] INFO:colcon.colcon_core.plugin_system:Skipping extension 'colcon_core.shell.bat': Not used on non-Windows systems
[1.846s] INFO:colcon.colcon_core.shell:Skip shell extension 'powershell' for command environment: Not usable outside of PowerShell
[1.846s] DEBUG:colcon.colcon_core.shell:Skip shell extension 'dsv' for command environment
[1.893s] DEBUG:colcon.colcon_core.event_handler.log_command:Invoking command in '/home/luke/ros2_ws/src/LKMCANNODE/build/lkmcannode': CMAKE_PREFIX_PATH=/opt/ros/humble /usr/bin/cmake /home/luke/ros2_ws/src/LKMCANNODE -DCMAKE_INSTALL_PREFIX=/home/luke/ros2_ws/src/LKMCANNODE/install/lkmcannode
[15.817s] DEBUG:colcon.colcon_core.event_handler.log_command:Invoked command in '/home/luke/ros2_ws/src/LKMCANNODE/build/lkmcannode' returned '0': CMAKE_PREFIX_PATH=/opt/ros/humble /usr/bin/cmake /home/luke/ros2_ws/src/LKMCANNODE -DCMAKE_INSTALL_PREFIX=/home/luke/ros2_ws/src/LKMCANNODE/install/lkmcannode
[15.820s] DEBUG:colcon.colcon_core.event_handler.log_command:Invoking command in '/home/luke/ros2_ws/src/LKMCANNODE/build/lkmcannode': CMAKE_PREFIX_PATH=/opt/ros/humble /usr/bin/cmake --build /home/luke/ros2_ws/src/LKMCANNODE/build/lkmcannode -- -j12 -l12
[28.383s] DEBUG:colcon.colcon_core.event_handler.log_command:Invoked command in '/home/luke/ros2_ws/src/LKMCANNODE/build/lkmcannode' returned '0': CMAKE_PREFIX_PATH=/opt/ros/humble /usr/bin/cmake --build /home/luke/ros2_ws/src/LKMCANNODE/build/lkmcannode -- -j12 -l12
[28.424s] DEBUG:colcon.colcon_core.event_handler.log_command:Invoking command in '/home/luke/ros2_ws/src/LKMCANNODE/build/lkmcannode': CMAKE_PREFIX_PATH=/opt/ros/humble /usr/bin/cmake --install /home/luke/ros2_ws/src/LKMCANNODE/build/lkmcannode
[28.445s] Level 1:colcon.colcon_core.environment:create_environment_scripts_only(lkmcannode)
[28.445s] DEBUG:colcon.colcon_core.event_handler.log_command:Invoked command in '/home/luke/ros2_ws/src/LKMCANNODE/build/lkmcannode' returned '0': CMAKE_PREFIX_PATH=/opt/ros/humble /usr/bin/cmake --install /home/luke/ros2_ws/src/LKMCANNODE/build/lkmcannode
[28.466s] Level 1:colcon.colcon_core.environment:checking '/home/luke/ros2_ws/src/LKMCANNODE/install/lkmcannode' for CMake module files
[28.466s] Level 1:colcon.colcon_core.environment:checking '/home/luke/ros2_ws/src/LKMCANNODE/install/lkmcannode' for CMake config files
[28.467s] Level 1:colcon.colcon_core.shell:create_environment_hook('lkmcannode', 'cmake_prefix_path')
[28.485s] INFO:colcon.colcon_core.shell:Creating environment hook '/home/luke/ros2_ws/src/LKMCANNODE/install/lkmcannode/share/lkmcannode/hook/cmake_prefix_path.ps1'
[28.486s] INFO:colcon.colcon_core.shell:Creating environment descriptor '/home/luke/ros2_ws/src/LKMCANNODE/install/lkmcannode/share/lkmcannode/hook/cmake_prefix_path.dsv'
[28.487s] INFO:colcon.colcon_core.shell:Creating environment hook '/home/luke/ros2_ws/src/LKMCANNODE/install/lkmcannode/share/lkmcannode/hook/cmake_prefix_path.sh'
[28.488s] Level 1:colcon.colcon_core.environment:checking '/home/luke/ros2_ws/src/LKMCANNODE/install/lkmcannode/lib'
[28.488s] Level 1:colcon.colcon_core.environment:checking '/home/luke/ros2_ws/src/LKMCANNODE/install/lkmcannode/bin'
[28.488s] Level 1:colcon.colcon_core.environment:checking '/home/luke/ros2_ws/src/LKMCANNODE/install/lkmcannode/lib/pkgconfig/lkmcannode.pc'
[28.488s] Level 1:colcon.colcon_core.environment:checking '/home/luke/ros2_ws/src/LKMCANNODE/install/lkmcannode/lib/python3.10/site-packages'
[28.489s] Level 1:colcon.colcon_core.environment:checking '/home/luke/ros2_ws/src/LKMCANNODE/install/lkmcannode/bin'
[28.508s] INFO:colcon.colcon_core.shell:Creating package script '/home/luke/ros2_ws/src/LKMCANNODE/install/lkmcannode/share/lkmcannode/package.ps1'
[28.509s] INFO:colcon.colcon_core.shell:Creating package descriptor '/home/luke/ros2_ws/src/LKMCANNODE/install/lkmcannode/share/lkmcannode/package.dsv'
[28.509s] INFO:colcon.colcon_core.shell:Creating package script '/home/luke/ros2_ws/src/LKMCANNODE/install/lkmcannode/share/lkmcannode/package.sh'
[28.510s] INFO:colcon.colcon_core.shell:Creating package script '/home/luke/ros2_ws/src/LKMCANNODE/install/lkmcannode/share/lkmcannode/package.bash'
[28.511s] INFO:colcon.colcon_core.shell:Creating package script '/home/luke/ros2_ws/src/LKMCANNODE/install/lkmcannode/share/lkmcannode/package.zsh'
[28.512s] Level 1:colcon.colcon_core.environment:create_file_with_runtime_dependencies(/home/luke/ros2_ws/src/LKMCANNODE/install/lkmcannode/share/colcon-core/packages/lkmcannode)
[28.559s] Level 1:colcon.colcon_core.environment:create_environment_scripts_only(lkmcannode)
[28.576s] Level 1:colcon.colcon_core.environment:checking '/home/luke/ros2_ws/src/LKMCANNODE/install/lkmcannode' for CMake module files
[28.577s] Level 1:colcon.colcon_core.environment:checking '/home/luke/ros2_ws/src/LKMCANNODE/install/lkmcannode' for CMake config files
[28.577s] Level 1:colcon.colcon_core.shell:create_environment_hook('lkmcannode', 'cmake_prefix_path')
[28.594s] INFO:colcon.colcon_core.shell:Creating environment hook '/home/luke/ros2_ws/src/LKMCANNODE/install/lkmcannode/share/lkmcannode/hook/cmake_prefix_path.ps1'
[28.595s] INFO:colcon.colcon_core.shell:Creating environment descriptor '/home/luke/ros2_ws/src/LKMCANNODE/install/lkmcannode/share/lkmcannode/hook/cmake_prefix_path.dsv'
[28.595s] INFO:colcon.colcon_core.shell:Creating environment hook '/home/luke/ros2_ws/src/LKMCANNODE/install/lkmcannode/share/lkmcannode/hook/cmake_prefix_path.sh'
[28.596s] Level 1:colcon.colcon_core.environment:checking '/home/luke/ros2_ws/src/LKMCANNODE/install/lkmcannode/lib'
[28.596s] Level 1:colcon.colcon_core.environment:checking '/home/luke/ros2_ws/src/LKMCANNODE/install/lkmcannode/bin'
[28.596s] Level 1:colcon.colcon_core.environment:checking '/home/luke/ros2_ws/src/LKMCANNODE/install/lkmcannode/lib/pkgconfig/lkmcannode.pc'
[28.596s] Level 1:colcon.colcon_core.environment:checking '/home/luke/ros2_ws/src/LKMCANNODE/install/lkmcannode/lib/python3.10/site-packages'
[28.597s] Level 1:colcon.colcon_core.environment:checking '/home/luke/ros2_ws/src/LKMCANNODE/install/lkmcannode/bin'
[28.614s] INFO:colcon.colcon_core.shell:Creating package script '/home/luke/ros2_ws/src/LKMCANNODE/install/lkmcannode/share/lkmcannode/package.ps1'
[28.615s] INFO:colcon.colcon_core.shell:Creating package descriptor '/home/luke/ros2_ws/src/LKMCANNODE/install/lkmcannode/share/lkmcannode/package.dsv'
[28.615s] INFO:colcon.colcon_core.shell:Creating package script '/home/luke/ros2_ws/src/LKMCANNODE/install/lkmcannode/share/lkmcannode/package.sh'
[28.616s] INFO:colcon.colcon_core.shell:Creating package script '/home/luke/ros2_ws/src/LKMCANNODE/install/lkmcannode/share/lkmcannode/package.bash'
[28.616s] INFO:colcon.colcon_core.shell:Creating package script '/home/luke/ros2_ws/src/LKMCANNODE/install/lkmcannode/share/lkmcannode/package.zsh'
[28.617s] Level 1:colcon.colcon_core.environment:create_file_with_runtime_dependencies(/home/luke/ros2_ws/src/LKMCANNODE/install/lkmcannode/share/colcon-core/packages/lkmcannode)
[28.617s] DEBUG:colcon.colcon_parallel_executor.executor.parallel:closing loop
[28.618s] DEBUG:colcon.colcon_parallel_executor.executor.parallel:loop closed
[28.618s] DEBUG:colcon.colcon_parallel_executor.executor.parallel:run_until_complete finished with '0'
[28.618s] DEBUG:colcon.colcon_core.event_reactor:joining thread
[28.745s] INFO:colcon.colcon_core.plugin_system:Skipping extension 'colcon_notification.desktop_notification.notify_send': Could not find 'notify-send'
[28.745s] INFO:colcon.colcon_core.plugin_system:Skipping extension 'colcon_notification.desktop_notification.terminal_notifier': Not used on non-Darwin systems
[28.745s] INFO:colcon.colcon_core.plugin_system:Skipping extension 'colcon_notification.desktop_notification.win32': Not used on non-Windows systems
[28.745s] INFO:colcon.colcon_notification.desktop_notification:Sending desktop notification using 'notify2'
[28.745s] DEBUG:colcon.colcon_notification.desktop_notification.notify2:Failed to initialize notify2: org.freedesktop.DBus.Error.FileNotFound: Failed to connect to socket /run/user/1000/bus: No such file or directory
[28.745s] DEBUG:colcon.colcon_core.event_reactor:joined thread
[28.763s] INFO:colcon.colcon_core.shell:Creating prefix script '/home/luke/ros2_ws/src/LKMCANNODE/install/local_setup.ps1'
[28.765s] INFO:colcon.colcon_core.shell:Creating prefix util module '/home/luke/ros2_ws/src/LKMCANNODE/install/_local_setup_util_ps1.py'
[28.766s] INFO:colcon.colcon_core.shell:Creating prefix chain script '/home/luke/ros2_ws/src/LKMCANNODE/install/setup.ps1'
[28.786s] INFO:colcon.colcon_core.shell:Creating prefix script '/home/luke/ros2_ws/src/LKMCANNODE/install/local_setup.sh'
[28.787s] INFO:colcon.colcon_core.shell:Creating prefix util module '/home/luke/ros2_ws/src/LKMCANNODE/install/_local_setup_util_sh.py'
[28.788s] INFO:colcon.colcon_core.shell:Creating prefix chain script '/home/luke/ros2_ws/src/LKMCANNODE/install/setup.sh'
[28.806s] INFO:colcon.colcon_core.shell:Creating prefix script '/home/luke/ros2_ws/src/LKMCANNODE/install/local_setup.bash'
[28.807s] INFO:colcon.colcon_core.shell:Creating prefix chain script '/home/luke/ros2_ws/src/LKMCANNODE/install/setup.bash'
[28.825s] INFO:colcon.colcon_core.shell:Creating prefix script '/home/luke/ros2_ws/src/LKMCANNODE/install/local_setup.zsh'
[28.826s] INFO:colcon.colcon_core.shell:Creating prefix chain script '/home/luke/ros2_ws/src/LKMCANNODE/install/setup.zsh'
