[0.125s] Invoking command in '/mnt/c/temp/LKMCANNODE/build/LKMCANNODE': CMAKE_PREFIX_PATH=/opt/ros/humble /usr/bin/cmake /mnt/c/temp/LKMCANNODE -DCMAKE_INSTALL_PREFIX=/mnt/c/temp/LKMCANNODE/install/LKMCANNODE
[0.916s] -- The C compiler identification is GNU 11.4.0
[2.429s] -- The CXX compiler identification is GNU 11.4.0
[3.375s] -- Detecting C compiler ABI info
[4.289s] -- Detecting C compiler ABI info - done
[4.323s] -- Check for working C compiler: /usr/bin/cc - skipped
[4.325s] -- Detecting C compile features
[4.326s] -- Detecting C compile features - done
[4.400s] -- Detecting CXX compiler ABI info
[5.274s] -- Detecting CXX compiler ABI info - done
[5.310s] -- Check for working CXX compiler: /usr/bin/c++ - skipped
[5.311s] -- Detecting CXX compile features
[5.313s] -- Detecting CXX compile features - done
[5.392s] -- Found ament_cmake: 1.3.6 (/opt/ros/humble/share/ament_cmake/cmake)
[5.588s] -- Found Python3: /usr/bin/python3.10 (found version "3.10.12") found components: Interpreter 
[5.785s] -- Found ament_lint_auto: 0.12.9 (/opt/ros/humble/share/ament_lint_auto/cmake)
[5.905s] WARNING: Package name "LKMCANNODE" does not follow the naming conventions. It should start with a lower case letter and only contain lower case letters, digits, underscores, and dashes.
[24.562s] -- Added test 'cppcheck' to perform static code analysis on C / C++ code
[24.563s] -- Configured cppcheck include dirs: 
[24.565s] -- Configured cppcheck exclude dirs and/or files: 
[26.782s] -- Added test 'flake8' to check Python code syntax and style conventions
[31.329s] -- Added test 'lint_cmake' to check CMake code style
[33.375s] -- Added test 'pep257' to check Python code against some of the docstring style conventions in PEP 257
[50.476s] -- Added test 'uncrustify' to check C / C++ code style
[50.478s] -- Configured uncrustify additional arguments: 
[52.540s] -- Added test 'xmllint' to check XML markup files
[52.694s] -- Configuring done
[53.087s] -- Generating done
[53.176s] -- Build files have been written to: /mnt/c/temp/LKMCANNODE/build/LKMCANNODE
[53.182s] Invoked command in '/mnt/c/temp/LKMCANNODE/build/LKMCANNODE' returned '0': CMAKE_PREFIX_PATH=/opt/ros/humble /usr/bin/cmake /mnt/c/temp/LKMCANNODE -DCMAKE_INSTALL_PREFIX=/mnt/c/temp/LKMCANNODE/install/LKMCANNODE
[53.197s] Invoking command in '/mnt/c/temp/LKMCANNODE/build/LKMCANNODE': CMAKE_PREFIX_PATH=/opt/ros/humble /usr/bin/cmake --build /mnt/c/temp/LKMCANNODE/build/LKMCANNODE -- -j24 -l24
[53.375s] Invoked command in '/mnt/c/temp/LKMCANNODE/build/LKMCANNODE' returned '0': CMAKE_PREFIX_PATH=/opt/ros/humble /usr/bin/cmake --build /mnt/c/temp/LKMCANNODE/build/LKMCANNODE -- -j24 -l24
[53.447s] Invoking command in '/mnt/c/temp/LKMCANNODE/build/LKMCANNODE': CMAKE_PREFIX_PATH=/opt/ros/humble /usr/bin/cmake --install /mnt/c/temp/LKMCANNODE/build/LKMCANNODE
[53.459s] -- Install configuration: ""
[53.504s] -- Installing: /mnt/c/temp/LKMCANNODE/install/LKMCANNODE/share/ament_index/resource_index/package_run_dependencies/LKMCANNODE
[53.664s] -- Installing: /mnt/c/temp/LKMCANNODE/install/LKMCANNODE/share/ament_index/resource_index/parent_prefix_path/LKMCANNODE
[53.797s] -- Up-to-date: /mnt/c/temp/LKMCANNODE/install/LKMCANNODE/share/LKMCANNODE/environment/ament_prefix_path.sh
[53.833s] -- Installing: /mnt/c/temp/LKMCANNODE/install/LKMCANNODE/share/LKMCANNODE/environment/ament_prefix_path.dsv
[53.936s] -- Up-to-date: /mnt/c/temp/LKMCANNODE/install/LKMCANNODE/share/LKMCANNODE/environment/path.sh
[53.967s] -- Installing: /mnt/c/temp/LKMCANNODE/install/LKMCANNODE/share/LKMCANNODE/environment/path.dsv
[54.079s] -- Installing: /mnt/c/temp/LKMCANNODE/install/LKMCANNODE/share/LKMCANNODE/local_setup.bash
[54.181s] -- Installing: /mnt/c/temp/LKMCANNODE/install/LKMCANNODE/share/LKMCANNODE/local_setup.sh
[54.278s] -- Installing: /mnt/c/temp/LKMCANNODE/install/LKMCANNODE/share/LKMCANNODE/local_setup.zsh
[54.383s] -- Installing: /mnt/c/temp/LKMCANNODE/install/LKMCANNODE/share/LKMCANNODE/local_setup.dsv
[54.499s] -- Installing: /mnt/c/temp/LKMCANNODE/install/LKMCANNODE/share/LKMCANNODE/package.dsv
[54.630s] -- Installing: /mnt/c/temp/LKMCANNODE/install/LKMCANNODE/share/ament_index/resource_index/packages/LKMCANNODE
[54.771s] -- Installing: /mnt/c/temp/LKMCANNODE/install/LKMCANNODE/share/LKMCANNODE/cmake/LKMCANNODEConfig.cmake
[54.876s] -- Installing: /mnt/c/temp/LKMCANNODE/install/LKMCANNODE/share/LKMCANNODE/cmake/LKMCANNODEConfig-version.cmake
[54.991s] -- Up-to-date: /mnt/c/temp/LKMCANNODE/install/LKMCANNODE/share/LKMCANNODE/package.xml
[55.023s] Invoked command in '/mnt/c/temp/LKMCANNODE/build/LKMCANNODE' returned '0': CMAKE_PREFIX_PATH=/opt/ros/humble /usr/bin/cmake --install /mnt/c/temp/LKMCANNODE/build/LKMCANNODE
