[1.451s] DEBUG:colcon:Command line arguments: ['/usr/bin/colcon', 'build']
[1.451s] DEBUG:colcon:Parsed command line arguments: Namespace(log_base=None, log_level=None, verb_name='build', build_base='build', install_base='install', merge_install=False, symlink_install=False, test_result_base=None, continue_on_error=False, executor='parallel', parallel_workers=12, event_handlers=None, ignore_user_meta=False, metas=['./colcon.meta'], base_paths=['.'], packages_ignore=None, packages_ignore_regex=None, paths=None, packages_up_to=None, packages_up_to_regex=None, packages_above=None, packages_above_and_dependencies=None, packages_above_depth=None, packages_select_by_dep=None, packages_skip_by_dep=None, packages_skip_up_to=None, packages_select_build_failed=False, packages_skip_build_finished=False, packages_select_test_failures=False, packages_skip_test_passed=False, packages_select=None, packages_skip=None, packages_select_regex=None, packages_skip_regex=None, packages_start=None, packages_end=None, allow_overriding=[], cmake_args=None, cmake_target=None, cmake_target_skip_unavailable=False, cmake_clean_cache=False, cmake_clean_first=False, cmake_force_configure=False, ament_cmake_args=None, catkin_cmake_args=None, catkin_skip_building_tests=False, verb_parser=<colcon_defaults.argument_parser.defaults.DefaultArgumentsDecorator object at 0x7f4d2d7d6560>, verb_extension=<colcon_core.verb.build.BuildVerb object at 0x7f4d2d787d60>, main=<bound method BuildVerb.main of <colcon_core.verb.build.BuildVerb object at 0x7f4d2d787d60>>)
[1.514s] Level 1:colcon.colcon_core.package_discovery:discover_packages(colcon_meta) check parameters
[1.514s] Level 1:colcon.colcon_core.package_discovery:discover_packages(recursive) check parameters
[1.514s] Level 1:colcon.colcon_core.package_discovery:discover_packages(ignore) check parameters
[1.514s] Level 1:colcon.colcon_core.package_discovery:discover_packages(path) check parameters
[1.514s] Level 1:colcon.colcon_core.package_discovery:discover_packages(colcon_meta) discover
[1.515s] Level 1:colcon.colcon_core.package_discovery:discover_packages(recursive) discover
[1.515s] INFO:colcon.colcon_core.package_discovery:Crawling recursively for packages in '/home/luke/ros2_ws/src/LKMCANNODE'
[1.515s] Level 1:colcon.colcon_core.package_identification:_identify(.) by extensions ['ignore', 'ignore_ament_install']
[1.515s] Level 1:colcon.colcon_core.package_identification:_identify(.) by extension 'ignore'
[1.515s] Level 1:colcon.colcon_core.package_identification:_identify(.) by extension 'ignore_ament_install'
[1.515s] Level 1:colcon.colcon_core.package_identification:_identify(.) by extensions ['colcon_pkg']
[1.515s] Level 1:colcon.colcon_core.package_identification:_identify(.) by extension 'colcon_pkg'
[1.515s] Level 1:colcon.colcon_core.package_identification:_identify(.) by extensions ['colcon_meta']
[1.515s] Level 1:colcon.colcon_core.package_identification:_identify(.) by extension 'colcon_meta'
[1.515s] Level 1:colcon.colcon_core.package_identification:_identify(.) by extensions ['ros']
[1.515s] Level 1:colcon.colcon_core.package_identification:_identify(.) by extension 'ros'
[1.532s] DEBUG:colcon.colcon_core.package_identification:Package '.' with type 'ros.ament_cmake' and name 'lkmcannode'
[1.532s] Level 1:colcon.colcon_core.package_discovery:discover_packages(recursive) using defaults
[1.532s] Level 1:colcon.colcon_core.package_discovery:discover_packages(ignore) discover
[1.532s] Level 1:colcon.colcon_core.package_discovery:discover_packages(ignore) using defaults
[1.532s] Level 1:colcon.colcon_core.package_discovery:discover_packages(path) discover
[1.532s] Level 1:colcon.colcon_core.package_discovery:discover_packages(path) using defaults
[1.646s] Level 1:colcon.colcon_core.package_discovery:discover_packages(prefix_path) check parameters
[1.646s] Level 1:colcon.colcon_core.package_discovery:discover_packages(prefix_path) discover
[1.684s] DEBUG:colcon.colcon_installed_package_information.package_discovery:Found 271 installed packages in /opt/ros/humble
[1.686s] Level 1:colcon.colcon_core.package_discovery:discover_packages(prefix_path) using defaults
[1.804s] Level 5:colcon.colcon_core.verb:set package 'lkmcannode' build argument 'cmake_args' from command line to 'None'
[1.804s] Level 5:colcon.colcon_core.verb:set package 'lkmcannode' build argument 'cmake_target' from command line to 'None'
[1.804s] Level 5:colcon.colcon_core.verb:set package 'lkmcannode' build argument 'cmake_target_skip_unavailable' from command line to 'False'
[1.804s] Level 5:colcon.colcon_core.verb:set package 'lkmcannode' build argument 'cmake_clean_cache' from command line to 'False'
[1.805s] Level 5:colcon.colcon_core.verb:set package 'lkmcannode' build argument 'cmake_clean_first' from command line to 'False'
[1.805s] Level 5:colcon.colcon_core.verb:set package 'lkmcannode' build argument 'cmake_force_configure' from command line to 'False'
[1.805s] Level 5:colcon.colcon_core.verb:set package 'lkmcannode' build argument 'ament_cmake_args' from command line to 'None'
[1.805s] Level 5:colcon.colcon_core.verb:set package 'lkmcannode' build argument 'catkin_cmake_args' from command line to 'None'
[1.805s] Level 5:colcon.colcon_core.verb:set package 'lkmcannode' build argument 'catkin_skip_building_tests' from command line to 'False'
[1.805s] DEBUG:colcon.colcon_core.verb:Building package 'lkmcannode' with the following arguments: {'ament_cmake_args': None, 'build_base': '/home/luke/ros2_ws/src/LKMCANNODE/build/lkmcannode', 'catkin_cmake_args': None, 'catkin_skip_building_tests': False, 'cmake_args': None, 'cmake_clean_cache': False, 'cmake_clean_first': False, 'cmake_force_configure': False, 'cmake_target': None, 'cmake_target_skip_unavailable': False, 'install_base': '/home/luke/ros2_ws/src/LKMCANNODE/install/lkmcannode', 'merge_install': False, 'path': '/home/luke/ros2_ws/src/LKMCANNODE', 'symlink_install': False, 'test_result_base': None}
[1.823s] INFO:colcon.colcon_core.executor:Executing jobs using 'parallel' executor
[1.842s] DEBUG:colcon.colcon_parallel_executor.executor.parallel:run_until_complete
[1.842s] INFO:colcon.colcon_ros.task.ament_cmake.build:Building ROS package in '/home/luke/ros2_ws/src/LKMCANNODE' with build type 'ament_cmake'
[1.842s] INFO:colcon.colcon_cmake.task.cmake.build:Building CMake package in '/home/luke/ros2_ws/src/LKMCANNODE'
[1.863s] INFO:colcon.colcon_core.plugin_system:Skipping extension 'colcon_core.shell.bat': Not used on non-Windows systems
[1.863s] INFO:colcon.colcon_core.shell:Skip shell extension 'powershell' for command environment: Not usable outside of PowerShell
[1.864s] DEBUG:colcon.colcon_core.shell:Skip shell extension 'dsv' for command environment
[1.913s] DEBUG:colcon.colcon_core.event_handler.log_command:Invoking command in '/home/luke/ros2_ws/src/LKMCANNODE/build/lkmcannode': CMAKE_PREFIX_PATH=/opt/ros/humble /usr/bin/cmake /home/luke/ros2_ws/src/LKMCANNODE -DCMAKE_INSTALL_PREFIX=/home/luke/ros2_ws/src/LKMCANNODE/install/lkmcannode
[18.764s] DEBUG:colcon.colcon_core.event_handler.log_command:Invoked command in '/home/luke/ros2_ws/src/LKMCANNODE/build/lkmcannode' returned '1': CMAKE_PREFIX_PATH=/opt/ros/humble /usr/bin/cmake /home/luke/ros2_ws/src/LKMCANNODE -DCMAKE_INSTALL_PREFIX=/home/luke/ros2_ws/src/LKMCANNODE/install/lkmcannode
[18.778s] Level 1:colcon.colcon_core.environment:create_environment_scripts_only(lkmcannode)
[18.798s] Level 1:colcon.colcon_core.environment:checking '/home/luke/ros2_ws/src/LKMCANNODE/install/lkmcannode' for CMake module files
[18.798s] Level 1:colcon.colcon_core.environment:checking '/home/luke/ros2_ws/src/LKMCANNODE/install/lkmcannode' for CMake config files
[18.799s] Level 1:colcon.colcon_core.environment:checking '/home/luke/ros2_ws/src/LKMCANNODE/install/lkmcannode/bin'
[18.799s] Level 1:colcon.colcon_core.environment:checking '/home/luke/ros2_ws/src/LKMCANNODE/install/lkmcannode/lib/pkgconfig/lkmcannode.pc'
[18.799s] Level 1:colcon.colcon_core.environment:checking '/home/luke/ros2_ws/src/LKMCANNODE/install/lkmcannode/lib/python3.10/site-packages'
[18.799s] Level 1:colcon.colcon_core.environment:checking '/home/luke/ros2_ws/src/LKMCANNODE/install/lkmcannode/bin'
[18.818s] INFO:colcon.colcon_core.shell:Creating package script '/home/luke/ros2_ws/src/LKMCANNODE/install/lkmcannode/share/lkmcannode/package.ps1'
[18.819s] INFO:colcon.colcon_core.shell:Creating package descriptor '/home/luke/ros2_ws/src/LKMCANNODE/install/lkmcannode/share/lkmcannode/package.dsv'
[18.819s] INFO:colcon.colcon_core.shell:Creating package script '/home/luke/ros2_ws/src/LKMCANNODE/install/lkmcannode/share/lkmcannode/package.sh'
[18.820s] INFO:colcon.colcon_core.shell:Creating package script '/home/luke/ros2_ws/src/LKMCANNODE/install/lkmcannode/share/lkmcannode/package.bash'
[18.822s] INFO:colcon.colcon_core.shell:Creating package script '/home/luke/ros2_ws/src/LKMCANNODE/install/lkmcannode/share/lkmcannode/package.zsh'
[18.822s] Level 1:colcon.colcon_core.environment:create_file_with_runtime_dependencies(/home/luke/ros2_ws/src/LKMCANNODE/install/lkmcannode/share/colcon-core/packages/lkmcannode)
[18.833s] DEBUG:colcon.colcon_parallel_executor.executor.parallel:closing loop
[18.833s] DEBUG:colcon.colcon_parallel_executor.executor.parallel:loop closed
[18.833s] DEBUG:colcon.colcon_parallel_executor.executor.parallel:run_until_complete finished with '1'
[18.834s] DEBUG:colcon.colcon_core.event_reactor:joining thread
[18.961s] INFO:colcon.colcon_core.plugin_system:Skipping extension 'colcon_notification.desktop_notification.notify_send': Could not find 'notify-send'
[18.962s] INFO:colcon.colcon_core.plugin_system:Skipping extension 'colcon_notification.desktop_notification.terminal_notifier': Not used on non-Darwin systems
[18.962s] INFO:colcon.colcon_core.plugin_system:Skipping extension 'colcon_notification.desktop_notification.win32': Not used on non-Windows systems
[18.962s] INFO:colcon.colcon_notification.desktop_notification:Sending desktop notification using 'notify2'
[18.962s] DEBUG:colcon.colcon_notification.desktop_notification.notify2:Failed to initialize notify2: org.freedesktop.DBus.Error.FileNotFound: Failed to connect to socket /run/user/1000/bus: No such file or directory
[18.962s] DEBUG:colcon.colcon_core.event_reactor:joined thread
[18.981s] INFO:colcon.colcon_core.shell:Creating prefix script '/home/luke/ros2_ws/src/LKMCANNODE/install/local_setup.ps1'
[18.982s] INFO:colcon.colcon_core.shell:Creating prefix util module '/home/luke/ros2_ws/src/LKMCANNODE/install/_local_setup_util_ps1.py'
[18.984s] INFO:colcon.colcon_core.shell:Creating prefix chain script '/home/luke/ros2_ws/src/LKMCANNODE/install/setup.ps1'
[19.004s] INFO:colcon.colcon_core.shell:Creating prefix script '/home/luke/ros2_ws/src/LKMCANNODE/install/local_setup.sh'
[19.005s] INFO:colcon.colcon_core.shell:Creating prefix util module '/home/luke/ros2_ws/src/LKMCANNODE/install/_local_setup_util_sh.py'
[19.006s] INFO:colcon.colcon_core.shell:Creating prefix chain script '/home/luke/ros2_ws/src/LKMCANNODE/install/setup.sh'
[19.025s] INFO:colcon.colcon_core.shell:Creating prefix script '/home/luke/ros2_ws/src/LKMCANNODE/install/local_setup.bash'
[19.025s] INFO:colcon.colcon_core.shell:Creating prefix chain script '/home/luke/ros2_ws/src/LKMCANNODE/install/setup.bash'
[19.045s] INFO:colcon.colcon_core.shell:Creating prefix script '/home/luke/ros2_ws/src/LKMCANNODE/install/local_setup.zsh'
[19.046s] INFO:colcon.colcon_core.shell:Creating prefix chain script '/home/luke/ros2_ws/src/LKMCANNODE/install/setup.zsh'
