[0.142s] Invoking command in '/home/luke/LKMCANNODE/build/LKMCANNODE': CMAKE_PREFIX_PATH=/opt/ros/humble /usr/bin/cmake --build /home/luke/LKMCANNODE/build/LKMCANNODE -- -j4 -l4
[0.241s] [35m[1mConsolidate compiler generated dependencies of target lkmcannode[0m
[0.296s] [100%] Built target lkmcannode
[0.320s] Invoked command in '/home/luke/LKMCANNODE/build/LKMCANNODE' returned '0': CMAKE_PREFIX_PATH=/opt/ros/humble /usr/bin/cmake --build /home/luke/LKMCANNODE/build/LKMCANNODE -- -j4 -l4
[0.393s] Invoking command in '/home/luke/LKMCANNODE/build/LKMCANNODE': CMAKE_PREFIX_PATH=/opt/ros/humble /usr/bin/cmake --install /home/luke/LKMCANNODE/build/LKMCANNODE
[0.410s] -- Install configuration: ""
[0.410s] -- Up-to-date: /home/luke/LKMCANNODE/install/LKMCANNODE/lib/LKMCANNODE/lkmcannode
[0.411s] -- Up-to-date: /home/luke/LKMCANNODE/install/LKMCANNODE/share/ament_index/resource_index/package_run_dependencies/LKMCANNODE
[0.411s] -- Up-to-date: /home/luke/LKMCANNODE/install/LKMCANNODE/share/ament_index/resource_index/parent_prefix_path/LKMCANNODE
[0.412s] -- Up-to-date: /home/luke/LKMCANNODE/install/LKMCANNODE/share/LKMCANNODE/environment/ament_prefix_path.sh
[0.412s] -- Up-to-date: /home/luke/LKMCANNODE/install/LKMCANNODE/share/LKMCANNODE/environment/ament_prefix_path.dsv
[0.412s] -- Up-to-date: /home/luke/LKMCANNODE/install/LKMCANNODE/share/LKMCANNODE/environment/path.sh
[0.412s] -- Up-to-date: /home/luke/LKMCANNODE/install/LKMCANNODE/share/LKMCANNODE/environment/path.dsv
[0.413s] -- Up-to-date: /home/luke/LKMCANNODE/install/LKMCANNODE/share/LKMCANNODE/local_setup.bash
[0.413s] -- Up-to-date: /home/luke/LKMCANNODE/install/LKMCANNODE/share/LKMCANNODE/local_setup.sh
[0.413s] -- Up-to-date: /home/luke/LKMCANNODE/install/LKMCANNODE/share/LKMCANNODE/local_setup.zsh
[0.413s] -- Up-to-date: /home/luke/LKMCANNODE/install/LKMCANNODE/share/LKMCANNODE/local_setup.dsv
[0.414s] -- Installing: /home/luke/LKMCANNODE/install/LKMCANNODE/share/LKMCANNODE/package.dsv
[0.414s] -- Up-to-date: /home/luke/LKMCANNODE/install/LKMCANNODE/share/ament_index/resource_index/packages/LKMCANNODE
[0.414s] -- Up-to-date: /home/luke/LKMCANNODE/install/LKMCANNODE/share/LKMCANNODE/cmake/ament_cmake_export_dependencies-extras.cmake
[0.414s] -- Up-to-date: /home/luke/LKMCANNODE/install/LKMCANNODE/share/LKMCANNODE/cmake/LKMCANNODEConfig.cmake
[0.414s] -- Up-to-date: /home/luke/LKMCANNODE/install/LKMCANNODE/share/LKMCANNODE/cmake/LKMCANNODEConfig-version.cmake
[0.415s] -- Up-to-date: /home/luke/LKMCANNODE/install/LKMCANNODE/share/LKMCANNODE/package.xml
[0.417s] Invoked command in '/home/luke/LKMCANNODE/build/LKMCANNODE' returned '0': CMAKE_PREFIX_PATH=/opt/ros/humble /usr/bin/cmake --install /home/luke/LKMCANNODE/build/LKMCANNODE
