[1.435s] DEBUG:colcon:Command line arguments: ['/usr/bin/colcon', 'build']
[1.435s] DEBUG:colcon:Parsed command line arguments: Namespace(log_base=None, log_level=None, verb_name='build', build_base='build', install_base='install', merge_install=False, symlink_install=False, test_result_base=None, continue_on_error=False, executor='parallel', parallel_workers=12, event_handlers=None, ignore_user_meta=False, metas=['./colcon.meta'], base_paths=['.'], packages_ignore=None, packages_ignore_regex=None, paths=None, packages_up_to=None, packages_up_to_regex=None, packages_above=None, packages_above_and_dependencies=None, packages_above_depth=None, packages_select_by_dep=None, packages_skip_by_dep=None, packages_skip_up_to=None, packages_select_build_failed=False, packages_skip_build_finished=False, packages_select_test_failures=False, packages_skip_test_passed=False, packages_select=None, packages_skip=None, packages_select_regex=None, packages_skip_regex=None, packages_start=None, packages_end=None, allow_overriding=[], cmake_args=None, cmake_target=None, cmake_target_skip_unavailable=False, cmake_clean_cache=False, cmake_clean_first=False, cmake_force_configure=False, ament_cmake_args=None, catkin_cmake_args=None, catkin_skip_building_tests=False, verb_parser=<colcon_defaults.argument_parser.defaults.DefaultArgumentsDecorator object at 0x7fafeb5c23b0>, verb_extension=<colcon_core.verb.build.BuildVerb object at 0x7fafeb59d7e0>, main=<bound method BuildVerb.main of <colcon_core.verb.build.BuildVerb object at 0x7fafeb59d7e0>>)
[1.509s] Level 1:colcon.colcon_core.package_discovery:discover_packages(colcon_meta) check parameters
[1.509s] Level 1:colcon.colcon_core.package_discovery:discover_packages(recursive) check parameters
[1.509s] Level 1:colcon.colcon_core.package_discovery:discover_packages(ignore) check parameters
[1.509s] Level 1:colcon.colcon_core.package_discovery:discover_packages(path) check parameters
[1.509s] Level 1:colcon.colcon_core.package_discovery:discover_packages(colcon_meta) discover
[1.509s] Level 1:colcon.colcon_core.package_discovery:discover_packages(recursive) discover
[1.509s] INFO:colcon.colcon_core.package_discovery:Crawling recursively for packages in '/home/luke/ros2_ws/src/LKMCANNODE'
[1.509s] Level 1:colcon.colcon_core.package_identification:_identify(.) by extensions ['ignore', 'ignore_ament_install']
[1.510s] Level 1:colcon.colcon_core.package_identification:_identify(.) by extension 'ignore'
[1.510s] Level 1:colcon.colcon_core.package_identification:_identify(.) by extension 'ignore_ament_install'
[1.510s] Level 1:colcon.colcon_core.package_identification:_identify(.) by extensions ['colcon_pkg']
[1.510s] Level 1:colcon.colcon_core.package_identification:_identify(.) by extension 'colcon_pkg'
[1.510s] Level 1:colcon.colcon_core.package_identification:_identify(.) by extensions ['colcon_meta']
[1.510s] Level 1:colcon.colcon_core.package_identification:_identify(.) by extension 'colcon_meta'
[1.510s] Level 1:colcon.colcon_core.package_identification:_identify(.) by extensions ['ros']
[1.510s] Level 1:colcon.colcon_core.package_identification:_identify(.) by extension 'ros'
[1.528s] DEBUG:colcon.colcon_core.package_identification:Package '.' with type 'ros.ament_cmake' and name 'lkmcannode'
[1.528s] Level 1:colcon.colcon_core.package_discovery:discover_packages(recursive) using defaults
[1.528s] Level 1:colcon.colcon_core.package_discovery:discover_packages(ignore) discover
[1.528s] Level 1:colcon.colcon_core.package_discovery:discover_packages(ignore) using defaults
[1.528s] Level 1:colcon.colcon_core.package_discovery:discover_packages(path) discover
[1.528s] Level 1:colcon.colcon_core.package_discovery:discover_packages(path) using defaults
[1.644s] Level 1:colcon.colcon_core.package_discovery:discover_packages(prefix_path) check parameters
[1.644s] Level 1:colcon.colcon_core.package_discovery:discover_packages(prefix_path) discover
[1.682s] DEBUG:colcon.colcon_installed_package_information.package_discovery:Found 272 installed packages in /opt/ros/humble
[1.684s] Level 1:colcon.colcon_core.package_discovery:discover_packages(prefix_path) using defaults
[1.826s] Level 5:colcon.colcon_core.verb:set package 'lkmcannode' build argument 'cmake_args' from command line to 'None'
[1.826s] Level 5:colcon.colcon_core.verb:set package 'lkmcannode' build argument 'cmake_target' from command line to 'None'
[1.826s] Level 5:colcon.colcon_core.verb:set package 'lkmcannode' build argument 'cmake_target_skip_unavailable' from command line to 'False'
[1.826s] Level 5:colcon.colcon_core.verb:set package 'lkmcannode' build argument 'cmake_clean_cache' from command line to 'False'
[1.826s] Level 5:colcon.colcon_core.verb:set package 'lkmcannode' build argument 'cmake_clean_first' from command line to 'False'
[1.826s] Level 5:colcon.colcon_core.verb:set package 'lkmcannode' build argument 'cmake_force_configure' from command line to 'False'
[1.826s] Level 5:colcon.colcon_core.verb:set package 'lkmcannode' build argument 'ament_cmake_args' from command line to 'None'
[1.826s] Level 5:colcon.colcon_core.verb:set package 'lkmcannode' build argument 'catkin_cmake_args' from command line to 'None'
[1.826s] Level 5:colcon.colcon_core.verb:set package 'lkmcannode' build argument 'catkin_skip_building_tests' from command line to 'False'
[1.826s] DEBUG:colcon.colcon_core.verb:Building package 'lkmcannode' with the following arguments: {'ament_cmake_args': None, 'build_base': '/home/luke/ros2_ws/src/LKMCANNODE/build/lkmcannode', 'catkin_cmake_args': None, 'catkin_skip_building_tests': False, 'cmake_args': None, 'cmake_clean_cache': False, 'cmake_clean_first': False, 'cmake_force_configure': False, 'cmake_target': None, 'cmake_target_skip_unavailable': False, 'install_base': '/home/luke/ros2_ws/src/LKMCANNODE/install/lkmcannode', 'merge_install': False, 'path': '/home/luke/ros2_ws/src/LKMCANNODE', 'symlink_install': False, 'test_result_base': None}
[1.844s] INFO:colcon.colcon_core.executor:Executing jobs using 'parallel' executor
[1.864s] DEBUG:colcon.colcon_parallel_executor.executor.parallel:run_until_complete
[1.864s] INFO:colcon.colcon_ros.task.ament_cmake.build:Building ROS package in '/home/luke/ros2_ws/src/LKMCANNODE' with build type 'ament_cmake'
[1.864s] INFO:colcon.colcon_cmake.task.cmake.build:Building CMake package in '/home/luke/ros2_ws/src/LKMCANNODE'
[1.887s] INFO:colcon.colcon_core.plugin_system:Skipping extension 'colcon_core.shell.bat': Not used on non-Windows systems
[1.887s] INFO:colcon.colcon_core.shell:Skip shell extension 'powershell' for command environment: Not usable outside of PowerShell
[1.888s] DEBUG:colcon.colcon_core.shell:Skip shell extension 'dsv' for command environment
[1.937s] DEBUG:colcon.colcon_core.event_handler.log_command:Invoking command in '/home/luke/ros2_ws/src/LKMCANNODE/build/lkmcannode': CMAKE_PREFIX_PATH=/opt/ros/humble WSLENV=ELECTRON_RUN_AS_NODE/w: /usr/bin/cmake --build /home/luke/ros2_ws/src/LKMCANNODE/build/lkmcannode -- -j12 -l12
[14.606s] DEBUG:colcon.colcon_core.event_handler.log_command:Invoked command in '/home/luke/ros2_ws/src/LKMCANNODE/build/lkmcannode' returned '0': CMAKE_PREFIX_PATH=/opt/ros/humble WSLENV=ELECTRON_RUN_AS_NODE/w: /usr/bin/cmake --build /home/luke/ros2_ws/src/LKMCANNODE/build/lkmcannode -- -j12 -l12
[14.648s] DEBUG:colcon.colcon_core.event_handler.log_command:Invoking command in '/home/luke/ros2_ws/src/LKMCANNODE/build/lkmcannode': CMAKE_PREFIX_PATH=/opt/ros/humble WSLENV=ELECTRON_RUN_AS_NODE/w: /usr/bin/cmake --install /home/luke/ros2_ws/src/LKMCANNODE/build/lkmcannode
[14.670s] Level 1:colcon.colcon_core.environment:create_environment_scripts_only(lkmcannode)
[14.670s] DEBUG:colcon.colcon_core.event_handler.log_command:Invoked command in '/home/luke/ros2_ws/src/LKMCANNODE/build/lkmcannode' returned '0': CMAKE_PREFIX_PATH=/opt/ros/humble WSLENV=ELECTRON_RUN_AS_NODE/w: /usr/bin/cmake --install /home/luke/ros2_ws/src/LKMCANNODE/build/lkmcannode
[14.691s] Level 1:colcon.colcon_core.environment:checking '/home/luke/ros2_ws/src/LKMCANNODE/install/lkmcannode' for CMake module files
[14.692s] Level 1:colcon.colcon_core.environment:checking '/home/luke/ros2_ws/src/LKMCANNODE/install/lkmcannode' for CMake config files
[14.692s] Level 1:colcon.colcon_core.shell:create_environment_hook('lkmcannode', 'cmake_prefix_path')
[14.711s] INFO:colcon.colcon_core.shell:Creating environment hook '/home/luke/ros2_ws/src/LKMCANNODE/install/lkmcannode/share/lkmcannode/hook/cmake_prefix_path.ps1'
[14.712s] INFO:colcon.colcon_core.shell:Creating environment descriptor '/home/luke/ros2_ws/src/LKMCANNODE/install/lkmcannode/share/lkmcannode/hook/cmake_prefix_path.dsv'
[14.712s] INFO:colcon.colcon_core.shell:Creating environment hook '/home/luke/ros2_ws/src/LKMCANNODE/install/lkmcannode/share/lkmcannode/hook/cmake_prefix_path.sh'
[14.713s] Level 1:colcon.colcon_core.environment:checking '/home/luke/ros2_ws/src/LKMCANNODE/install/lkmcannode/lib'
[14.714s] Level 1:colcon.colcon_core.environment:checking '/home/luke/ros2_ws/src/LKMCANNODE/install/lkmcannode/bin'
[14.714s] Level 1:colcon.colcon_core.environment:checking '/home/luke/ros2_ws/src/LKMCANNODE/install/lkmcannode/lib/pkgconfig/lkmcannode.pc'
[14.714s] Level 1:colcon.colcon_core.environment:checking '/home/luke/ros2_ws/src/LKMCANNODE/install/lkmcannode/lib/python3.10/site-packages'
[14.714s] Level 1:colcon.colcon_core.environment:checking '/home/luke/ros2_ws/src/LKMCANNODE/install/lkmcannode/bin'
[14.735s] INFO:colcon.colcon_core.shell:Creating package script '/home/luke/ros2_ws/src/LKMCANNODE/install/lkmcannode/share/lkmcannode/package.ps1'
[14.736s] INFO:colcon.colcon_core.shell:Creating package descriptor '/home/luke/ros2_ws/src/LKMCANNODE/install/lkmcannode/share/lkmcannode/package.dsv'
[14.737s] INFO:colcon.colcon_core.shell:Creating package script '/home/luke/ros2_ws/src/LKMCANNODE/install/lkmcannode/share/lkmcannode/package.sh'
[14.738s] INFO:colcon.colcon_core.shell:Creating package script '/home/luke/ros2_ws/src/LKMCANNODE/install/lkmcannode/share/lkmcannode/package.bash'
[14.740s] INFO:colcon.colcon_core.shell:Creating package script '/home/luke/ros2_ws/src/LKMCANNODE/install/lkmcannode/share/lkmcannode/package.zsh'
[14.741s] Level 1:colcon.colcon_core.environment:create_file_with_runtime_dependencies(/home/luke/ros2_ws/src/LKMCANNODE/install/lkmcannode/share/colcon-core/packages/lkmcannode)
[14.790s] Level 1:colcon.colcon_core.environment:create_environment_scripts_only(lkmcannode)
[14.808s] Level 1:colcon.colcon_core.environment:checking '/home/luke/ros2_ws/src/LKMCANNODE/install/lkmcannode' for CMake module files
[14.809s] Level 1:colcon.colcon_core.environment:checking '/home/luke/ros2_ws/src/LKMCANNODE/install/lkmcannode' for CMake config files
[14.809s] Level 1:colcon.colcon_core.shell:create_environment_hook('lkmcannode', 'cmake_prefix_path')
[14.827s] INFO:colcon.colcon_core.shell:Creating environment hook '/home/luke/ros2_ws/src/LKMCANNODE/install/lkmcannode/share/lkmcannode/hook/cmake_prefix_path.ps1'
[14.828s] INFO:colcon.colcon_core.shell:Creating environment descriptor '/home/luke/ros2_ws/src/LKMCANNODE/install/lkmcannode/share/lkmcannode/hook/cmake_prefix_path.dsv'
[14.828s] INFO:colcon.colcon_core.shell:Creating environment hook '/home/luke/ros2_ws/src/LKMCANNODE/install/lkmcannode/share/lkmcannode/hook/cmake_prefix_path.sh'
[14.829s] Level 1:colcon.colcon_core.environment:checking '/home/luke/ros2_ws/src/LKMCANNODE/install/lkmcannode/lib'
[14.829s] Level 1:colcon.colcon_core.environment:checking '/home/luke/ros2_ws/src/LKMCANNODE/install/lkmcannode/bin'
[14.829s] Level 1:colcon.colcon_core.environment:checking '/home/luke/ros2_ws/src/LKMCANNODE/install/lkmcannode/lib/pkgconfig/lkmcannode.pc'
[14.830s] Level 1:colcon.colcon_core.environment:checking '/home/luke/ros2_ws/src/LKMCANNODE/install/lkmcannode/lib/python3.10/site-packages'
[14.830s] Level 1:colcon.colcon_core.environment:checking '/home/luke/ros2_ws/src/LKMCANNODE/install/lkmcannode/bin'
[14.850s] INFO:colcon.colcon_core.shell:Creating package script '/home/luke/ros2_ws/src/LKMCANNODE/install/lkmcannode/share/lkmcannode/package.ps1'
[14.851s] INFO:colcon.colcon_core.shell:Creating package descriptor '/home/luke/ros2_ws/src/LKMCANNODE/install/lkmcannode/share/lkmcannode/package.dsv'
[14.852s] INFO:colcon.colcon_core.shell:Creating package script '/home/luke/ros2_ws/src/LKMCANNODE/install/lkmcannode/share/lkmcannode/package.sh'
[14.852s] INFO:colcon.colcon_core.shell:Creating package script '/home/luke/ros2_ws/src/LKMCANNODE/install/lkmcannode/share/lkmcannode/package.bash'
[14.853s] INFO:colcon.colcon_core.shell:Creating package script '/home/luke/ros2_ws/src/LKMCANNODE/install/lkmcannode/share/lkmcannode/package.zsh'
[14.854s] Level 1:colcon.colcon_core.environment:create_file_with_runtime_dependencies(/home/luke/ros2_ws/src/LKMCANNODE/install/lkmcannode/share/colcon-core/packages/lkmcannode)
[14.854s] DEBUG:colcon.colcon_parallel_executor.executor.parallel:closing loop
[14.856s] DEBUG:colcon.colcon_parallel_executor.executor.parallel:loop closed
[14.856s] DEBUG:colcon.colcon_parallel_executor.executor.parallel:run_until_complete finished with '0'
[14.856s] DEBUG:colcon.colcon_core.event_reactor:joining thread
[15.007s] INFO:colcon.colcon_core.plugin_system:Skipping extension 'colcon_notification.desktop_notification.notify_send': Could not find 'notify-send'
[15.008s] INFO:colcon.colcon_core.plugin_system:Skipping extension 'colcon_notification.desktop_notification.terminal_notifier': Not used on non-Darwin systems
[15.008s] INFO:colcon.colcon_core.plugin_system:Skipping extension 'colcon_notification.desktop_notification.win32': Not used on non-Windows systems
[15.008s] INFO:colcon.colcon_notification.desktop_notification:Sending desktop notification using 'notify2'
[15.008s] DEBUG:colcon.colcon_notification.desktop_notification.notify2:Failed to initialize notify2: org.freedesktop.DBus.Error.FileNotFound: Failed to connect to socket /run/user/1000/bus: No such file or directory
[15.008s] DEBUG:colcon.colcon_core.event_reactor:joined thread
[15.027s] INFO:colcon.colcon_core.shell:Creating prefix script '/home/luke/ros2_ws/src/LKMCANNODE/install/local_setup.ps1'
[15.028s] INFO:colcon.colcon_core.shell:Creating prefix util module '/home/luke/ros2_ws/src/LKMCANNODE/install/_local_setup_util_ps1.py'
[15.030s] INFO:colcon.colcon_core.shell:Creating prefix chain script '/home/luke/ros2_ws/src/LKMCANNODE/install/setup.ps1'
[15.049s] INFO:colcon.colcon_core.shell:Creating prefix script '/home/luke/ros2_ws/src/LKMCANNODE/install/local_setup.sh'
[15.050s] INFO:colcon.colcon_core.shell:Creating prefix util module '/home/luke/ros2_ws/src/LKMCANNODE/install/_local_setup_util_sh.py'
[15.050s] INFO:colcon.colcon_core.shell:Creating prefix chain script '/home/luke/ros2_ws/src/LKMCANNODE/install/setup.sh'
[15.071s] INFO:colcon.colcon_core.shell:Creating prefix script '/home/luke/ros2_ws/src/LKMCANNODE/install/local_setup.bash'
[15.072s] INFO:colcon.colcon_core.shell:Creating prefix chain script '/home/luke/ros2_ws/src/LKMCANNODE/install/setup.bash'
[15.093s] INFO:colcon.colcon_core.shell:Creating prefix script '/home/luke/ros2_ws/src/LKMCANNODE/install/local_setup.zsh'
[15.094s] INFO:colcon.colcon_core.shell:Creating prefix chain script '/home/luke/ros2_ws/src/LKMCANNODE/install/setup.zsh'
