[0.140s] Invoking command in '/home/luke/LKMCANNODE/build/LKMCANNODE': CMAKE_PREFIX_PATH=/opt/ros/humble /usr/bin/cmake /home/luke/LKMCANNODE -DCMAKE_INSTALL_PREFIX=/home/luke/LKMCANNODE/install/LKMCANNODE
[0.326s] -- The C compiler identification is GNU 11.4.0
[0.501s] -- The CXX compiler identification is GNU 11.4.0
[0.520s] -- Detecting C compiler ABI info
[0.679s] -- Detecting C compiler ABI info - done
[0.696s] -- Check for working C compiler: /usr/bin/cc - skipped
[0.701s] -- Detecting C compile features
[0.702s] -- Detecting C compile features - done
[0.709s] -- Detecting CXX compiler ABI info
[0.902s] -- Detecting CXX compiler ABI info - done
[0.921s] -- Check for working CXX compiler: /usr/bin/c++ - skipped
[0.921s] -- Detecting CXX compile features
[0.922s] -- Detecting CXX compile features - done
[0.934s] -- Found ament_cmake: 1.3.6 (/opt/ros/humble/share/ament_cmake/cmake)
[1.305s] -- Found Python3: /usr/bin/python3.10 (found version "3.10.12") found components: Interpreter 
[1.497s] -- Found rclcpp: 16.0.7 (/opt/ros/humble/share/rclcpp/cmake)
[1.594s] -- Found rosidl_generator_c: 3.1.5 (/opt/ros/humble/share/rosidl_generator_c/cmake)
[1.605s] -- Found rosidl_adapter: 3.1.5 (/opt/ros/humble/share/rosidl_adapter/cmake)
[1.627s] -- Found rosidl_generator_cpp: 3.1.5 (/opt/ros/humble/share/rosidl_generator_cpp/cmake)
[1.666s] -- Using all available rosidl_typesupport_c: rosidl_typesupport_fastrtps_c;rosidl_typesupport_introspection_c
[1.717s] -- Using all available rosidl_typesupport_cpp: rosidl_typesupport_fastrtps_cpp;rosidl_typesupport_introspection_cpp
[1.899s] -- Found rmw_implementation_cmake: 6.1.1 (/opt/ros/humble/share/rmw_implementation_cmake/cmake)
[1.905s] -- Found rmw_fastrtps_cpp: 6.2.5 (/opt/ros/humble/share/rmw_fastrtps_cpp/cmake)
[2.126s] -- Found OpenSSL: /usr/lib/x86_64-linux-gnu/libcrypto.so (found version "3.0.2")  
[2.179s] -- Found FastRTPS: /opt/ros/humble/include  
[2.282s] -- Using RMW implementation 'rmw_fastrtps_cpp' as default
[2.305s] -- Looking for pthread.h
[2.478s] -- Looking for pthread.h - found
[2.480s] -- Performing Test CMAKE_HAVE_LIBC_PTHREAD
[2.657s] -- Performing Test CMAKE_HAVE_LIBC_PTHREAD - Success
[2.661s] -- Found Threads: TRUE  
[3.150s] [31mCMake Error at CMakeLists.txt:12 (find_package):
[3.151s]   By not providing "Findcan_msgs.cmake" in CMAKE_MODULE_PATH this project has
[3.151s]   asked CMake to find a package configuration file provided by "can_msgs",
[3.151s]   but CMake did not find one.
[3.151s] 
[3.152s]   Could not find a package configuration file provided by "can_msgs" with any
[3.152s]   of the following names:
[3.152s] 
[3.152s]     can_msgsConfig.cmake
[3.152s]     can_msgs-config.cmake
[3.153s] 
[3.153s]   Add the installation prefix of "can_msgs" to CMAKE_PREFIX_PATH or set
[3.153s]   "can_msgs_DIR" to a directory containing one of the above files.  If
[3.153s]   "can_msgs" provides a separate development package or SDK, be sure it has
[3.154s]   been installed.
[3.154s] 
[3.154s] [0m
[3.154s] -- Configuring incomplete, errors occurred!
[3.154s] See also "/home/luke/LKMCANNODE/build/LKMCANNODE/CMakeFiles/CMakeOutput.log".
[3.172s] Invoked command in '/home/luke/LKMCANNODE/build/LKMCANNODE' returned '1': CMAKE_PREFIX_PATH=/opt/ros/humble /usr/bin/cmake /home/luke/LKMCANNODE -DCMAKE_INSTALL_PREFIX=/home/luke/LKMCANNODE/install/LKMCANNODE
