[2.590s] DEBUG:colcon:Command line arguments: ['/usr/bin/colcon', 'build']
[2.590s] DEBUG:colcon:Parsed command line arguments: Namespace(log_base=None, log_level=None, verb_name='build', build_base='build', install_base='install', merge_install=False, symlink_install=False, test_result_base=None, continue_on_error=False, executor='parallel', parallel_workers=4, event_handlers=None, ignore_user_meta=False, metas=['./colcon.meta'], base_paths=['.'], packages_ignore=None, packages_ignore_regex=None, paths=None, packages_up_to=None, packages_up_to_regex=None, packages_above=None, packages_above_and_dependencies=None, packages_above_depth=None, packages_select_by_dep=None, packages_skip_by_dep=None, packages_skip_up_to=None, packages_select_build_failed=False, packages_skip_build_finished=False, packages_select_test_failures=False, packages_skip_test_passed=False, packages_select=None, packages_skip=None, packages_select_regex=None, packages_skip_regex=None, packages_start=None, packages_end=None, allow_overriding=[], cmake_args=None, cmake_target=None, cmake_target_skip_unavailable=False, cmake_clean_cache=False, cmake_clean_first=False, cmake_force_configure=False, ament_cmake_args=None, catkin_cmake_args=None, catkin_skip_building_tests=False, verb_parser=<colcon_defaults.argument_parser.defaults.DefaultArgumentsDecorator object at 0x7feea9dd3280>, verb_extension=<colcon_core.verb.build.BuildVerb object at 0x7feea9d31420>, main=<bound method BuildVerb.main of <colcon_core.verb.build.BuildVerb object at 0x7feea9d31420>>)
[2.706s] Level 1:colcon.colcon_core.package_discovery:discover_packages(colcon_meta) check parameters
[2.707s] Level 1:colcon.colcon_core.package_discovery:discover_packages(recursive) check parameters
[2.707s] Level 1:colcon.colcon_core.package_discovery:discover_packages(ignore) check parameters
[2.707s] Level 1:colcon.colcon_core.package_discovery:discover_packages(path) check parameters
[2.707s] Level 1:colcon.colcon_core.package_discovery:discover_packages(colcon_meta) discover
[2.707s] Level 1:colcon.colcon_core.package_discovery:discover_packages(recursive) discover
[2.707s] INFO:colcon.colcon_core.package_discovery:Crawling recursively for packages in '/home/luke/lkmcannode'
[2.707s] Level 1:colcon.colcon_core.package_identification:_identify(.) by extensions ['ignore', 'ignore_ament_install']
[2.708s] Level 1:colcon.colcon_core.package_identification:_identify(.) by extension 'ignore'
[2.708s] Level 1:colcon.colcon_core.package_identification:_identify(.) by extension 'ignore_ament_install'
[2.708s] Level 1:colcon.colcon_core.package_identification:_identify(.) by extensions ['colcon_pkg']
[2.708s] Level 1:colcon.colcon_core.package_identification:_identify(.) by extension 'colcon_pkg'
[2.708s] Level 1:colcon.colcon_core.package_identification:_identify(.) by extensions ['colcon_meta']
[2.708s] Level 1:colcon.colcon_core.package_identification:_identify(.) by extension 'colcon_meta'
[2.708s] Level 1:colcon.colcon_core.package_identification:_identify(.) by extensions ['ros']
[2.708s] Level 1:colcon.colcon_core.package_identification:_identify(.) by extension 'ros'
[2.744s] DEBUG:colcon.colcon_core.package_identification:Package '.' with type 'ros.ament_cmake' and name 'lkmcannode'
[2.744s] Level 1:colcon.colcon_core.package_discovery:discover_packages(recursive) using defaults
[2.744s] Level 1:colcon.colcon_core.package_discovery:discover_packages(ignore) discover
[2.744s] Level 1:colcon.colcon_core.package_discovery:discover_packages(ignore) using defaults
[2.744s] Level 1:colcon.colcon_core.package_discovery:discover_packages(path) discover
[2.744s] Level 1:colcon.colcon_core.package_discovery:discover_packages(path) using defaults
[2.980s] Level 1:colcon.colcon_core.package_discovery:discover_packages(prefix_path) check parameters
[2.980s] Level 1:colcon.colcon_core.package_discovery:discover_packages(prefix_path) discover
[3.019s] WARNING:colcon.colcon_core.prefix_path.colcon:The path '/home/luke/LKMCANNODE/install' in the environment variable COLCON_PREFIX_PATH doesn't exist
[3.019s] WARNING:colcon.colcon_ros.prefix_path.ament:The path '/home/luke/LKMCANNODE/install/LKMCANNODE' in the environment variable AMENT_PREFIX_PATH doesn't exist
[3.019s] WARNING:colcon.colcon_ros.prefix_path.catkin:The path '/home/luke/LKMCANNODE/install/LKMCANNODE' in the environment variable CMAKE_PREFIX_PATH doesn't exist
[3.064s] DEBUG:colcon.colcon_installed_package_information.package_discovery:Found 309 installed packages in /opt/ros/humble
[3.068s] Level 1:colcon.colcon_core.package_discovery:discover_packages(prefix_path) using defaults
[3.314s] Level 5:colcon.colcon_core.verb:set package 'lkmcannode' build argument 'cmake_args' from command line to 'None'
[3.314s] Level 5:colcon.colcon_core.verb:set package 'lkmcannode' build argument 'cmake_target' from command line to 'None'
[3.314s] Level 5:colcon.colcon_core.verb:set package 'lkmcannode' build argument 'cmake_target_skip_unavailable' from command line to 'False'
[3.314s] Level 5:colcon.colcon_core.verb:set package 'lkmcannode' build argument 'cmake_clean_cache' from command line to 'False'
[3.314s] Level 5:colcon.colcon_core.verb:set package 'lkmcannode' build argument 'cmake_clean_first' from command line to 'False'
[3.314s] Level 5:colcon.colcon_core.verb:set package 'lkmcannode' build argument 'cmake_force_configure' from command line to 'False'
[3.315s] Level 5:colcon.colcon_core.verb:set package 'lkmcannode' build argument 'ament_cmake_args' from command line to 'None'
[3.315s] Level 5:colcon.colcon_core.verb:set package 'lkmcannode' build argument 'catkin_cmake_args' from command line to 'None'
[3.315s] Level 5:colcon.colcon_core.verb:set package 'lkmcannode' build argument 'catkin_skip_building_tests' from command line to 'False'
[3.315s] DEBUG:colcon.colcon_core.verb:Building package 'lkmcannode' with the following arguments: {'ament_cmake_args': None, 'build_base': '/home/luke/lkmcannode/build/lkmcannode', 'catkin_cmake_args': None, 'catkin_skip_building_tests': False, 'cmake_args': None, 'cmake_clean_cache': False, 'cmake_clean_first': False, 'cmake_force_configure': False, 'cmake_target': None, 'cmake_target_skip_unavailable': False, 'install_base': '/home/luke/lkmcannode/install/lkmcannode', 'merge_install': False, 'path': '/home/luke/lkmcannode', 'symlink_install': False, 'test_result_base': None}
[3.355s] INFO:colcon.colcon_core.executor:Executing jobs using 'parallel' executor
[3.398s] DEBUG:colcon.colcon_parallel_executor.executor.parallel:run_until_complete
[3.398s] INFO:colcon.colcon_ros.task.ament_cmake.build:Building ROS package in '/home/luke/lkmcannode' with build type 'ament_cmake'
[3.398s] INFO:colcon.colcon_cmake.task.cmake.build:Building CMake package in '/home/luke/lkmcannode'
[3.443s] INFO:colcon.colcon_core.plugin_system:Skipping extension 'colcon_core.shell.bat': Not used on non-Windows systems
[3.444s] INFO:colcon.colcon_core.shell:Skip shell extension 'powershell' for command environment: Not usable outside of PowerShell
[3.444s] DEBUG:colcon.colcon_core.shell:Skip shell extension 'dsv' for command environment
[3.541s] DEBUG:colcon.colcon_core.event_handler.log_command:Invoking command in '/home/luke/lkmcannode/build/lkmcannode': CMAKE_PREFIX_PATH=${CMAKE_PREFIX_PATH}:/opt/ros/humble /usr/bin/cmake /home/luke/lkmcannode -DCMAKE_INSTALL_PREFIX=/home/luke/lkmcannode/install/lkmcannode
[8.949s] DEBUG:colcon.colcon_core.event_handler.log_command:Invoked command in '/home/luke/lkmcannode/build/lkmcannode' returned '0': CMAKE_PREFIX_PATH=${CMAKE_PREFIX_PATH}:/opt/ros/humble /usr/bin/cmake /home/luke/lkmcannode -DCMAKE_INSTALL_PREFIX=/home/luke/lkmcannode/install/lkmcannode
[8.953s] DEBUG:colcon.colcon_core.event_handler.log_command:Invoking command in '/home/luke/lkmcannode/build/lkmcannode': CMAKE_PREFIX_PATH=${CMAKE_PREFIX_PATH}:/opt/ros/humble /usr/bin/cmake --build /home/luke/lkmcannode/build/lkmcannode -- -j4 -l4
[9.920s] DEBUG:colcon.colcon_core.event_handler.log_command:Invoked command in '/home/luke/lkmcannode/build/lkmcannode' returned '2': CMAKE_PREFIX_PATH=${CMAKE_PREFIX_PATH}:/opt/ros/humble /usr/bin/cmake --build /home/luke/lkmcannode/build/lkmcannode -- -j4 -l4
[10.008s] Level 1:colcon.colcon_core.environment:create_environment_scripts_only(lkmcannode)
[10.053s] Level 1:colcon.colcon_core.environment:checking '/home/luke/lkmcannode/install/lkmcannode' for CMake module files
[10.054s] Level 1:colcon.colcon_core.environment:checking '/home/luke/lkmcannode/install/lkmcannode' for CMake config files
[10.054s] Level 1:colcon.colcon_core.environment:checking '/home/luke/lkmcannode/install/lkmcannode/bin'
[10.054s] Level 1:colcon.colcon_core.environment:checking '/home/luke/lkmcannode/install/lkmcannode/lib/pkgconfig/lkmcannode.pc'
[10.055s] Level 1:colcon.colcon_core.environment:checking '/home/luke/lkmcannode/install/lkmcannode/lib/python3.10/site-packages'
[10.055s] Level 1:colcon.colcon_core.environment:checking '/home/luke/lkmcannode/install/lkmcannode/bin'
[10.095s] INFO:colcon.colcon_core.shell:Creating package script '/home/luke/lkmcannode/install/lkmcannode/share/lkmcannode/package.ps1'
[10.097s] INFO:colcon.colcon_core.shell:Creating package descriptor '/home/luke/lkmcannode/install/lkmcannode/share/lkmcannode/package.dsv'
[10.098s] INFO:colcon.colcon_core.shell:Creating package script '/home/luke/lkmcannode/install/lkmcannode/share/lkmcannode/package.sh'
[10.099s] INFO:colcon.colcon_core.shell:Creating package script '/home/luke/lkmcannode/install/lkmcannode/share/lkmcannode/package.bash'
[10.101s] INFO:colcon.colcon_core.shell:Creating package script '/home/luke/lkmcannode/install/lkmcannode/share/lkmcannode/package.zsh'
[10.102s] Level 1:colcon.colcon_core.environment:create_file_with_runtime_dependencies(/home/luke/lkmcannode/install/lkmcannode/share/colcon-core/packages/lkmcannode)
[10.113s] DEBUG:colcon.colcon_parallel_executor.executor.parallel:closing loop
[10.114s] DEBUG:colcon.colcon_parallel_executor.executor.parallel:loop closed
[10.114s] DEBUG:colcon.colcon_parallel_executor.executor.parallel:run_until_complete finished with '2'
[10.114s] DEBUG:colcon.colcon_core.event_reactor:joining thread
[10.164s] INFO:colcon.colcon_core.plugin_system:Skipping extension 'colcon_notification.desktop_notification.terminal_notifier': Not used on non-Darwin systems
[10.164s] INFO:colcon.colcon_core.plugin_system:Skipping extension 'colcon_notification.desktop_notification.win32': Not used on non-Windows systems
[10.164s] INFO:colcon.colcon_notification.desktop_notification:Sending desktop notification using 'notify2'
[10.187s] DEBUG:colcon.colcon_core.event_reactor:joined thread
[10.229s] INFO:colcon.colcon_core.shell:Creating prefix script '/home/luke/lkmcannode/install/local_setup.ps1'
[10.231s] INFO:colcon.colcon_core.shell:Creating prefix util module '/home/luke/lkmcannode/install/_local_setup_util_ps1.py'
[10.234s] INFO:colcon.colcon_core.shell:Creating prefix chain script '/home/luke/lkmcannode/install/setup.ps1'
[10.274s] INFO:colcon.colcon_core.shell:Creating prefix script '/home/luke/lkmcannode/install/local_setup.sh'
[10.276s] INFO:colcon.colcon_core.shell:Creating prefix util module '/home/luke/lkmcannode/install/_local_setup_util_sh.py'
[10.277s] INFO:colcon.colcon_core.shell:Creating prefix chain script '/home/luke/lkmcannode/install/setup.sh'
[10.349s] INFO:colcon.colcon_core.shell:Creating prefix script '/home/luke/lkmcannode/install/local_setup.bash'
[10.350s] INFO:colcon.colcon_core.shell:Creating prefix chain script '/home/luke/lkmcannode/install/setup.bash'
[10.391s] INFO:colcon.colcon_core.shell:Creating prefix script '/home/luke/lkmcannode/install/local_setup.zsh'
[10.392s] INFO:colcon.colcon_core.shell:Creating prefix chain script '/home/luke/lkmcannode/install/setup.zsh'
