[ 50%] [32mBuilding CXX object CMakeFiles/lkmcannode.dir/src/lkmcannode.cpp.o[0m
[100%] [32m[1mLinking CXX executable lkmcannode[0m
[100%] Built target lkmcannode
-- Install configuration: ""
-- Installing: /home/luke/LKMCANNODE/install/LKMCANNODE/lib/LKMCANNODE/lkmcannode
-- Set runtime path of "/home/luke/LKMCANNODE/install/LKMCANNODE/lib/LKMCANNODE/lkmcannode" to ""
-- Up-to-date: /home/luke/LKMCANNODE/install/LKMCANNODE/share/ament_index/resource_index/package_run_dependencies/LKMCANNODE
-- Up-to-date: /home/luke/LKMCANNODE/install/LKMCANNODE/share/ament_index/resource_index/parent_prefix_path/LKMCANNODE
-- Up-to-date: /home/luke/LKMCANNODE/install/LKMCANNODE/share/LKMCANNODE/environment/ament_prefix_path.sh
-- Up-to-date: /home/luke/LKMCANNODE/install/LKMCANNODE/share/LKMCANNODE/environment/ament_prefix_path.dsv
-- Up-to-date: /home/luke/LKMCANNODE/install/LKMCANNODE/share/LKMCANNODE/environment/path.sh
-- Up-to-date: /home/luke/LKMCANNODE/install/LKMCANNODE/share/LKMCANNODE/environment/path.dsv
-- Up-to-date: /home/luke/LKMCANNODE/install/LKMCANNODE/share/LKMCANNODE/local_setup.bash
-- Up-to-date: /home/luke/LKMCANNODE/install/LKMCANNODE/share/LKMCANNODE/local_setup.sh
-- Up-to-date: /home/luke/LKMCANNODE/install/LKMCANNODE/share/LKMCANNODE/local_setup.zsh
-- Up-to-date: /home/luke/LKMCANNODE/install/LKMCANNODE/share/LKMCANNODE/local_setup.dsv
-- Installing: /home/luke/LKMCANNODE/install/LKMCANNODE/share/LKMCANNODE/package.dsv
-- Up-to-date: /home/luke/LKMCANNODE/install/LKMCANNODE/share/ament_index/resource_index/packages/LKMCANNODE
-- Up-to-date: /home/luke/LKMCANNODE/install/LKMCANNODE/share/LKMCANNODE/cmake/ament_cmake_export_dependencies-extras.cmake
-- Up-to-date: /home/luke/LKMCANNODE/install/LKMCANNODE/share/LKMCANNODE/cmake/LKMCANNODEConfig.cmake
-- Up-to-date: /home/luke/LKMCANNODE/install/LKMCANNODE/share/LKMCANNODE/cmake/LKMCANNODEConfig-version.cmake
-- Up-to-date: /home/luke/LKMCANNODE/install/LKMCANNODE/share/LKMCANNODE/package.xml
