[0.111s] Invoking command in '/mnt/c/temp/LKMCANNODE/build/LKMCANNODE': CMAKE_PREFIX_PATH=/opt/ros/humble /usr/bin/cmake --build /mnt/c/temp/LKMCANNODE/build/LKMCANNODE -- -j24 -l24
[0.225s] Invoked command in '/mnt/c/temp/LKMCANNODE/build/LKMCANNODE' returned '0': CMAKE_PREFIX_PATH=/opt/ros/humble /usr/bin/cmake --build /mnt/c/temp/LKMCANNODE/build/LKMCANNODE -- -j24 -l24
[0.286s] Invoking command in '/mnt/c/temp/LKMCANNODE/build/LKMCANNODE': CMAKE_PREFIX_PATH=/opt/ros/humble /usr/bin/cmake --install /mnt/c/temp/LKMCANNODE/build/LKMCANNODE
[0.297s] -- Install configuration: ""
[0.336s] -- Up-to-date: /mnt/c/temp/LKMCANNODE/install/LKMCANNODE/share/ament_index/resource_index/package_run_dependencies/LKMCANNODE
[0.382s] -- Up-to-date: /mnt/c/temp/LKMCANNODE/install/LKMCANNODE/share/ament_index/resource_index/parent_prefix_path/LKMCANNODE
[0.405s] -- Up-to-date: /mnt/c/temp/LKMCANNODE/install/LKMCANNODE/share/LKMCANNODE/environment/ament_prefix_path.sh
[0.437s] -- Up-to-date: /mnt/c/temp/LKMCANNODE/install/LKMCANNODE/share/LKMCANNODE/environment/ament_prefix_path.dsv
[0.460s] -- Up-to-date: /mnt/c/temp/LKMCANNODE/install/LKMCANNODE/share/LKMCANNODE/environment/path.sh
[0.489s] -- Up-to-date: /mnt/c/temp/LKMCANNODE/install/LKMCANNODE/share/LKMCANNODE/environment/path.dsv
[0.515s] -- Up-to-date: /mnt/c/temp/LKMCANNODE/install/LKMCANNODE/share/LKMCANNODE/local_setup.bash
[0.541s] -- Up-to-date: /mnt/c/temp/LKMCANNODE/install/LKMCANNODE/share/LKMCANNODE/local_setup.sh
[0.568s] -- Up-to-date: /mnt/c/temp/LKMCANNODE/install/LKMCANNODE/share/LKMCANNODE/local_setup.zsh
[0.593s] -- Up-to-date: /mnt/c/temp/LKMCANNODE/install/LKMCANNODE/share/LKMCANNODE/local_setup.dsv
[0.619s] -- Installing: /mnt/c/temp/LKMCANNODE/install/LKMCANNODE/share/LKMCANNODE/package.dsv
[0.721s] -- Up-to-date: /mnt/c/temp/LKMCANNODE/install/LKMCANNODE/share/ament_index/resource_index/packages/LKMCANNODE
[0.754s] -- Up-to-date: /mnt/c/temp/LKMCANNODE/install/LKMCANNODE/share/LKMCANNODE/cmake/LKMCANNODEConfig.cmake
[0.778s] -- Up-to-date: /mnt/c/temp/LKMCANNODE/install/LKMCANNODE/share/LKMCANNODE/cmake/LKMCANNODEConfig-version.cmake
[0.802s] -- Up-to-date: /mnt/c/temp/LKMCANNODE/install/LKMCANNODE/share/LKMCANNODE/package.xml
[0.818s] Invoked command in '/mnt/c/temp/LKMCANNODE/build/LKMCANNODE' returned '0': CMAKE_PREFIX_PATH=/opt/ros/humble /usr/bin/cmake --install /mnt/c/temp/LKMCANNODE/build/LKMCANNODE
