[2.601s] DEBUG:colcon:Command line arguments: ['/usr/bin/colcon', 'build']
[2.601s] DEBUG:colcon:Parsed command line arguments: Namespace(log_base=None, log_level=None, verb_name='build', build_base='build', install_base='install', merge_install=False, symlink_install=False, test_result_base=None, continue_on_error=False, executor='parallel', parallel_workers=4, event_handlers=None, ignore_user_meta=False, metas=['./colcon.meta'], base_paths=['.'], packages_ignore=None, packages_ignore_regex=None, paths=None, packages_up_to=None, packages_up_to_regex=None, packages_above=None, packages_above_and_dependencies=None, packages_above_depth=None, packages_select_by_dep=None, packages_skip_by_dep=None, packages_skip_up_to=None, packages_select_build_failed=False, packages_skip_build_finished=False, packages_select_test_failures=False, packages_skip_test_passed=False, packages_select=None, packages_skip=None, packages_select_regex=None, packages_skip_regex=None, packages_start=None, packages_end=None, allow_overriding=[], cmake_args=None, cmake_target=None, cmake_target_skip_unavailable=False, cmake_clean_cache=False, cmake_clean_first=False, cmake_force_configure=False, ament_cmake_args=None, catkin_cmake_args=None, catkin_skip_building_tests=False, verb_parser=<colcon_defaults.argument_parser.defaults.DefaultArgumentsDecorator object at 0x7fa7a6da7310>, verb_extension=<colcon_core.verb.build.BuildVerb object at 0x7fa7a6d0f7f0>, main=<bound method BuildVerb.main of <colcon_core.verb.build.BuildVerb object at 0x7fa7a6d0f7f0>>)
[2.715s] Level 1:colcon.colcon_core.package_discovery:discover_packages(colcon_meta) check parameters
[2.715s] Level 1:colcon.colcon_core.package_discovery:discover_packages(recursive) check parameters
[2.716s] Level 1:colcon.colcon_core.package_discovery:discover_packages(ignore) check parameters
[2.716s] Level 1:colcon.colcon_core.package_discovery:discover_packages(path) check parameters
[2.716s] Level 1:colcon.colcon_core.package_discovery:discover_packages(colcon_meta) discover
[2.716s] Level 1:colcon.colcon_core.package_discovery:discover_packages(recursive) discover
[2.716s] INFO:colcon.colcon_core.package_discovery:Crawling recursively for packages in '/home/luke/LKMCANNODE'
[2.716s] Level 1:colcon.colcon_core.package_identification:_identify(.) by extensions ['ignore', 'ignore_ament_install']
[2.716s] Level 1:colcon.colcon_core.package_identification:_identify(.) by extension 'ignore'
[2.717s] Level 1:colcon.colcon_core.package_identification:_identify(.) by extension 'ignore_ament_install'
[2.717s] Level 1:colcon.colcon_core.package_identification:_identify(.) by extensions ['colcon_pkg']
[2.717s] Level 1:colcon.colcon_core.package_identification:_identify(.) by extension 'colcon_pkg'
[2.717s] Level 1:colcon.colcon_core.package_identification:_identify(.) by extensions ['colcon_meta']
[2.717s] Level 1:colcon.colcon_core.package_identification:_identify(.) by extension 'colcon_meta'
[2.717s] Level 1:colcon.colcon_core.package_identification:_identify(.) by extensions ['ros']
[2.717s] Level 1:colcon.colcon_core.package_identification:_identify(.) by extension 'ros'
[2.751s] DEBUG:colcon.colcon_core.package_identification:Package '.' with type 'ros.ament_cmake' and name 'LKMCANNODE'
[2.751s] Level 1:colcon.colcon_core.package_discovery:discover_packages(recursive) using defaults
[2.751s] Level 1:colcon.colcon_core.package_discovery:discover_packages(ignore) discover
[2.751s] Level 1:colcon.colcon_core.package_discovery:discover_packages(ignore) using defaults
[2.751s] Level 1:colcon.colcon_core.package_discovery:discover_packages(path) discover
[2.752s] Level 1:colcon.colcon_core.package_discovery:discover_packages(path) using defaults
[2.987s] Level 1:colcon.colcon_core.package_discovery:discover_packages(prefix_path) check parameters
[2.987s] Level 1:colcon.colcon_core.package_discovery:discover_packages(prefix_path) discover
[3.070s] DEBUG:colcon.colcon_installed_package_information.package_discovery:Found 309 installed packages in /opt/ros/humble
[3.074s] Level 1:colcon.colcon_core.package_discovery:discover_packages(prefix_path) using defaults
[3.316s] Level 5:colcon.colcon_core.verb:set package 'LKMCANNODE' build argument 'cmake_args' from command line to 'None'
[3.316s] Level 5:colcon.colcon_core.verb:set package 'LKMCANNODE' build argument 'cmake_target' from command line to 'None'
[3.316s] Level 5:colcon.colcon_core.verb:set package 'LKMCANNODE' build argument 'cmake_target_skip_unavailable' from command line to 'False'
[3.316s] Level 5:colcon.colcon_core.verb:set package 'LKMCANNODE' build argument 'cmake_clean_cache' from command line to 'False'
[3.316s] Level 5:colcon.colcon_core.verb:set package 'LKMCANNODE' build argument 'cmake_clean_first' from command line to 'False'
[3.316s] Level 5:colcon.colcon_core.verb:set package 'LKMCANNODE' build argument 'cmake_force_configure' from command line to 'False'
[3.316s] Level 5:colcon.colcon_core.verb:set package 'LKMCANNODE' build argument 'ament_cmake_args' from command line to 'None'
[3.316s] Level 5:colcon.colcon_core.verb:set package 'LKMCANNODE' build argument 'catkin_cmake_args' from command line to 'None'
[3.316s] Level 5:colcon.colcon_core.verb:set package 'LKMCANNODE' build argument 'catkin_skip_building_tests' from command line to 'False'
[3.317s] DEBUG:colcon.colcon_core.verb:Building package 'LKMCANNODE' with the following arguments: {'ament_cmake_args': None, 'build_base': '/home/luke/LKMCANNODE/build/LKMCANNODE', 'catkin_cmake_args': None, 'catkin_skip_building_tests': False, 'cmake_args': None, 'cmake_clean_cache': False, 'cmake_clean_first': False, 'cmake_force_configure': False, 'cmake_target': None, 'cmake_target_skip_unavailable': False, 'install_base': '/home/luke/LKMCANNODE/install/LKMCANNODE', 'merge_install': False, 'path': '/home/luke/LKMCANNODE', 'symlink_install': False, 'test_result_base': None}
[3.355s] INFO:colcon.colcon_core.executor:Executing jobs using 'parallel' executor
[3.395s] DEBUG:colcon.colcon_parallel_executor.executor.parallel:run_until_complete
[3.396s] INFO:colcon.colcon_ros.task.ament_cmake.build:Building ROS package in '/home/luke/LKMCANNODE' with build type 'ament_cmake'
[3.396s] INFO:colcon.colcon_cmake.task.cmake.build:Building CMake package in '/home/luke/LKMCANNODE'
[3.439s] INFO:colcon.colcon_core.plugin_system:Skipping extension 'colcon_core.shell.bat': Not used on non-Windows systems
[3.440s] INFO:colcon.colcon_core.shell:Skip shell extension 'powershell' for command environment: Not usable outside of PowerShell
[3.440s] DEBUG:colcon.colcon_core.shell:Skip shell extension 'dsv' for command environment
[3.537s] DEBUG:colcon.colcon_core.event_handler.log_command:Invoking command in '/home/luke/LKMCANNODE/build/LKMCANNODE': CMAKE_PREFIX_PATH=/opt/ros/humble /usr/bin/cmake --build /home/luke/LKMCANNODE/build/LKMCANNODE -- -j4 -l4
[15.900s] DEBUG:colcon.colcon_core.event_handler.log_command:Invoked command in '/home/luke/LKMCANNODE/build/LKMCANNODE' returned '2': CMAKE_PREFIX_PATH=/opt/ros/humble /usr/bin/cmake --build /home/luke/LKMCANNODE/build/LKMCANNODE -- -j4 -l4
[15.989s] Level 1:colcon.colcon_core.environment:create_environment_scripts_only(LKMCANNODE)
[16.033s] Level 1:colcon.colcon_core.environment:checking '/home/luke/LKMCANNODE/install/LKMCANNODE' for CMake module files
[16.035s] Level 1:colcon.colcon_core.environment:checking '/home/luke/LKMCANNODE/install/LKMCANNODE' for CMake config files
[16.035s] Level 1:colcon.colcon_core.shell:create_environment_hook('LKMCANNODE', 'cmake_prefix_path')
[16.074s] INFO:colcon.colcon_core.shell:Creating environment hook '/home/luke/LKMCANNODE/install/LKMCANNODE/share/LKMCANNODE/hook/cmake_prefix_path.ps1'
[16.076s] INFO:colcon.colcon_core.shell:Creating environment descriptor '/home/luke/LKMCANNODE/install/LKMCANNODE/share/LKMCANNODE/hook/cmake_prefix_path.dsv'
[16.077s] INFO:colcon.colcon_core.shell:Creating environment hook '/home/luke/LKMCANNODE/install/LKMCANNODE/share/LKMCANNODE/hook/cmake_prefix_path.sh'
[16.078s] Level 1:colcon.colcon_core.environment:checking '/home/luke/LKMCANNODE/install/LKMCANNODE/lib'
[16.079s] Level 1:colcon.colcon_core.environment:checking '/home/luke/LKMCANNODE/install/LKMCANNODE/bin'
[16.079s] Level 1:colcon.colcon_core.environment:checking '/home/luke/LKMCANNODE/install/LKMCANNODE/lib/pkgconfig/LKMCANNODE.pc'
[16.079s] Level 1:colcon.colcon_core.environment:checking '/home/luke/LKMCANNODE/install/LKMCANNODE/lib/python3.10/site-packages'
[16.080s] Level 1:colcon.colcon_core.environment:checking '/home/luke/LKMCANNODE/install/LKMCANNODE/bin'
[16.119s] INFO:colcon.colcon_core.shell:Creating package script '/home/luke/LKMCANNODE/install/LKMCANNODE/share/LKMCANNODE/package.ps1'
[16.120s] INFO:colcon.colcon_core.shell:Creating package descriptor '/home/luke/LKMCANNODE/install/LKMCANNODE/share/LKMCANNODE/package.dsv'
[16.122s] INFO:colcon.colcon_core.shell:Creating package script '/home/luke/LKMCANNODE/install/LKMCANNODE/share/LKMCANNODE/package.sh'
[16.123s] INFO:colcon.colcon_core.shell:Creating package script '/home/luke/LKMCANNODE/install/LKMCANNODE/share/LKMCANNODE/package.bash'
[16.125s] INFO:colcon.colcon_core.shell:Creating package script '/home/luke/LKMCANNODE/install/LKMCANNODE/share/LKMCANNODE/package.zsh'
[16.126s] Level 1:colcon.colcon_core.environment:create_file_with_runtime_dependencies(/home/luke/LKMCANNODE/install/LKMCANNODE/share/colcon-core/packages/LKMCANNODE)
[16.137s] DEBUG:colcon.colcon_parallel_executor.executor.parallel:closing loop
[16.138s] DEBUG:colcon.colcon_parallel_executor.executor.parallel:loop closed
[16.138s] DEBUG:colcon.colcon_parallel_executor.executor.parallel:run_until_complete finished with '2'
[16.138s] DEBUG:colcon.colcon_core.event_reactor:joining thread
[16.187s] INFO:colcon.colcon_core.plugin_system:Skipping extension 'colcon_notification.desktop_notification.terminal_notifier': Not used on non-Darwin systems
[16.188s] INFO:colcon.colcon_core.plugin_system:Skipping extension 'colcon_notification.desktop_notification.win32': Not used on non-Windows systems
[16.188s] INFO:colcon.colcon_notification.desktop_notification:Sending desktop notification using 'notify2'
[16.207s] DEBUG:colcon.colcon_core.event_reactor:joined thread
[16.247s] INFO:colcon.colcon_core.shell:Creating prefix script '/home/luke/LKMCANNODE/install/local_setup.ps1'
[16.249s] INFO:colcon.colcon_core.shell:Creating prefix util module '/home/luke/LKMCANNODE/install/_local_setup_util_ps1.py'
[16.251s] INFO:colcon.colcon_core.shell:Creating prefix chain script '/home/luke/LKMCANNODE/install/setup.ps1'
[16.322s] INFO:colcon.colcon_core.shell:Creating prefix script '/home/luke/LKMCANNODE/install/local_setup.sh'
[16.324s] INFO:colcon.colcon_core.shell:Creating prefix util module '/home/luke/LKMCANNODE/install/_local_setup_util_sh.py'
[16.325s] INFO:colcon.colcon_core.shell:Creating prefix chain script '/home/luke/LKMCANNODE/install/setup.sh'
[16.364s] INFO:colcon.colcon_core.shell:Creating prefix script '/home/luke/LKMCANNODE/install/local_setup.bash'
[16.365s] INFO:colcon.colcon_core.shell:Creating prefix chain script '/home/luke/LKMCANNODE/install/setup.bash'
[16.406s] INFO:colcon.colcon_core.shell:Creating prefix script '/home/luke/LKMCANNODE/install/local_setup.zsh'
[16.407s] INFO:colcon.colcon_core.shell:Creating prefix chain script '/home/luke/LKMCANNODE/install/setup.zsh'
