[0.072s] Invoking command in '/home/luke/ros2_ws/src/LKMCANNODE/build/lkmcannode': CMAKE_PREFIX_PATH=/opt/ros/humble /usr/bin/cmake /home/luke/ros2_ws/src/LKMCANNODE -DCMAKE_INSTALL_PREFIX=/home/luke/ros2_ws/src/LKMCANNODE/install/lkmcannode
[0.098s] -- Found ament_cmake: 1.3.7 (/opt/ros/humble/share/ament_cmake/cmake)
[0.296s] -- Found rclcpp: 16.0.8 (/opt/ros/humble/share/rclcpp/cmake)
[0.636s] -- Found rosidl_generator_c: 3.1.5 (/opt/ros/humble/share/rosidl_generator_c/cmake)
[0.640s] -- Found rosidl_adapter: 3.1.5 (/opt/ros/humble/share/rosidl_adapter/cmake)
[0.651s] -- Found rosidl_generator_cpp: 3.1.5 (/opt/ros/humble/share/rosidl_generator_cpp/cmake)
[0.669s] -- Using all available rosidl_typesupport_c: rosidl_typesupport_fastrtps_c;rosidl_typesupport_introspection_c
[0.697s] -- Using all available rosidl_typesupport_cpp: rosidl_typesupport_fastrtps_cpp;rosidl_typesupport_introspection_cpp
[0.807s] -- Found rmw_implementation_cmake: 6.1.1 (/opt/ros/humble/share/rmw_implementation_cmake/cmake)
[0.811s] -- Found rmw_fastrtps_cpp: 6.2.6 (/opt/ros/humble/share/rmw_fastrtps_cpp/cmake)
[12.646s] -- Using RMW implementation 'rmw_fastrtps_cpp' as default
[15.529s] [31mCMake Error at CMakeLists.txt:12 (find_package):
[15.529s]   By not providing "Findcan_msgs.cmake" in CMAKE_MODULE_PATH this project has
[15.529s]   asked CMake to find a package configuration file provided by "can_msgs",
[15.529s]   but CMake did not find one.
[15.529s] 
[15.529s]   Could not find a package configuration file provided by "can_msgs" with any
[15.529s]   of the following names:
[15.529s] 
[15.529s]     can_msgsConfig.cmake
[15.530s]     can_msgs-config.cmake
[15.530s] 
[15.530s]   Add the installation prefix of "can_msgs" to CMAKE_PREFIX_PATH or set
[15.530s]   "can_msgs_DIR" to a directory containing one of the above files.  If
[15.530s]   "can_msgs" provides a separate development package or SDK, be sure it has
[15.530s]   been installed.
[15.530s] 
[15.530s] [0m
[15.530s] -- Configuring incomplete, errors occurred!
[15.530s] See also "/home/luke/ros2_ws/src/LKMCANNODE/build/lkmcannode/CMakeFiles/CMakeOutput.log".
[15.540s] Invoked command in '/home/luke/ros2_ws/src/LKMCANNODE/build/lkmcannode' returned '1': CMAKE_PREFIX_PATH=/opt/ros/humble /usr/bin/cmake /home/luke/ros2_ws/src/LKMCANNODE -DCMAKE_INSTALL_PREFIX=/home/luke/ros2_ws/src/LKMCANNODE/install/lkmcannode
