[0.069s] Invoking command in '/home/luke/ros2_ws/src/LKMCANNODE/build/lkmcannode': CMAKE_PREFIX_PATH=/opt/ros/humble /usr/bin/cmake /home/luke/ros2_ws/src/LKMCANNODE -DCMAKE_INSTALL_PREFIX=/home/luke/ros2_ws/src/LKMCANNODE/install/lkmcannode
[0.541s] -- The C compiler identification is GNU 11.4.0
[1.941s] -- The CXX compiler identification is GNU 11.4.0
[2.775s] -- Detecting C compiler ABI info
[3.085s] -- Detecting C compiler ABI info - done
[3.095s] -- Check for working C compiler: /usr/bin/cc - skipped
[3.096s] -- Detecting C compile features
[3.097s] -- Detecting C compile features - done
[3.101s] -- Detecting CXX compiler ABI info
[3.422s] -- Detecting CXX compiler ABI info - done
[3.432s] -- Check for working CXX compiler: /usr/bin/c++ - skipped
[3.432s] -- Detecting CXX compile features
[3.433s] -- Detecting CXX compile features - done
[3.440s] -- Found ament_cmake: 1.3.7 (/opt/ros/humble/share/ament_cmake/cmake)
[3.659s] -- Found Python3: /usr/bin/python3.10 (found version "3.10.12") found components: Interpreter 
[3.781s] -- Found rclcpp: 16.0.8 (/opt/ros/humble/share/rclcpp/cmake)
[4.138s] -- Found rosidl_generator_c: 3.1.5 (/opt/ros/humble/share/rosidl_generator_c/cmake)
[4.145s] -- Found rosidl_adapter: 3.1.5 (/opt/ros/humble/share/rosidl_adapter/cmake)
[4.157s] -- Found rosidl_generator_cpp: 3.1.5 (/opt/ros/humble/share/rosidl_generator_cpp/cmake)
[4.181s] -- Using all available rosidl_typesupport_c: rosidl_typesupport_fastrtps_c;rosidl_typesupport_introspection_c
[4.211s] -- Using all available rosidl_typesupport_cpp: rosidl_typesupport_fastrtps_cpp;rosidl_typesupport_introspection_cpp
[4.315s] -- Found rmw_implementation_cmake: 6.1.1 (/opt/ros/humble/share/rmw_implementation_cmake/cmake)
[4.318s] -- Found rmw_fastrtps_cpp: 6.2.6 (/opt/ros/humble/share/rmw_fastrtps_cpp/cmake)
[7.532s] -- Found OpenSSL: /usr/lib/x86_64-linux-gnu/libcrypto.so (found version "3.0.2")  
[11.067s] -- Found FastRTPS: /opt/ros/humble/include  
[17.252s] -- Using RMW implementation 'rmw_fastrtps_cpp' as default
[17.266s] -- Looking for pthread.h
[17.670s] -- Looking for pthread.h - found
[17.670s] -- Performing Test CMAKE_HAVE_LIBC_PTHREAD
[17.930s] -- Performing Test CMAKE_HAVE_LIBC_PTHREAD - Success
[17.932s] -- Found Threads: TRUE  
[21.448s] [31mCMake Error at CMakeLists.txt:12 (find_package):
[21.448s]   By not providing "Findcan_msgs.cmake" in CMAKE_MODULE_PATH this project has
[21.449s]   asked CMake to find a package configuration file provided by "can_msgs",
[21.449s]   but CMake did not find one.
[21.449s] 
[21.449s]   Could not find a package configuration file provided by "can_msgs" with any
[21.449s]   of the following names:
[21.450s] 
[21.450s]     can_msgsConfig.cmake
[21.450s]     can_msgs-config.cmake
[21.450s] 
[21.451s]   Add the installation prefix of "can_msgs" to CMAKE_PREFIX_PATH or set
[21.451s]   "can_msgs_DIR" to a directory containing one of the above files.  If
[21.451s]   "can_msgs" provides a separate development package or SDK, be sure it has
[21.451s]   been installed.
[21.451s] 
[21.452s] [0m
[21.452s] -- Configuring incomplete, errors occurred!
[21.452s] See also "/home/luke/ros2_ws/src/LKMCANNODE/build/lkmcannode/CMakeFiles/CMakeOutput.log".
[21.476s] Invoked command in '/home/luke/ros2_ws/src/LKMCANNODE/build/lkmcannode' returned '1': CMAKE_PREFIX_PATH=/opt/ros/humble /usr/bin/cmake /home/luke/ros2_ws/src/LKMCANNODE -DCMAKE_INSTALL_PREFIX=/home/luke/ros2_ws/src/LKMCANNODE/install/lkmcannode
