[0.120s] Invoking command in '/mnt/c/temp/LKMCANNODE/build/LKMCANNODE': CMAKE_PREFIX_PATH=/opt/ros/humble /usr/bin/cmake --build /mnt/c/temp/LKMCANNODE/build/LKMCANNODE -- -j24 -l24
[3.252s] [31mCMake Error at CMakeLists.txt:9 (find_package):
[3.254s]   By not providing "Findcatkin.cmake" in CMAKE_MODULE_PATH this project has
[3.256s]   asked CMake to find a package configuration file provided by "catkin", but
[3.258s]   CMake did not find one.
[3.259s] 
[3.261s]   Could not find a package configuration file provided by "catkin" with any
[3.262s]   of the following names:
[3.264s] 
[3.266s]     catkinConfig.cmake
[3.268s]     catkin-config.cmake
[3.273s] 
[3.274s]   Add the installation prefix of "catkin" to CMAKE_PREFIX_PATH or set
[3.277s]   "catkin_DIR" to a directory containing one of the above files.  If "catkin"
[3.279s]   provides a separate development package or SDK, be sure it has been
[3.280s]   installed.
[3.282s] 
[3.283s] [0m
[3.285s] -- Configuring incomplete, errors occurred!
[3.293s] See also "/mnt/c/temp/LKMCANNODE/build/LKMCANNODE/CMakeFiles/CMakeOutput.log".
[3.296s] gmake: *** [Makefile:226: cmake_check_build_system] Error 1
[3.300s] Invoked command in '/mnt/c/temp/LKMCANNODE/build/LKMCANNODE' returned '2': CMAKE_PREFIX_PATH=/opt/ros/humble /usr/bin/cmake --build /mnt/c/temp/LKMCANNODE/build/LKMCANNODE -- -j24 -l24
