[1.159s] DEBUG:colcon:Command line arguments: ['/usr/bin/colcon', 'build']
[1.160s] DEBUG:colcon:Parsed command line arguments: Namespace(log_base=None, log_level=None, verb_name='build', build_base='build', install_base='install', merge_install=False, symlink_install=False, test_result_base=None, continue_on_error=False, executor='parallel', parallel_workers=24, event_handlers=None, ignore_user_meta=False, metas=['./colcon.meta'], base_paths=['.'], packages_ignore=None, packages_ignore_regex=None, paths=None, packages_up_to=None, packages_up_to_regex=None, packages_above=None, packages_above_and_dependencies=None, packages_above_depth=None, packages_select_by_dep=None, packages_skip_by_dep=None, packages_skip_up_to=None, packages_select_build_failed=False, packages_skip_build_finished=False, packages_select_test_failures=False, packages_skip_test_passed=False, packages_select=None, packages_skip=None, packages_select_regex=None, packages_skip_regex=None, packages_start=None, packages_end=None, allow_overriding=[], cmake_args=None, cmake_target=None, cmake_target_skip_unavailable=False, cmake_clean_cache=False, cmake_clean_first=False, cmake_force_configure=False, ament_cmake_args=None, catkin_cmake_args=None, catkin_skip_building_tests=False, verb_parser=<colcon_defaults.argument_parser.defaults.DefaultArgumentsDecorator object at 0x7ff20f0ae440>, verb_extension=<colcon_core.verb.build.BuildVerb object at 0x7ff20f0ac0d0>, main=<bound method BuildVerb.main of <colcon_core.verb.build.BuildVerb object at 0x7ff20f0ac0d0>>)
[1.221s] Level 1:colcon.colcon_core.package_discovery:discover_packages(colcon_meta) check parameters
[1.222s] Level 1:colcon.colcon_core.package_discovery:discover_packages(recursive) check parameters
[1.222s] Level 1:colcon.colcon_core.package_discovery:discover_packages(ignore) check parameters
[1.223s] Level 1:colcon.colcon_core.package_discovery:discover_packages(path) check parameters
[1.223s] Level 1:colcon.colcon_core.package_discovery:discover_packages(colcon_meta) discover
[1.223s] Level 1:colcon.colcon_core.package_discovery:discover_packages(recursive) discover
[1.224s] INFO:colcon.colcon_core.package_discovery:Crawling recursively for packages in '/mnt/c/temp/LKMCANNODE'
[1.227s] Level 1:colcon.colcon_core.package_identification:_identify(.) by extensions ['ignore', 'ignore_ament_install']
[1.227s] Level 1:colcon.colcon_core.package_identification:_identify(.) by extension 'ignore'
[1.228s] Level 1:colcon.colcon_core.package_identification:_identify(.) by extension 'ignore_ament_install'
[1.229s] Level 1:colcon.colcon_core.package_identification:_identify(.) by extensions ['colcon_pkg']
[1.229s] Level 1:colcon.colcon_core.package_identification:_identify(.) by extension 'colcon_pkg'
[1.230s] Level 1:colcon.colcon_core.package_identification:_identify(.) by extensions ['colcon_meta']
[1.231s] Level 1:colcon.colcon_core.package_identification:_identify(.) by extension 'colcon_meta'
[1.231s] Level 1:colcon.colcon_core.package_identification:_identify(.) by extensions ['ros']
[1.231s] Level 1:colcon.colcon_core.package_identification:_identify(.) by extension 'ros'
[1.255s] DEBUG:colcon.colcon_core.package_identification:Package '.' with type 'ros.ament_cmake' and name 'LKMCANNODE'
[1.256s] Level 1:colcon.colcon_core.package_discovery:discover_packages(recursive) using defaults
[1.256s] Level 1:colcon.colcon_core.package_discovery:discover_packages(ignore) discover
[1.257s] Level 1:colcon.colcon_core.package_discovery:discover_packages(ignore) using defaults
[1.257s] Level 1:colcon.colcon_core.package_discovery:discover_packages(path) discover
[1.258s] Level 1:colcon.colcon_core.package_discovery:discover_packages(path) using defaults
[1.337s] Level 1:colcon.colcon_core.package_discovery:discover_packages(prefix_path) check parameters
[1.338s] Level 1:colcon.colcon_core.package_discovery:discover_packages(prefix_path) discover
[1.364s] DEBUG:colcon.colcon_installed_package_information.package_discovery:Found 272 installed packages in /opt/ros/humble
[1.365s] Level 1:colcon.colcon_core.package_discovery:discover_packages(prefix_path) using defaults
[1.447s] Level 5:colcon.colcon_core.verb:set package 'LKMCANNODE' build argument 'cmake_args' from command line to 'None'
[1.448s] Level 5:colcon.colcon_core.verb:set package 'LKMCANNODE' build argument 'cmake_target' from command line to 'None'
[1.448s] Level 5:colcon.colcon_core.verb:set package 'LKMCANNODE' build argument 'cmake_target_skip_unavailable' from command line to 'False'
[1.448s] Level 5:colcon.colcon_core.verb:set package 'LKMCANNODE' build argument 'cmake_clean_cache' from command line to 'False'
[1.448s] Level 5:colcon.colcon_core.verb:set package 'LKMCANNODE' build argument 'cmake_clean_first' from command line to 'False'
[1.449s] Level 5:colcon.colcon_core.verb:set package 'LKMCANNODE' build argument 'cmake_force_configure' from command line to 'False'
[1.449s] Level 5:colcon.colcon_core.verb:set package 'LKMCANNODE' build argument 'ament_cmake_args' from command line to 'None'
[1.449s] Level 5:colcon.colcon_core.verb:set package 'LKMCANNODE' build argument 'catkin_cmake_args' from command line to 'None'
[1.450s] Level 5:colcon.colcon_core.verb:set package 'LKMCANNODE' build argument 'catkin_skip_building_tests' from command line to 'False'
[1.450s] DEBUG:colcon.colcon_core.verb:Building package 'LKMCANNODE' with the following arguments: {'ament_cmake_args': None, 'build_base': '/mnt/c/temp/LKMCANNODE/build/LKMCANNODE', 'catkin_cmake_args': None, 'catkin_skip_building_tests': False, 'cmake_args': None, 'cmake_clean_cache': False, 'cmake_clean_first': False, 'cmake_force_configure': False, 'cmake_target': None, 'cmake_target_skip_unavailable': False, 'install_base': '/mnt/c/temp/LKMCANNODE/install/LKMCANNODE', 'merge_install': False, 'path': '/mnt/c/temp/LKMCANNODE', 'symlink_install': False, 'test_result_base': None}
[1.461s] INFO:colcon.colcon_core.executor:Executing jobs using 'parallel' executor
[1.473s] DEBUG:colcon.colcon_parallel_executor.executor.parallel:run_until_complete
[1.473s] INFO:colcon.colcon_ros.task.ament_cmake.build:Building ROS package in '/mnt/c/temp/LKMCANNODE' with build type 'ament_cmake'
[1.474s] INFO:colcon.colcon_cmake.task.cmake.build:Building CMake package in '/mnt/c/temp/LKMCANNODE'
[1.493s] INFO:colcon.colcon_core.plugin_system:Skipping extension 'colcon_core.shell.bat': Not used on non-Windows systems
[1.494s] INFO:colcon.colcon_core.shell:Skip shell extension 'powershell' for command environment: Not usable outside of PowerShell
[1.494s] DEBUG:colcon.colcon_core.shell:Skip shell extension 'dsv' for command environment
[1.616s] DEBUG:colcon.colcon_core.event_handler.log_command:Invoking command in '/mnt/c/temp/LKMCANNODE/build/LKMCANNODE': CMAKE_PREFIX_PATH=/opt/ros/humble /usr/bin/cmake --build /mnt/c/temp/LKMCANNODE/build/LKMCANNODE -- -j24 -l24
[82.992s] DEBUG:colcon.colcon_core.event_handler.log_command:Invoked command in '/mnt/c/temp/LKMCANNODE/build/LKMCANNODE' returned '2': CMAKE_PREFIX_PATH=/opt/ros/humble /usr/bin/cmake --build /mnt/c/temp/LKMCANNODE/build/LKMCANNODE -- -j24 -l24
[83.055s] Level 1:colcon.colcon_core.environment:create_environment_scripts_only(LKMCANNODE)
[83.069s] Level 1:colcon.colcon_core.environment:checking '/mnt/c/temp/LKMCANNODE/install/LKMCANNODE' for CMake module files
[83.189s] Level 1:colcon.colcon_core.environment:checking '/mnt/c/temp/LKMCANNODE/install/LKMCANNODE' for CMake config files
[83.300s] Level 1:colcon.colcon_core.shell:create_environment_hook('LKMCANNODE', 'cmake_prefix_path')
[83.310s] INFO:colcon.colcon_core.shell:Creating environment hook '/mnt/c/temp/LKMCANNODE/install/LKMCANNODE/share/LKMCANNODE/hook/cmake_prefix_path.ps1'
[83.331s] INFO:colcon.colcon_core.shell:Creating environment descriptor '/mnt/c/temp/LKMCANNODE/install/LKMCANNODE/share/LKMCANNODE/hook/cmake_prefix_path.dsv'
[83.350s] INFO:colcon.colcon_core.shell:Creating environment hook '/mnt/c/temp/LKMCANNODE/install/LKMCANNODE/share/LKMCANNODE/hook/cmake_prefix_path.sh'
[83.375s] Level 1:colcon.colcon_core.environment:checking '/mnt/c/temp/LKMCANNODE/install/LKMCANNODE/bin'
[83.376s] Level 1:colcon.colcon_core.environment:checking '/mnt/c/temp/LKMCANNODE/install/LKMCANNODE/lib/pkgconfig/LKMCANNODE.pc'
[83.379s] Level 1:colcon.colcon_core.environment:checking '/mnt/c/temp/LKMCANNODE/install/LKMCANNODE/lib/python3.10/site-packages'
[83.381s] Level 1:colcon.colcon_core.environment:checking '/mnt/c/temp/LKMCANNODE/install/LKMCANNODE/bin'
[83.395s] INFO:colcon.colcon_core.shell:Creating package script '/mnt/c/temp/LKMCANNODE/install/LKMCANNODE/share/LKMCANNODE/package.ps1'
[83.593s] INFO:colcon.colcon_core.shell:Creating package descriptor '/mnt/c/temp/LKMCANNODE/install/LKMCANNODE/share/LKMCANNODE/package.dsv'
[83.610s] INFO:colcon.colcon_core.shell:Creating package script '/mnt/c/temp/LKMCANNODE/install/LKMCANNODE/share/LKMCANNODE/package.sh'
[83.627s] INFO:colcon.colcon_core.shell:Creating package script '/mnt/c/temp/LKMCANNODE/install/LKMCANNODE/share/LKMCANNODE/package.bash'
[83.643s] INFO:colcon.colcon_core.shell:Creating package script '/mnt/c/temp/LKMCANNODE/install/LKMCANNODE/share/LKMCANNODE/package.zsh'
[83.658s] Level 1:colcon.colcon_core.environment:create_file_with_runtime_dependencies(/mnt/c/temp/LKMCANNODE/install/LKMCANNODE/share/colcon-core/packages/LKMCANNODE)
[83.679s] DEBUG:colcon.colcon_parallel_executor.executor.parallel:closing loop
[83.679s] DEBUG:colcon.colcon_parallel_executor.executor.parallel:loop closed
[83.680s] DEBUG:colcon.colcon_parallel_executor.executor.parallel:run_until_complete finished with '2'
[83.680s] DEBUG:colcon.colcon_core.event_reactor:joining thread
[83.784s] INFO:colcon.colcon_core.plugin_system:Skipping extension 'colcon_notification.desktop_notification.notify_send': Could not find 'notify-send'
[83.785s] INFO:colcon.colcon_core.plugin_system:Skipping extension 'colcon_notification.desktop_notification.terminal_notifier': Not used on non-Darwin systems
[83.786s] INFO:colcon.colcon_core.plugin_system:Skipping extension 'colcon_notification.desktop_notification.win32': Not used on non-Windows systems
[83.786s] INFO:colcon.colcon_notification.desktop_notification:Sending desktop notification using 'notify2'
[83.786s] DEBUG:colcon.colcon_notification.desktop_notification.notify2:Failed to initialize notify2: org.freedesktop.DBus.Error.FileNotFound: Failed to connect to socket /run/user/1000/bus: No such file or directory
[83.787s] DEBUG:colcon.colcon_core.event_reactor:joined thread
[83.799s] INFO:colcon.colcon_core.shell:Creating prefix script '/mnt/c/temp/LKMCANNODE/install/local_setup.ps1'
[83.806s] INFO:colcon.colcon_core.shell:Creating prefix util module '/mnt/c/temp/LKMCANNODE/install/_local_setup_util_ps1.py'
[83.815s] INFO:colcon.colcon_core.shell:Creating prefix chain script '/mnt/c/temp/LKMCANNODE/install/setup.ps1'
[83.835s] INFO:colcon.colcon_core.shell:Creating prefix script '/mnt/c/temp/LKMCANNODE/install/local_setup.sh'
[83.844s] INFO:colcon.colcon_core.shell:Creating prefix util module '/mnt/c/temp/LKMCANNODE/install/_local_setup_util_sh.py'
[83.853s] INFO:colcon.colcon_core.shell:Creating prefix chain script '/mnt/c/temp/LKMCANNODE/install/setup.sh'
[83.873s] INFO:colcon.colcon_core.shell:Creating prefix script '/mnt/c/temp/LKMCANNODE/install/local_setup.bash'
[83.881s] INFO:colcon.colcon_core.shell:Creating prefix chain script '/mnt/c/temp/LKMCANNODE/install/setup.bash'
[83.899s] INFO:colcon.colcon_core.shell:Creating prefix script '/mnt/c/temp/LKMCANNODE/install/local_setup.zsh'
[83.907s] INFO:colcon.colcon_core.shell:Creating prefix chain script '/mnt/c/temp/LKMCANNODE/install/setup.zsh'
